#
# There is insufficient memory for the Java Runtime Environment to continue.
# Native memory allocation (mmap) failed to map 67108864 bytes for G1 virtual space
# Possible reasons:
#   The system is out of physical RAM or swap space
#   The process is running with CompressedOops enabled, and the Java Heap may be blocking the growth of the native heap
# Possible solutions:
#   Reduce memory load on the system
#   Increase physical memory or swap space
#   Check if swap backing store is full
#   Decrease Java heap size (-Xmx/-Xms)
#   Decrease number of Java threads
#   Decrease Java thread stack sizes (-Xss)
#   Set larger code cache with -XX:ReservedCodeCacheSize=
#   JVM is running with Unscaled Compressed Oops mode in which the Java heap is
#     placed in the first 4GB address space. The Java Heap base address is the
#     maximum limit for the native heap growth. Please use -XX:HeapBaseMinAddress
#     to set the Java Heap base and to place the Java Heap above 4GB virtual address.
# This output file may be truncated or incomplete.
#
#  Out of Memory Error (os_windows.cpp:3466), pid=7760, tid=780
#
# JRE version:  (16.0.2+7) (build )
# Java VM: Java HotSpot(TM) 64-Bit Server VM (16.0.2+7-67, mixed mode, sharing, tiered, compressed oops, compressed class ptrs, g1 gc, windows-amd64)
# No core dump will be written. Minidumps are not enabled by default on client versions of Windows
#

---------------  S U M M A R Y ------------

Command Line: -Dfile.encoding=Cp1252 -XX:+ShowCodeDetailsInExceptionMessages tdaproject.Init

Host: Intel(R) Celeron(R) CPU  J1800  @ 2.41GHz, 2 cores, 3G,  Windows 10 , 64 bit Build 19041 (10.0.19041.1202)
Time: Wed May 25 23:43:49 2022 Hora est. Pacífico, Sudamérica elapsed time: 0.179233 seconds (0d 0h 0m 0s)

---------------  T H R E A D  ---------------

Current thread (0x000001dfc32f6640):  JavaThread "Unknown thread" [_thread_in_vm, id=780, stack(0x0000002236d00000,0x0000002236e00000)]

Stack: [0x0000002236d00000,0x0000002236e00000]
Native frames: (J=compiled Java code, j=interpreted, Vv=VM code, C=native code)
V  [jvm.dll+0x6681ca]
V  [jvm.dll+0x7c9e69]
V  [jvm.dll+0x7cb61e]
V  [jvm.dll+0x7cbc73]
V  [jvm.dll+0x242c55]
V  [jvm.dll+0x664f89]
V  [jvm.dll+0x659b75]
V  [jvm.dll+0x2fbfbb]
V  [jvm.dll+0x3031b6]
V  [jvm.dll+0x35299e]
V  [jvm.dll+0x352bcf]
V  [jvm.dll+0x2d3028]
V  [jvm.dll+0x2d4264]
V  [jvm.dll+0x79c741]
V  [jvm.dll+0x360791]
V  [jvm.dll+0x77a3f0]
V  [jvm.dll+0x3e4e8f]
V  [jvm.dll+0x3e6961]
C  [jli.dll+0x52fb]
C  [ucrtbase.dll+0x21bb2]
C  [KERNEL32.DLL+0x17034]
C  [ntdll.dll+0x52651]


---------------  P R O C E S S  ---------------

Threads class SMR info:
_java_thread_list=0x00007ffe62afcbb8, length=0, elements={
}

Java Threads: ( => current thread )

Other Threads:
  0x000001dfc3326300 GCTaskThread "GC Thread#0" [stack: 0x0000002236e00000,0x0000002236f00000] [id=7864]
  0x000001dfc3330ff0 ConcurrentGCThread "G1 Main Marker" [stack: 0x0000002236f00000,0x0000002237000000] [id=8736]
  0x000001dfc33322d0 ConcurrentGCThread "G1 Conc#0" [stack: 0x0000002237000000,0x0000002237100000] [id=4408]

[error occurred during error reporting (printing all threads), id 0xc0000005, EXCEPTION_ACCESS_VIOLATION (0xc0000005) at pc=0x00007ffe622d3ee7]

VM state: not at safepoint (not fully initialized)

VM Mutex/Monitor currently owned by a thread:  ([mutex/lock_event])
[0x000001dfc32f4290] Heap_lock - owner thread: 0x000001dfc32f6640

Heap address: 0x00000000c1c00000, size: 996 MB, Compressed Oops mode: 32-bit

CDS archive(s) mapped at: [0x0000000000000000-0x0000000000000000-0x0000000000000000), size 0, SharedBaseAddress: 0x0000000800000000, ArchiveRelocationMode: 0.
Narrow klass base: 0x0000000000000000, Narrow klass shift: 0, Narrow klass range: 0x0

GC Precious Log:
<Empty>

Heap:
 garbage-first heap   total 0K, used 0K [0x00000000c1c00000, 0x0000000100000000)
  region size 1024K, 0 young (0K), 0 survivors (0K)

[error occurred during error reporting (printing heap information), id 0xc0000005, EXCEPTION_ACCESS_VIOLATION (0xc0000005) at pc=0x00007ffe626b1eed]

GC Heap History (0 events):
No events

Deoptimization events (0 events):
No events

Classes unloaded (0 events):
No events

Classes redefined (0 events):
No events

Internal exceptions (0 events):
No events

Events (1 events):
Event: 0.023 Loaded shared library C:\Program Files\Java\jdk-16.0.2\bin\java.dll


Dynamic libraries:
0x00007ff61aae0000 - 0x00007ff61aaf0000 	C:\Program Files\Java\jdk-16.0.2\bin\javaw.exe
0x00007ffe9ef70000 - 0x00007ffe9f165000 	C:\WINDOWS\SYSTEM32\ntdll.dll
0x00007ffe9cfc0000 - 0x00007ffe9d07e000 	C:\WINDOWS\System32\KERNEL32.DLL
0x00007ffe9cb90000 - 0x00007ffe9ce59000 	C:\WINDOWS\System32\KERNELBASE.dll
0x00007ffe9ca90000 - 0x00007ffe9cb90000 	C:\WINDOWS\System32\ucrtbase.dll
0x00007ffe8bce0000 - 0x00007ffe8bcf8000 	C:\Program Files\Java\jdk-16.0.2\bin\jli.dll
0x00007ffe9d1b0000 - 0x00007ffe9d25c000 	C:\WINDOWS\System32\ADVAPI32.dll
0x00007ffe9e600000 - 0x00007ffe9e69e000 	C:\WINDOWS\System32\msvcrt.dll
0x00007ffe9ea40000 - 0x00007ffe9eadb000 	C:\WINDOWS\System32\sechost.dll
0x00007ffe9e760000 - 0x00007ffe9e88a000 	C:\WINDOWS\System32\RPCRT4.dll
0x00007ffe9ec20000 - 0x00007ffe9edc1000 	C:\WINDOWS\System32\USER32.dll
0x00007ffe9c870000 - 0x00007ffe9c892000 	C:\WINDOWS\System32\win32u.dll
0x00007ffe9e730000 - 0x00007ffe9e75b000 	C:\WINDOWS\System32\GDI32.dll
0x00007ffe9c980000 - 0x00007ffe9ca8b000 	C:\WINDOWS\System32\gdi32full.dll
0x00007ffe9c7d0000 - 0x00007ffe9c86d000 	C:\WINDOWS\System32\msvcp_win.dll
0x00007ffe981a0000 - 0x00007ffe981b9000 	C:\Program Files\Java\jdk-16.0.2\bin\VCRUNTIME140.dll
0x00007ffe8ab30000 - 0x00007ffe8adca000 	C:\WINDOWS\WinSxS\amd64_microsoft.windows.common-controls_6595b64144ccf1df_6.0.19041.1110_none_60b5254171f9507e\COMCTL32.dll
0x00007ffe8f790000 - 0x00007ffe8f79a000 	C:\WINDOWS\SYSTEM32\VERSION.dll
0x00007ffe9edd0000 - 0x00007ffe9ee00000 	C:\WINDOWS\System32\IMM32.DLL
0x00007ffe8ba90000 - 0x00007ffe8ba9c000 	C:\Program Files\Java\jdk-16.0.2\bin\vcruntime140_1.dll
0x00007ffe86a40000 - 0x00007ffe86ad1000 	C:\Program Files\Java\jdk-16.0.2\bin\msvcp140.dll
0x00007ffe61ff0000 - 0x00007ffe62b9b000 	C:\Program Files\Java\jdk-16.0.2\bin\server\jvm.dll
0x00007ffe9d130000 - 0x00007ffe9d138000 	C:\WINDOWS\System32\PSAPI.DLL
0x00007ffe8ba80000 - 0x00007ffe8ba89000 	C:\WINDOWS\SYSTEM32\WSOCK32.dll
0x00007ffe9e6c0000 - 0x00007ffe9e72b000 	C:\WINDOWS\System32\WS2_32.dll
0x00007ffe8dd90000 - 0x00007ffe8ddb7000 	C:\WINDOWS\SYSTEM32\WINMM.dll
0x00007ffe9a5b0000 - 0x00007ffe9a5c2000 	C:\WINDOWS\SYSTEM32\kernel.appcore.dll
0x00007ffe8b7b0000 - 0x00007ffe8b7ba000 	C:\Program Files\Java\jdk-16.0.2\bin\jimage.dll
0x00007ffe89020000 - 0x00007ffe89204000 	C:\WINDOWS\SYSTEM32\DBGHELP.DLL
0x00007ffe88ff0000 - 0x00007ffe8901c000 	C:\WINDOWS\SYSTEM32\dbgcore.DLL
0x00007ffe9c8a0000 - 0x00007ffe9c923000 	C:\WINDOWS\System32\bcryptPrimitives.dll
0x00007ffe86a10000 - 0x00007ffe86a35000 	C:\Program Files\Java\jdk-16.0.2\bin\java.dll

dbghelp: loaded successfully - version: 4.0.5 - missing functions: none
symbol engine: initialized successfully - sym options: 0x614 - pdb path: .;C:\Program Files\Java\jdk-16.0.2\bin;C:\WINDOWS\SYSTEM32;C:\WINDOWS\WinSxS\amd64_microsoft.windows.common-controls_6595b64144ccf1df_6.0.19041.1110_none_60b5254171f9507e;C:\Program Files\Java\jdk-16.0.2\bin\server

VM Arguments:
jvm_args: -Dfile.encoding=Cp1252 -XX:+ShowCodeDetailsInExceptionMessages 
java_command: tdaproject.Init
java_class_path (initial): C:\Users\GINNA1\Documents\Proyecto_Estructuras\tdaproject\bin
Launcher Type: SUN_STANDARD

[Global flags]
     intx CICompilerCount                          = 2                                         {product} {ergonomic}
     uint ConcGCThreads                            = 1                                         {product} {ergonomic}
     uint G1ConcRefinementThreads                  = 2                                         {product} {ergonomic}
   size_t G1HeapRegionSize                         = 1048576                                   {product} {ergonomic}
    uintx GCDrainStackTargetSize                   = 64                                        {product} {ergonomic}
   size_t InitialHeapSize                          = 67108864                                  {product} {ergonomic}
   size_t MarkStackSize                            = 4194304                                   {product} {ergonomic}
   size_t MaxHeapSize                              = 1044381696                                {product} {ergonomic}
   size_t MinHeapDeltaBytes                        = 1048576                                   {product} {ergonomic}
   size_t MinHeapSize                              = 8388608                                   {product} {ergonomic}
    uintx NonNMethodCodeHeapSize                   = 5826188                                {pd product} {ergonomic}
    uintx NonProfiledCodeHeapSize                  = 122916026                              {pd product} {ergonomic}
    uintx ProfiledCodeHeapSize                     = 122916026                              {pd product} {ergonomic}
    uintx ReservedCodeCacheSize                    = 251658240                              {pd product} {ergonomic}
     bool SegmentedCodeCache                       = true                                      {product} {ergonomic}
     bool ShowCodeDetailsInExceptionMessages       = true                                   {manageable} {command line}
   size_t SoftMaxHeapSize                          = 1044381696                             {manageable} {ergonomic}
     bool UseCompressedClassPointers               = true                           {product lp64_product} {ergonomic}
     bool UseCompressedOops                        = true                           {product lp64_product} {ergonomic}
     bool UseG1GC                                  = true                                      {product} {ergonomic}
     bool UseLargePagesIndividualAllocation        = false                                  {pd product} {ergonomic}

Logging:
Log output configuration:
 #0: stdout all=warning uptime,level,tags
 #1: stderr all=off uptime,level,tags

Environment Variables:
JAVA_HOME=C:\Program Files\Java\jdk-16.0.2\bin
PATH=C:\Program Files\Common Files\Oracle\Java\javapath;C:\Program Files (x86)\Common Files\Oracle\Java\javapath;C:\ProgramData\Oracle\Java\javapath;C:\WINDOWS\system32;C:\WINDOWS;C:\WINDOWS\System32\Wbem;C:\WINDOWS\System32\WindowsPowerShell\v1.0\;C:\WINDOWS\System32\OpenSSH\;C:\Program Files\dotnet\;C:\Users\GINNA1\AppData\Roaming\Python\Python39;C:\Program Files\nodejs\;C:\Program Files\Java\jdk-16.0.2\bin;C:\Program Files\Git\cmd;C:\Users\GINNA1\AppData\Local\Microsoft\WindowsApps;C:\Users\GINNA1\.dotnet\tools;C:\Program Files\JetBrains\IntelliJ IDEA Community Edition 2021.1.2\bin;;C:\Users\GINNA1\AppData\Roaming\npm;C:\MinGW\bin;C:\Users\GINNA1\AppData\Local\Programs\Microsoft VS Code\bin
USERNAME=GINNA1
OS=Windows_NT
PROCESSOR_IDENTIFIER=Intel64 Family 6 Model 55 Stepping 8, GenuineIntel



---------------  S Y S T E M  ---------------

OS:
 Windows 10 , 64 bit Build 19041 (10.0.19041.1202)
OS uptime: 0 days 8:47 hours

CPU: total 2 (initial active 2) (2 cores per cpu, 1 threads per core) family 6 model 55 stepping 8 microcode 0x838, cx8, cmov, fxsr, mmx, 3dnowpref, sse, sse2, sse3, ssse3, sse4.1, sse4.2, popcnt, tsc, tscinvbit, erms, clmul, clflush

Memory: 4k page, system-wide physical 3979M (465M free)
TotalPageFile size 3979M (AvailPageFile size 8M)
current process WorkingSet (physical memory assigned to process): 9M, peak: 9M
current process commit charge ("private bytes"): 47M, peak: 111M

vm_info: Java HotSpot(TM) 64-Bit Server VM (16.0.2+7-67) for windows-amd64 JRE (16.0.2+7-67), built on Jun  8 2021 23:24:19 by "mach5one" with MS VC++ 16.7 (VS2019)

END.
