#
# There is insufficient memory for the Java Runtime Environment to continue.
# Native memory allocation (malloc) failed to allocate 621296 bytes for Chunk::new
# Possible reasons:
#   The system is out of physical RAM or swap space
#   The process is running with CompressedOops enabled, and the Java Heap may be blocking the growth of the native heap
# Possible solutions:
#   Reduce memory load on the system
#   Increase physical memory or swap space
#   Check if swap backing store is full
#   Decrease Java heap size (-Xmx/-Xms)
#   Decrease number of Java threads
#   Decrease Java thread stack sizes (-Xss)
#   Set larger code cache with -XX:ReservedCodeCacheSize=
#   JVM is running with Unscaled Compressed Oops mode in which the Java heap is
#     placed in the first 4GB address space. The Java Heap base address is the
#     maximum limit for the native heap growth. Please use -XX:HeapBaseMinAddress
#     to set the Java Heap base and to place the Java Heap above 4GB virtual address.
# This output file may be truncated or incomplete.
#
#  Out of Memory Error (arena.cpp:195), pid=5760, tid=8188
#
# JRE version: Java(TM) SE Runtime Environment (16.0.2+7) (build 16.0.2+7-67)
# Java VM: Java HotSpot(TM) 64-Bit Server VM (16.0.2+7-67, mixed mode, sharing, tiered, compressed oops, compressed class ptrs, g1 gc, windows-amd64)
# No core dump will be written. Minidumps are not enabled by default on client versions of Windows
#

---------------  S U M M A R Y ------------

Command Line: -Dfile.encoding=Cp1252 -XX:+ShowCodeDetailsInExceptionMessages tdaproject.Init

Host: Intel(R) Celeron(R) CPU  J1800  @ 2.41GHz, 2 cores, 3G,  Windows 10 , 64 bit Build 19041 (10.0.19041.1202)
Time: Wed May 25 23:46:06 2022 Hora est. Pacífico, Sudamérica elapsed time: 146.624112 seconds (0d 0h 2m 26s)

---------------  T H R E A D  ---------------

Current thread (0x000001eaa9e76910):  JavaThread "C2 CompilerThread0" daemon [_thread_in_native, id=8188, stack(0x0000002a05000000,0x0000002a05100000)]


Current CompileTask:
C2: 146624 2642       4       javax.swing.DefaultListCellRenderer::getListCellRendererComponent (250 bytes)

Stack: [0x0000002a05000000,0x0000002a05100000]
Native frames: (J=compiled Java code, j=interpreted, Vv=VM code, C=native code)
V  [jvm.dll+0x6681ca]
V  [jvm.dll+0x7c9e69]
V  [jvm.dll+0x7cb61e]
V  [jvm.dll+0x7cbc73]
V  [jvm.dll+0x242c55]
V  [jvm.dll+0xadeba]
V  [jvm.dll+0xae45c]
V  [jvm.dll+0x35a882]
V  [jvm.dll+0x324de1]
V  [jvm.dll+0x32428a]
V  [jvm.dll+0x215cec]
V  [jvm.dll+0x215100]
V  [jvm.dll+0x1a1beb]
V  [jvm.dll+0x225158]
V  [jvm.dll+0x22319c]
V  [jvm.dll+0x77fa62]
V  [jvm.dll+0x7795aa]
V  [jvm.dll+0x667066]
C  [ucrtbase.dll+0x21bb2]
C  [KERNEL32.DLL+0x17034]
C  [ntdll.dll+0x52651]


---------------  P R O C E S S  ---------------

Threads class SMR info:
_java_thread_list=0x000001eaac841490, length=18, elements={
0x000001ea8f2a6640, 0x000001ea8f38d0e0, 0x000001ea8f38e650, 0x000001eaa9e6b850,
0x000001eaa9e6fe20, 0x000001eaa9e70ed0, 0x000001eaa9e74ce0, 0x000001eaa9e76910,
0x000001eaa9e78ac0, 0x000001eaa9ede330, 0x000001eaaa958230, 0x000001eaaa963a80,
0x000001eaaab5ffe0, 0x000001eaaab660f0, 0x000001eaaaccb4d0, 0x000001eaaacca4e0,
0x000001eaaaccba20, 0x000001eaaaccd4b0
}

Java Threads: ( => current thread )
  0x000001ea8f2a6640 JavaThread "main" [_thread_in_vm, id=3168, stack(0x0000002a04300000,0x0000002a04400000)]
  0x000001ea8f38d0e0 JavaThread "Reference Handler" daemon [_thread_blocked, id=8216, stack(0x0000002a04a00000,0x0000002a04b00000)]
  0x000001ea8f38e650 JavaThread "Finalizer" daemon [_thread_blocked, id=8428, stack(0x0000002a04b00000,0x0000002a04c00000)]
  0x000001eaa9e6b850 JavaThread "Signal Dispatcher" daemon [_thread_blocked, id=8524, stack(0x0000002a04c00000,0x0000002a04d00000)]
  0x000001eaa9e6fe20 JavaThread "Attach Listener" daemon [_thread_blocked, id=8700, stack(0x0000002a04d00000,0x0000002a04e00000)]
  0x000001eaa9e70ed0 JavaThread "Service Thread" daemon [_thread_blocked, id=6600, stack(0x0000002a04e00000,0x0000002a04f00000)]
  0x000001eaa9e74ce0 JavaThread "Monitor Deflation Thread" daemon [_thread_blocked, id=7196, stack(0x0000002a04f00000,0x0000002a05000000)]
=>0x000001eaa9e76910 JavaThread "C2 CompilerThread0" daemon [_thread_in_native, id=8188, stack(0x0000002a05000000,0x0000002a05100000)]
  0x000001eaa9e78ac0 JavaThread "C1 CompilerThread0" daemon [_thread_blocked, id=6564, stack(0x0000002a05100000,0x0000002a05200000)]
  0x000001eaa9ede330 JavaThread "Sweeper thread" daemon [_thread_blocked, id=7644, stack(0x0000002a05200000,0x0000002a05300000)]
  0x000001eaaa958230 JavaThread "Notification Thread" daemon [_thread_blocked, id=6960, stack(0x0000002a05300000,0x0000002a05400000)]
  0x000001eaaa963a80 JavaThread "Common-Cleaner" daemon [_thread_blocked, id=1488, stack(0x0000002a05500000,0x0000002a05600000)]
  0x000001eaaab5ffe0 JavaThread "Java2D Disposer" daemon [_thread_blocked, id=5976, stack(0x0000002a05600000,0x0000002a05700000)]
  0x000001eaaab660f0 JavaThread "AWT-Windows" daemon [_thread_in_native, id=3908, stack(0x0000002a05800000,0x0000002a05900000)]
  0x000001eaaaccb4d0 JavaThread "Swing-Shell" daemon [_thread_blocked, id=3056, stack(0x0000002a05e00000,0x0000002a05f00000)]
  0x000001eaaacca4e0 JavaThread "AWT-Shutdown" [_thread_blocked, id=8176, stack(0x0000002a05700000,0x0000002a05800000)]
  0x000001eaaaccba20 JavaThread "AWT-EventQueue-0" [_thread_blocked, id=8484, stack(0x0000002a05900000,0x0000002a05a00000)]
  0x000001eaaaccd4b0 JavaThread "Basic L&F File Loading Thread" [_thread_new, id=2212, stack(0x0000000000000000,0x0000000000000000)]

Other Threads:
  0x000001eaa9e553a0 VMThread "VM Thread" [stack: 0x0000002a04900000,0x0000002a04a00000] [id=400]
  0x000001eaaa961780 WatcherThread [stack: 0x0000002a05400000,0x0000002a05500000] [id=7672]
  0x000001ea8f2d6300 GCTaskThread "GC Thread#0" [stack: 0x0000002a04400000,0x0000002a04500000] [id=3440]
  0x000001eaab7a30c0 GCTaskThread "GC Thread#1" [stack: 0x0000002a06400000,0x0000002a06500000] [id=3240]
  0x000001ea8f2e0ff0 ConcurrentGCThread "G1 Main Marker" [stack: 0x0000002a04500000,0x0000002a04600000] [id=7628]
  0x000001ea8f2e22d0 ConcurrentGCThread "G1 Conc#0" [stack: 0x0000002a04600000,0x0000002a04700000] [id=7952]
  0x000001ea8f325810 ConcurrentGCThread "G1 Refine#0" [stack: 0x0000002a04700000,0x0000002a04800000] [id=1232]
  0x000001eaab776a00 ConcurrentGCThread "G1 Refine#1" [stack: 0x0000002a06500000,0x0000002a06600000] [id=5940]
  0x000001ea8f3269c0 ConcurrentGCThread "G1 Service" [stack: 0x0000002a04800000,0x0000002a04900000] [id=5916]

Threads with active compile tasks:
C2 CompilerThread0   146790 2642       4       javax.swing.DefaultListCellRenderer::getListCellRendererComponent (250 bytes)

VM state: not at safepoint (normal execution)

VM Mutex/Monitor currently owned by a thread: None

Heap address: 0x00000000c1c00000, size: 996 MB, Compressed Oops mode: 32-bit

CDS archive(s) mapped at: [0x0000000800000000-0x0000000800bb0000-0x0000000800bb0000), size 12255232, SharedBaseAddress: 0x0000000800000000, ArchiveRelocationMode: 0.
Compressed class space mapped at: 0x0000000800c00000-0x0000000840c00000, reserved size: 1073741824
Narrow klass base: 0x0000000800000000, Narrow klass shift: 3, Narrow klass range: 0x100000000

GC Precious Log:
 CPUs: 2 total, 2 available
 Memory: 3979M
 Large Page Support: Disabled
 NUMA Support: Disabled
 Compressed Oops: Enabled (32-bit)
 Heap Region Size: 1M
 Heap Min Capacity: 8M
 Heap Initial Capacity: 64M
 Heap Max Capacity: 996M
 Pre-touch: Disabled
 Parallel Workers: 2
 Concurrent Workers: 1
 Concurrent Refinement Workers: 2
 Periodic GC: Disabled

Heap:
 garbage-first heap   total 65536K, used 32052K [0x00000000c1c00000, 0x0000000100000000)
  region size 1024K, 20 young (20480K), 3 survivors (3072K)
 Metaspace       used 10042K, committed 10304K, reserved 1064960K
  class space    used 1090K, committed 1216K, reserved 1048576K

Heap Regions: E=young(eden), S=young(survivor), O=old, HS=humongous(starts), HC=humongous(continues), CS=collection set, F=free, OA=open archive, CA=closed archive, TAMS=top-at-mark-start (previous, next)
|   0|0x00000000c1c00000, 0x00000000c1d00000, 0x00000000c1d00000|100%| O|  |TAMS 0x00000000c1c00000, 0x00000000c1c00000| Untracked 
|   1|0x00000000c1d00000, 0x00000000c1e00000, 0x00000000c1e00000|100%| O|  |TAMS 0x00000000c1d00000, 0x00000000c1d00000| Untracked 
|   2|0x00000000c1e00000, 0x00000000c1f00000, 0x00000000c1f00000|100%| O|  |TAMS 0x00000000c1e00000, 0x00000000c1e00000| Untracked 
|   3|0x00000000c1f00000, 0x00000000c2000000, 0x00000000c2000000|100%| O|  |TAMS 0x00000000c1f00000, 0x00000000c1f00000| Untracked 
|   4|0x00000000c2000000, 0x00000000c2100000, 0x00000000c2100000|100%| O|  |TAMS 0x00000000c2000000, 0x00000000c2000000| Untracked 
|   5|0x00000000c2100000, 0x00000000c2200000, 0x00000000c2200000|100%| O|  |TAMS 0x00000000c2100000, 0x00000000c2100000| Untracked 
|   6|0x00000000c2200000, 0x00000000c2300000, 0x00000000c2300000|100%| O|  |TAMS 0x00000000c2200000, 0x00000000c2200000| Untracked 
|   7|0x00000000c2300000, 0x00000000c2400000, 0x00000000c2400000|100%| O|  |TAMS 0x00000000c2300000, 0x00000000c2300000| Untracked 
|   8|0x00000000c2400000, 0x00000000c2500000, 0x00000000c2500000|100%| O|  |TAMS 0x00000000c2400000, 0x00000000c2400000| Untracked 
|   9|0x00000000c2500000, 0x00000000c2600000, 0x00000000c2600000|100%| O|  |TAMS 0x00000000c2500000, 0x00000000c2500000| Untracked 
|  10|0x00000000c2600000, 0x00000000c2700000, 0x00000000c2700000|100%| O|  |TAMS 0x00000000c2600000, 0x00000000c2600000| Untracked 
|  11|0x00000000c2700000, 0x00000000c2800000, 0x00000000c2800000|100%| O|  |TAMS 0x00000000c2700000, 0x00000000c2700000| Untracked 
|  12|0x00000000c2800000, 0x00000000c284d000, 0x00000000c2900000| 30%| O|  |TAMS 0x00000000c2800000, 0x00000000c2800000| Untracked 
|  13|0x00000000c2900000, 0x00000000c2900000, 0x00000000c2a00000|  0%| F|  |TAMS 0x00000000c2900000, 0x00000000c2900000| Untracked 
|  14|0x00000000c2a00000, 0x00000000c2a00000, 0x00000000c2b00000|  0%| F|  |TAMS 0x00000000c2a00000, 0x00000000c2a00000| Untracked 
|  15|0x00000000c2b00000, 0x00000000c2b00000, 0x00000000c2c00000|  0%| F|  |TAMS 0x00000000c2b00000, 0x00000000c2b00000| Untracked 
|  16|0x00000000c2c00000, 0x00000000c2c00000, 0x00000000c2d00000|  0%| F|  |TAMS 0x00000000c2c00000, 0x00000000c2c00000| Untracked 
|  17|0x00000000c2d00000, 0x00000000c2d00000, 0x00000000c2e00000|  0%| F|  |TAMS 0x00000000c2d00000, 0x00000000c2d00000| Untracked 
|  18|0x00000000c2e00000, 0x00000000c2e00000, 0x00000000c2f00000|  0%| F|  |TAMS 0x00000000c2e00000, 0x00000000c2e00000| Untracked 
|  19|0x00000000c2f00000, 0x00000000c2f00000, 0x00000000c3000000|  0%| F|  |TAMS 0x00000000c2f00000, 0x00000000c2f00000| Untracked 
|  20|0x00000000c3000000, 0x00000000c3000000, 0x00000000c3100000|  0%| F|  |TAMS 0x00000000c3000000, 0x00000000c3000000| Untracked 
|  21|0x00000000c3100000, 0x00000000c3100000, 0x00000000c3200000|  0%| F|  |TAMS 0x00000000c3100000, 0x00000000c3100000| Untracked 
|  22|0x00000000c3200000, 0x00000000c3200000, 0x00000000c3300000|  0%| F|  |TAMS 0x00000000c3200000, 0x00000000c3200000| Untracked 
|  23|0x00000000c3300000, 0x00000000c3300000, 0x00000000c3400000|  0%| F|  |TAMS 0x00000000c3300000, 0x00000000c3300000| Untracked 
|  24|0x00000000c3400000, 0x00000000c3400000, 0x00000000c3500000|  0%| F|  |TAMS 0x00000000c3400000, 0x00000000c3400000| Untracked 
|  25|0x00000000c3500000, 0x00000000c3500000, 0x00000000c3600000|  0%| F|  |TAMS 0x00000000c3500000, 0x00000000c3500000| Untracked 
|  26|0x00000000c3600000, 0x00000000c3600000, 0x00000000c3700000|  0%| F|  |TAMS 0x00000000c3600000, 0x00000000c3600000| Untracked 
|  27|0x00000000c3700000, 0x00000000c3700000, 0x00000000c3800000|  0%| F|  |TAMS 0x00000000c3700000, 0x00000000c3700000| Untracked 
|  28|0x00000000c3800000, 0x00000000c3800000, 0x00000000c3900000|  0%| F|  |TAMS 0x00000000c3800000, 0x00000000c3800000| Untracked 
|  29|0x00000000c3900000, 0x00000000c3900000, 0x00000000c3a00000|  0%| F|  |TAMS 0x00000000c3900000, 0x00000000c3900000| Untracked 
|  30|0x00000000c3a00000, 0x00000000c3a00000, 0x00000000c3b00000|  0%| F|  |TAMS 0x00000000c3a00000, 0x00000000c3a00000| Untracked 
|  31|0x00000000c3b00000, 0x00000000c3b00000, 0x00000000c3c00000|  0%| F|  |TAMS 0x00000000c3b00000, 0x00000000c3b00000| Untracked 
|  32|0x00000000c3c00000, 0x00000000c3c00000, 0x00000000c3d00000|  0%| F|  |TAMS 0x00000000c3c00000, 0x00000000c3c00000| Untracked 
|  33|0x00000000c3d00000, 0x00000000c3d00000, 0x00000000c3e00000|  0%| F|  |TAMS 0x00000000c3d00000, 0x00000000c3d00000| Untracked 
|  34|0x00000000c3e00000, 0x00000000c3e00000, 0x00000000c3f00000|  0%| F|  |TAMS 0x00000000c3e00000, 0x00000000c3e00000| Untracked 
|  35|0x00000000c3f00000, 0x00000000c3f00000, 0x00000000c4000000|  0%| F|  |TAMS 0x00000000c3f00000, 0x00000000c3f00000| Untracked 
|  36|0x00000000c4000000, 0x00000000c4000000, 0x00000000c4100000|  0%| F|  |TAMS 0x00000000c4000000, 0x00000000c4000000| Untracked 
|  37|0x00000000c4100000, 0x00000000c4200000, 0x00000000c4200000|100%| S|CS|TAMS 0x00000000c4100000, 0x00000000c4100000| Complete 
|  38|0x00000000c4200000, 0x00000000c4300000, 0x00000000c4300000|100%| S|CS|TAMS 0x00000000c4200000, 0x00000000c4200000| Complete 
|  39|0x00000000c4300000, 0x00000000c4400000, 0x00000000c4400000|100%| S|CS|TAMS 0x00000000c4300000, 0x00000000c4300000| Complete 
|  40|0x00000000c4400000, 0x00000000c4400000, 0x00000000c4500000|  0%| F|  |TAMS 0x00000000c4400000, 0x00000000c4400000| Untracked 
|  41|0x00000000c4500000, 0x00000000c4500000, 0x00000000c4600000|  0%| F|  |TAMS 0x00000000c4500000, 0x00000000c4500000| Untracked 
|  42|0x00000000c4600000, 0x00000000c4600000, 0x00000000c4700000|  0%| F|  |TAMS 0x00000000c4600000, 0x00000000c4600000| Untracked 
|  43|0x00000000c4700000, 0x00000000c4700000, 0x00000000c4800000|  0%| F|  |TAMS 0x00000000c4700000, 0x00000000c4700000| Untracked 
|  44|0x00000000c4800000, 0x00000000c4800000, 0x00000000c4900000|  0%| F|  |TAMS 0x00000000c4800000, 0x00000000c4800000| Untracked 
|  45|0x00000000c4900000, 0x00000000c4900000, 0x00000000c4a00000|  0%| F|  |TAMS 0x00000000c4900000, 0x00000000c4900000| Untracked 
|  46|0x00000000c4a00000, 0x00000000c4a00000, 0x00000000c4b00000|  0%| F|  |TAMS 0x00000000c4a00000, 0x00000000c4a00000| Untracked 
|  47|0x00000000c4b00000, 0x00000000c4be8130, 0x00000000c4c00000| 90%| E|  |TAMS 0x00000000c4b00000, 0x00000000c4b00000| Complete 
|  48|0x00000000c4c00000, 0x00000000c4d00000, 0x00000000c4d00000|100%| E|CS|TAMS 0x00000000c4c00000, 0x00000000c4c00000| Complete 
|  49|0x00000000c4d00000, 0x00000000c4e00000, 0x00000000c4e00000|100%| E|CS|TAMS 0x00000000c4d00000, 0x00000000c4d00000| Complete 
|  50|0x00000000c4e00000, 0x00000000c4f00000, 0x00000000c4f00000|100%| E|CS|TAMS 0x00000000c4e00000, 0x00000000c4e00000| Complete 
|  51|0x00000000c4f00000, 0x00000000c5000000, 0x00000000c5000000|100%| E|CS|TAMS 0x00000000c4f00000, 0x00000000c4f00000| Complete 
|  52|0x00000000c5000000, 0x00000000c5100000, 0x00000000c5100000|100%| E|CS|TAMS 0x00000000c5000000, 0x00000000c5000000| Complete 
|  53|0x00000000c5100000, 0x00000000c5200000, 0x00000000c5200000|100%| E|CS|TAMS 0x00000000c5100000, 0x00000000c5100000| Complete 
|  54|0x00000000c5200000, 0x00000000c5300000, 0x00000000c5300000|100%| E|CS|TAMS 0x00000000c5200000, 0x00000000c5200000| Complete 
|  55|0x00000000c5300000, 0x00000000c5400000, 0x00000000c5400000|100%| E|CS|TAMS 0x00000000c5300000, 0x00000000c5300000| Complete 
|  56|0x00000000c5400000, 0x00000000c5500000, 0x00000000c5500000|100%| E|CS|TAMS 0x00000000c5400000, 0x00000000c5400000| Complete 
|  57|0x00000000c5500000, 0x00000000c5600000, 0x00000000c5600000|100%| E|CS|TAMS 0x00000000c5500000, 0x00000000c5500000| Complete 
|  58|0x00000000c5600000, 0x00000000c5700000, 0x00000000c5700000|100%| E|CS|TAMS 0x00000000c5600000, 0x00000000c5600000| Complete 
|  59|0x00000000c5700000, 0x00000000c5800000, 0x00000000c5800000|100%| E|CS|TAMS 0x00000000c5700000, 0x00000000c5700000| Complete 
|  60|0x00000000c5800000, 0x00000000c5900000, 0x00000000c5900000|100%| E|CS|TAMS 0x00000000c5800000, 0x00000000c5800000| Complete 
|  61|0x00000000c5900000, 0x00000000c5a00000, 0x00000000c5a00000|100%| E|CS|TAMS 0x00000000c5900000, 0x00000000c5900000| Complete 
|  62|0x00000000c5a00000, 0x00000000c5b00000, 0x00000000c5b00000|100%| E|CS|TAMS 0x00000000c5a00000, 0x00000000c5a00000| Complete 
|  63|0x00000000c5b00000, 0x00000000c5c00000, 0x00000000c5c00000|100%| E|CS|TAMS 0x00000000c5b00000, 0x00000000c5b00000| Complete 

Card table byte_map: [0x000001ea8f090000,0x000001ea8f290000] _byte_map_base: 0x000001ea8ea82000

Marking Bits (Prev, Next): (CMBitMap*) 0x000001ea8f2d8920, (CMBitMap*) 0x000001ea8f2d8960
 Prev Bits: [0x000001eaa5c30000, 0x000001eaa6bc0000)
 Next Bits: [0x000001eaa6bc0000, 0x000001eaa7b50000)

Polling page: 0x000001ea8d1f0000

Metaspace:

Usage:
  Non-class:      8.74 MB used.
      Class:      1.06 MB used.
       Both:      9.81 MB used.

Virtual space:
  Non-class space:       16.00 MB reserved,       8.88 MB ( 55%) committed,  2 nodes.
      Class space:        1.00 GB reserved,       1.19 MB ( <1%) committed,  1 nodes.
              Both:        1.02 GB reserved,      10.06 MB ( <1%) committed. 

Chunk freelists:
   Non-Class:  3.00 MB
       Class:  2.74 MB
        Both:  5.74 MB

MaxMetaspaceSize: 17179869184.00 GB
CompressedClassSpaceSize: 1.00 GB
 - commit_granule_bytes: 65536.
 - commit_granule_words: 8192.
 - virtual_space_node_default_size: 1048576.
 - enlarge_chunks_in_place: 1.
 - new_chunks_are_fully_committed: 0.
 - uncommit_free_chunks: 1.
 - use_allocation_guard: 0.
 - handle_deallocations: 1.


Internal statistics:

num_allocs_failed_limit: 0.
num_arena_births: 132.
num_arena_deaths: 0.
num_vsnodes_births: 3.
num_vsnodes_deaths: 0.
num_space_committed: 161.
num_space_uncommitted: 0.
num_chunks_returned_to_freelist: 0.
num_chunks_taken_from_freelist: 169.
num_chunk_merges: 0.
num_chunk_splits: 98.
num_chunks_enlarged: 44.
num_purges: 0.

CodeHeap 'non-profiled nmethods': size=120064Kb used=1383Kb max_used=1383Kb free=118681Kb
 bounds [0x000001ea9e4f0000, 0x000001ea9e760000, 0x000001eaa5a30000]
CodeHeap 'profiled nmethods': size=120000Kb used=5053Kb max_used=5053Kb free=114946Kb
 bounds [0x000001ea96fc0000, 0x000001ea974b0000, 0x000001ea9e4f0000]
CodeHeap 'non-nmethods': size=5696Kb used=1236Kb max_used=1274Kb free=4460Kb
 bounds [0x000001ea96a30000, 0x000001ea96ca0000, 0x000001ea96fc0000]
 total_blobs=3182 nmethods=2638 adapters=456
 compilation: enabled
              stopped_count=0, restarted_count=0
 full_count=0

Compilation events (20 events):
Event: 142.981 Thread 0x000001eaa9e76910 nmethod 2632 0x000001ea9e645010 code [0x000001ea9e6451a0, 0x000001ea9e6452a8]
Event: 143.098 Thread 0x000001eaa9e76910 2633       4       java.security.AccessController::checkContext (49 bytes)
Event: 143.100 Thread 0x000001eaa9e76910 nmethod 2633 0x000001ea9e645410 code [0x000001ea9e6455a0, 0x000001ea9e645638]
Event: 143.434 Thread 0x000001eaa9e78ac0 2634   !   3       java.util.Vector::addAll (94 bytes)
Event: 143.435 Thread 0x000001eaa9e78ac0 nmethod 2634 0x000001ea974aee10 code [0x000001ea974af000, 0x000001ea974af568]
Event: 143.572 Thread 0x000001eaa9e76910 2635       4       java.awt.EventQueue::getNextEventPrivate (76 bytes)
Event: 143.591 Thread 0x000001eaa9e76910 nmethod 2635 0x000001ea9e645710 code [0x000001ea9e6458a0, 0x000001ea9e645cd8]
Event: 144.977 Thread 0x000001eaa9e76910 2636  s    4       java.util.Vector::indexOf (67 bytes)
Event: 144.984 Thread 0x000001eaa9e76910 nmethod 2636 0x000001ea9e645f90 code [0x000001ea9e646120, 0x000001ea9e646528]
Event: 146.343 Thread 0x000001eaa9e76910 2637       4       java.awt.Font::hashCode (76 bytes)
Event: 146.344 Thread 0x000001eaa9e76910 nmethod 2637 0x000001ea9e646710 code [0x000001ea9e6468a0, 0x000001ea9e646938]
Event: 146.424 Thread 0x000001eaa9e76910 2638       4       javax.swing.JComponent::getInsets (79 bytes)
Event: 146.428 Thread 0x000001eaa9e76910 nmethod 2638 0x000001ea9e646a10 code [0x000001ea9e646ba0, 0x000001ea9e646cf8]
Event: 146.428 Thread 0x000001eaa9e76910 2639       4       sun.swing.SwingUtilities2::getFRCProperty (38 bytes)
Event: 146.445 Thread 0x000001eaa9e76910 nmethod 2639 0x000001ea9e646e10 code [0x000001ea9e647000, 0x000001ea9e6474a8]
Event: 146.445 Thread 0x000001eaa9e76910 2640   !   4       sun.font.FontDesignMetrics::getMetrics (265 bytes)
Event: 146.493 Thread 0x000001eaa9e76910 nmethod 2640 0x000001ea9e647a90 code [0x000001ea9e647ce0, 0x000001ea9e648b78]
Event: 146.493 Thread 0x000001eaa9e76910 2641       4       javax.swing.plaf.basic.BasicLabelUI::layoutCL (35 bytes)
Event: 146.497 Thread 0x000001eaa9e76910 nmethod 2641 0x000001ea9e649610 code [0x000001ea9e6497a0, 0x000001ea9e6499a8]
Event: 146.498 Thread 0x000001eaa9e76910 2642       4       javax.swing.DefaultListCellRenderer::getListCellRendererComponent (250 bytes)

GC Heap History (10 events):
Event: 4.522 GC heap before
{Heap before GC invocations=0 (full 0):
 garbage-first heap   total 65536K, used 6144K [0x00000000c1c00000, 0x0000000100000000)
  region size 1024K, 6 young (6144K), 0 survivors (0K)
 Metaspace       used 8824K, committed 9088K, reserved 1056768K
  class space    used 1082K, committed 1216K, reserved 1048576K
}
Event: 4.548 GC heap after
{Heap after GC invocations=1 (full 0):
 garbage-first heap   total 65536K, used 1989K [0x00000000c1c00000, 0x0000000100000000)
  region size 1024K, 1 young (1024K), 1 survivors (1024K)
 Metaspace       used 8824K, committed 9088K, reserved 1056768K
  class space    used 1082K, committed 1216K, reserved 1048576K
}
Event: 17.509 GC heap before
{Heap before GC invocations=1 (full 0):
 garbage-first heap   total 65536K, used 6085K [0x00000000c1c00000, 0x0000000100000000)
  region size 1024K, 5 young (5120K), 1 survivors (1024K)
 Metaspace       used 9218K, committed 9408K, reserved 1056768K
  class space    used 1088K, committed 1216K, reserved 1048576K
}
Event: 17.520 GC heap after
{Heap after GC invocations=2 (full 0):
 garbage-first heap   total 65536K, used 3072K [0x00000000c1c00000, 0x0000000100000000)
  region size 1024K, 1 young (1024K), 1 survivors (1024K)
 Metaspace       used 9218K, committed 9408K, reserved 1056768K
  class space    used 1088K, committed 1216K, reserved 1048576K
}
Event: 41.245 GC heap before
{Heap before GC invocations=2 (full 0):
 garbage-first heap   total 65536K, used 11264K [0x00000000c1c00000, 0x0000000100000000)
  region size 1024K, 9 young (9216K), 1 survivors (1024K)
 Metaspace       used 9563K, committed 9792K, reserved 1064960K
  class space    used 1090K, committed 1216K, reserved 1048576K
}
Event: 41.263 GC heap after
{Heap after GC invocations=3 (full 0):
 garbage-first heap   total 65536K, used 5413K [0x00000000c1c00000, 0x0000000100000000)
  region size 1024K, 2 young (2048K), 2 survivors (2048K)
 Metaspace       used 9563K, committed 9792K, reserved 1064960K
  class space    used 1090K, committed 1216K, reserved 1048576K
}
Event: 77.654 GC heap before
{Heap before GC invocations=3 (full 0):
 garbage-first heap   total 65536K, used 23845K [0x00000000c1c00000, 0x0000000100000000)
  region size 1024K, 20 young (20480K), 2 survivors (2048K)
 Metaspace       used 9816K, committed 10048K, reserved 1064960K
  class space    used 1090K, committed 1216K, reserved 1048576K
}
Event: 77.684 GC heap after
{Heap after GC invocations=4 (full 0):
 garbage-first heap   total 65536K, used 10240K [0x00000000c1c00000, 0x0000000100000000)
  region size 1024K, 3 young (3072K), 3 survivors (3072K)
 Metaspace       used 9816K, committed 10048K, reserved 1064960K
  class space    used 1090K, committed 1216K, reserved 1048576K
}
Event: 118.051 GC heap before
{Heap before GC invocations=4 (full 0):
 garbage-first heap   total 65536K, used 31744K [0x00000000c1c00000, 0x0000000100000000)
  region size 1024K, 24 young (24576K), 3 survivors (3072K)
 Metaspace       used 9953K, committed 10240K, reserved 1064960K
  class space    used 1090K, committed 1216K, reserved 1048576K
}
Event: 118.105 GC heap after
{Heap after GC invocations=5 (full 0):
 garbage-first heap   total 65536K, used 15668K [0x00000000c1c00000, 0x0000000100000000)
  region size 1024K, 3 young (3072K), 3 survivors (3072K)
 Metaspace       used 9953K, committed 10240K, reserved 1064960K
  class space    used 1090K, committed 1216K, reserved 1048576K
}

Deoptimization events (20 events):
Event: 19.898 Thread 0x000001eaaaccb4d0 Uncommon trap: trap_request=0xffffff45 fr.pc=0x000001ea9e572e78 relative=0x00000000000011f8
Event: 19.898 Thread 0x000001eaaaccb4d0 Uncommon trap: reason=unstable_if action=reinterpret pc=0x000001ea9e572e78 method=java.util.concurrent.locks.ReentrantLock$Sync.lockInterruptibly()V @ 18 c2
Event: 19.898 Thread 0x000001eaaaccb4d0 DEOPT PACKING pc=0x000001ea9e572e78 sp=0x0000002a05eff450
Event: 19.898 Thread 0x000001eaaaccb4d0 DEOPT UNPACKING pc=0x000001ea96a7d729 sp=0x0000002a05eff300 mode 2
Event: 31.495 Thread 0x000001ea8f2a6640 Uncommon trap: trap_request=0xffffff5c fr.pc=0x000001ea9e5689d4 relative=0x0000000000001054
Event: 31.495 Thread 0x000001ea8f2a6640 Uncommon trap: reason=speculate_null_check action=make_not_entrant pc=0x000001ea9e5689d4 method=java.util.concurrent.locks.AbstractQueuedSynchronizer.acquire(Ljava/util/concurrent/locks/AbstractQueuedSynchronizer$Node;IZZZJ)I @ 254 c2
Event: 31.495 Thread 0x000001ea8f2a6640 DEOPT PACKING pc=0x000001ea9e5689d4 sp=0x0000002a043fcf00
Event: 31.495 Thread 0x000001ea8f2a6640 DEOPT UNPACKING pc=0x000001ea96a7d729 sp=0x0000002a043fcea0 mode 2
Event: 95.851 Thread 0x000001ea8f2a6640 Uncommon trap: trap_request=0xffffffcc fr.pc=0x000001ea9e6048d0 relative=0x00000000000002b0
Event: 95.851 Thread 0x000001ea8f2a6640 Uncommon trap: reason=intrinsic_or_type_checked_inlining action=make_not_entrant pc=0x000001ea9e6048d0 method=java.util.Arrays.copyOf([Ljava/lang/Object;ILjava/lang/Class;)[Ljava/lang/Object; @ 35 c2
Event: 95.851 Thread 0x000001ea8f2a6640 DEOPT PACKING pc=0x000001ea9e6048d0 sp=0x0000002a043f9520
Event: 95.851 Thread 0x000001ea8f2a6640 DEOPT UNPACKING pc=0x000001ea96a7d729 sp=0x0000002a043f94b0 mode 2
Event: 114.401 Thread 0x000001ea8f2a6640 Uncommon trap: trap_request=0xffffffcc fr.pc=0x000001ea9e61c034 relative=0x0000000000002db4
Event: 114.401 Thread 0x000001ea8f2a6640 Uncommon trap: reason=intrinsic_or_type_checked_inlining action=make_not_entrant pc=0x000001ea9e61c034 method=java.util.ArrayList.toArray([Ljava/lang/Object;)[Ljava/lang/Object; @ 36 c2
Event: 114.401 Thread 0x000001ea8f2a6640 DEOPT PACKING pc=0x000001ea9e61c034 sp=0x0000002a043f7aa0
Event: 114.401 Thread 0x000001ea8f2a6640 DEOPT UNPACKING pc=0x000001ea96a7d729 sp=0x0000002a043f7950 mode 2
Event: 122.475 Thread 0x000001ea8f2a6640 DEOPT PACKING pc=0x000001ea973730d5 sp=0x0000002a043f7170
Event: 122.475 Thread 0x000001ea8f2a6640 DEOPT UNPACKING pc=0x000001ea96a7deb0 sp=0x0000002a043f66a0 mode 0
Event: 139.966 Thread 0x000001ea8f2a6640 DEOPT PACKING pc=0x000001ea973730d5 sp=0x0000002a043f5930
Event: 139.966 Thread 0x000001ea8f2a6640 DEOPT UNPACKING pc=0x000001ea96a7deb0 sp=0x0000002a043f4e60 mode 0

Classes unloaded (0 events):
No events

Classes redefined (0 events):
No events

Internal exceptions (15 events):
Event: 0.329 Thread 0x000001ea8f2a6640 Exception <a 'java/lang/NoSuchMethodError'{0x00000000c5bdf9d8}: 'void java.lang.invoke.DirectMethodHandle$Holder.invokeSpecial(java.lang.Object, java.lang.Object, java.lang.Object)'> (0x00000000c5bdf9d8) 
thrown [t:\workspace\open\src\hotspot\share\interpreter\linkResolver.cpp, line 790]
Event: 0.388 Thread 0x000001ea8f2a6640 Exception <a 'java/lang/ClassNotFoundException'{0x00000000c5a00dd0}: sun/awt/resources/spi/awtProvider> (0x00000000c5a00dd0) 
thrown [t:\workspace\open\src\hotspot\share\classfile\systemDictionary.cpp, line 256]
Event: 0.544 Thread 0x000001ea8f2a6640 Exception <a 'java/io/FileNotFoundException'{0x00000000c5a5aab0}> (0x00000000c5a5aab0) 
thrown [t:\workspace\open\src\hotspot\share\prims\jni.cpp, line 579]
Event: 0.577 Thread 0x000001ea8f2a6640 Exception <a 'java/io/FileNotFoundException'{0x00000000c5a898d8}> (0x00000000c5a898d8) 
thrown [t:\workspace\open\src\hotspot\share\prims\jni.cpp, line 579]
Event: 0.579 Thread 0x000001ea8f2a6640 Exception <a 'java/lang/NoSuchMethodError'{0x00000000c5a8ab00}: 'java.lang.Object java.lang.invoke.DirectMethodHandle$Holder.invokeStatic(java.lang.Object)'> (0x00000000c5a8ab00) 
thrown [t:\workspace\open\src\hotspot\share\interpreter\linkResolver.cpp, line 790]
Event: 0.757 Thread 0x000001ea8f2a6640 Exception <a 'java/lang/NoSuchMethodError'{0x00000000c5ae08f8}: 'java.lang.Object java.lang.invoke.DirectMethodHandle$Holder.invokeStaticInit(java.lang.Object)'> (0x00000000c5ae08f8) 
thrown [t:\workspace\open\src\hotspot\share\interpreter\linkResolver.cpp, line 790]
Event: 0.911 Thread 0x000001ea8f2a6640 Exception <a 'java/lang/NoSuchMethodError'{0x00000000c595be98}: 'java.lang.Object java.lang.invoke.DirectMethodHandle$Holder.newInvokeSpecial(java.lang.Object, java.lang.Object, java.lang.Object, java.lang.Object, java.lang.Object)'> (0x00000000c595be98) 
thrown [t:\workspace\open\src\hotspot\share\interpreter\linkResolver.cpp, line 790]
Event: 0.923 Thread 0x000001ea8f2a6640 Exception <a 'java/lang/NoSuchMethodError'{0x00000000c5967bc0}: 'java.lang.Object java.lang.invoke.DirectMethodHandle$Holder.invokeStatic(java.lang.Object, int, java.lang.Object, java.lang.Object, java.lang.Object, java.lang.Object)'> (0x00000000c5967bc0) 
thrown [t:\workspace\open\src\hotspot\share\interpreter\linkResolver.cpp, line 790]
Event: 0.956 Thread 0x000001ea8f2a6640 Exception <a 'java/lang/NoSuchMethodError'{0x00000000c598dee0}: 'java.lang.Object java.lang.invoke.DirectMethodHandle$Holder.invokeStatic(java.lang.Object, int, java.lang.Object)'> (0x00000000c598dee0) 
thrown [t:\workspace\open\src\hotspot\share\interpreter\linkResolver.cpp, line 790]
Event: 1.110 Thread 0x000001ea8f2a6640 Exception <a 'java/lang/ClassNotFoundException'{0x00000000c5847be8}: com/sun/swing/internal/plaf/metal/resources/spi/metalProvider> (0x00000000c5847be8) 
thrown [t:\workspace\open\src\hotspot\share\classfile\systemDictionary.cpp, line 256]
Event: 1.114 Thread 0x000001ea8f2a6640 Exception <a 'java/lang/ClassNotFoundException'{0x00000000c584bc80}: com/sun/swing/internal/plaf/basic/resources/spi/basicProvider> (0x00000000c584bc80) 
thrown [t:\workspace\open\src\hotspot\share\classfile\systemDictionary.cpp, line 256]
Event: 1.270 Thread 0x000001ea8f2a6640 Exception <a 'java/lang/NoSuchMethodError'{0x00000000c586b530}: 'void java.lang.invoke.DirectMethodHandle$Holder.invokeStatic(java.lang.Object, java.lang.Object, java.lang.Object)'> (0x00000000c586b530) 
thrown [t:\workspace\open\src\hotspot\share\interpreter\linkResolver.cpp, line 790]
Event: 1.274 Thread 0x000001ea8f2a6640 Exception <a 'java/lang/NoSuchMethodError'{0x00000000c5871be0}: 'void java.lang.invoke.DirectMethodHandle$Holder.invokeStatic(java.lang.Object, java.lang.Object)'> (0x00000000c5871be0) 
thrown [t:\workspace\open\src\hotspot\share\interpreter\linkResolver.cpp, line 790]
Event: 1.344 Thread 0x000001eaaabed950 Exception <a 'java/lang/NoSuchMethodError'{0x00000000c58aa760}: 'java.lang.Object java.lang.invoke.DirectMethodHandle$Holder.newInvokeSpecial(java.lang.Object, java.lang.Object, java.lang.Object, int, int, int, int, int)'> (0x00000000c58aa760) 
thrown [t:\workspace\open\src\hotspot\share\interpreter\linkResolver.cpp, line 790]
Event: 3.521 Thread 0x000001ea8f2a6640 Exception <a 'java/lang/NoSuchMethodError'{0x00000000c5648038}: 'int java.lang.invoke.DirectMethodHandle$Holder.invokeSpecial(java.lang.Object, java.lang.Object, java.lang.Object)'> (0x00000000c5648038) 
thrown [t:\workspace\open\src\hotspot\share\interpreter\linkResolver.cpp, line 790]

Events (20 events):
Event: 142.016 Thread 0x000001eaaaccbf70 Thread added: 0x000001eaaaccbf70
Event: 142.352 Thread 0x000001eaaaccbf70 Thread exited: 0x000001eaaaccbf70
Event: 142.392 Executing  VM operation: Cleanup
Event: 142.392 Executing  VM operation: Cleanup done
Event: 142.499 Thread 0x000001eaaaccaa30 Thread added: 0x000001eaaaccaa30
Event: 142.529 Thread 0x000001eaaaccaa30 Thread exited: 0x000001eaaaccaa30
Event: 143.060 Thread 0x000001eaaaccaa30 Thread added: 0x000001eaaaccaa30
Event: 143.072 Thread 0x000001eaaaccaa30 Thread exited: 0x000001eaaaccaa30
Event: 143.397 Executing  VM operation: Cleanup
Event: 143.397 Executing  VM operation: Cleanup done
Event: 143.565 Thread 0x000001eaaacccf60 Thread added: 0x000001eaaacccf60
Event: 144.120 Thread 0x000001eaaacccf60 Thread exited: 0x000001eaaacccf60
Event: 144.664 Thread 0x000001eaaaccaa30 Thread added: 0x000001eaaaccaa30
Event: 144.684 Thread 0x000001eaaaccaa30 Thread exited: 0x000001eaaaccaa30
Event: 145.148 Thread 0x000001eaaacccf60 Thread added: 0x000001eaaacccf60
Event: 145.178 Thread 0x000001eaaacccf60 Thread exited: 0x000001eaaacccf60
Event: 145.436 Executing  VM operation: Cleanup
Event: 145.436 Executing  VM operation: Cleanup done
Event: 145.742 Thread 0x000001eaaaccc4c0 Thread added: 0x000001eaaaccc4c0
Event: 145.754 Thread 0x000001eaaaccc4c0 Thread exited: 0x000001eaaaccc4c0


Dynamic libraries:
0x00007ff61aae0000 - 0x00007ff61aaf0000 	C:\Program Files\Java\jdk-16.0.2\bin\javaw.exe
0x00007ffe9ef70000 - 0x00007ffe9f165000 	C:\WINDOWS\SYSTEM32\ntdll.dll
0x00007ffe9cfc0000 - 0x00007ffe9d07e000 	C:\WINDOWS\System32\KERNEL32.DLL
0x00007ffe9cb90000 - 0x00007ffe9ce59000 	C:\WINDOWS\System32\KERNELBASE.dll
0x00007ffe9ca90000 - 0x00007ffe9cb90000 	C:\WINDOWS\System32\ucrtbase.dll
0x00007ffe8bce0000 - 0x00007ffe8bcf8000 	C:\Program Files\Java\jdk-16.0.2\bin\jli.dll
0x00007ffe9d1b0000 - 0x00007ffe9d25c000 	C:\WINDOWS\System32\ADVAPI32.dll
0x00007ffe9e600000 - 0x00007ffe9e69e000 	C:\WINDOWS\System32\msvcrt.dll
0x00007ffe9ea40000 - 0x00007ffe9eadb000 	C:\WINDOWS\System32\sechost.dll
0x00007ffe9e760000 - 0x00007ffe9e88a000 	C:\WINDOWS\System32\RPCRT4.dll
0x00007ffe9ec20000 - 0x00007ffe9edc1000 	C:\WINDOWS\System32\USER32.dll
0x00007ffe9c870000 - 0x00007ffe9c892000 	C:\WINDOWS\System32\win32u.dll
0x00007ffe9e730000 - 0x00007ffe9e75b000 	C:\WINDOWS\System32\GDI32.dll
0x00007ffe9c980000 - 0x00007ffe9ca8b000 	C:\WINDOWS\System32\gdi32full.dll
0x00007ffe9c7d0000 - 0x00007ffe9c86d000 	C:\WINDOWS\System32\msvcp_win.dll
0x00007ffe981a0000 - 0x00007ffe981b9000 	C:\Program Files\Java\jdk-16.0.2\bin\VCRUNTIME140.dll
0x00007ffe8ab30000 - 0x00007ffe8adca000 	C:\WINDOWS\WinSxS\amd64_microsoft.windows.common-controls_6595b64144ccf1df_6.0.19041.1110_none_60b5254171f9507e\COMCTL32.dll
0x00007ffe8f790000 - 0x00007ffe8f79a000 	C:\WINDOWS\SYSTEM32\VERSION.dll
0x00007ffe9edd0000 - 0x00007ffe9ee00000 	C:\WINDOWS\System32\IMM32.DLL
0x00007ffe8ba90000 - 0x00007ffe8ba9c000 	C:\Program Files\Java\jdk-16.0.2\bin\vcruntime140_1.dll
0x00007ffe86a40000 - 0x00007ffe86ad1000 	C:\Program Files\Java\jdk-16.0.2\bin\msvcp140.dll
0x00007ffe61ff0000 - 0x00007ffe62b9b000 	C:\Program Files\Java\jdk-16.0.2\bin\server\jvm.dll
0x00007ffe9d130000 - 0x00007ffe9d138000 	C:\WINDOWS\System32\PSAPI.DLL
0x00007ffe8ba80000 - 0x00007ffe8ba89000 	C:\WINDOWS\SYSTEM32\WSOCK32.dll
0x00007ffe9e6c0000 - 0x00007ffe9e72b000 	C:\WINDOWS\System32\WS2_32.dll
0x00007ffe8dd90000 - 0x00007ffe8ddb7000 	C:\WINDOWS\SYSTEM32\WINMM.dll
0x00007ffe9a5b0000 - 0x00007ffe9a5c2000 	C:\WINDOWS\SYSTEM32\kernel.appcore.dll
0x00007ffe8b7b0000 - 0x00007ffe8b7ba000 	C:\Program Files\Java\jdk-16.0.2\bin\jimage.dll
0x00007ffe89020000 - 0x00007ffe89204000 	C:\WINDOWS\SYSTEM32\DBGHELP.DLL
0x00007ffe88ff0000 - 0x00007ffe8901c000 	C:\WINDOWS\SYSTEM32\dbgcore.DLL
0x00007ffe9c8a0000 - 0x00007ffe9c923000 	C:\WINDOWS\System32\bcryptPrimitives.dll
0x00007ffe86a10000 - 0x00007ffe86a35000 	C:\Program Files\Java\jdk-16.0.2\bin\java.dll
0x00007ffe9dd20000 - 0x00007ffe9e45f000 	C:\WINDOWS\System32\SHELL32.dll
0x00007ffe9a7b0000 - 0x00007ffe9af40000 	C:\WINDOWS\SYSTEM32\windows.storage.dll
0x00007ffe9d260000 - 0x00007ffe9d5b5000 	C:\WINDOWS\System32\combase.dll
0x00007ffe9c0b0000 - 0x00007ffe9c0dc000 	C:\WINDOWS\SYSTEM32\Wldp.dll
0x00007ffe9e460000 - 0x00007ffe9e50e000 	C:\WINDOWS\System32\SHCORE.dll
0x00007ffe9d770000 - 0x00007ffe9d7c5000 	C:\WINDOWS\System32\shlwapi.dll
0x00007ffe9c5d0000 - 0x00007ffe9c5ef000 	C:\WINDOWS\SYSTEM32\profapi.dll
0x00007ffe61e70000 - 0x00007ffe61ff0000 	C:\Program Files\Java\jdk-16.0.2\bin\awt.dll
0x00007ffe9d7d0000 - 0x00007ffe9d89d000 	C:\WINDOWS\System32\OLEAUT32.dll
0x00007ffe99f10000 - 0x00007ffe99fa0000 	C:\WINDOWS\SYSTEM32\apphelp.dll
0x00007ffe9a2c0000 - 0x00007ffe9a2ef000 	C:\WINDOWS\system32\DWMAPI.DLL
0x00007ffe9a0d0000 - 0x00007ffe9a16e000 	C:\WINDOWS\system32\uxtheme.dll
0x00007ffe7b020000 - 0x00007ffe7b145000 	C:\WINDOWS\system32\opengl32.dll
0x00007ffe7b360000 - 0x00007ffe7b38c000 	C:\WINDOWS\SYSTEM32\GLU32.dll
0x00007ffe9d5c0000 - 0x00007ffe9d6d5000 	C:\WINDOWS\System32\MSCTF.dll
0x00007ffe9ee00000 - 0x00007ffe9ef2a000 	C:\WINDOWS\System32\ole32.dll
0x00007ffe85ef0000 - 0x00007ffe85fa0000 	C:\WINDOWS\WinSxS\amd64_microsoft.windows.common-controls_6595b64144ccf1df_5.82.19041.1110_none_792d1c772443f647\comctl32.dll
0x00007ffe85fa0000 - 0x00007ffe86029000 	C:\Program Files\Java\jdk-16.0.2\bin\freetype.dll
0x00007ffe70350000 - 0x00007ffe70446000 	C:\Program Files\Java\jdk-16.0.2\bin\harfbuzz.dll
0x00007ffe87720000 - 0x00007ffe87732000 	C:\Program Files\Java\jdk-16.0.2\bin\fontmanager.dll
0x00007ffe869a0000 - 0x00007ffe869b9000 	C:\Program Files\Java\jdk-16.0.2\bin\net.dll
0x00007ffe90f90000 - 0x00007ffe91098000 	C:\WINDOWS\SYSTEM32\WINHTTP.dll
0x00007ffe9bdd0000 - 0x00007ffe9be3a000 	C:\WINDOWS\system32\mswsock.dll
0x00007ffe86980000 - 0x00007ffe86993000 	C:\Program Files\Java\jdk-16.0.2\bin\nio.dll
0x00007ffe9d080000 - 0x00007ffe9d129000 	C:\WINDOWS\System32\clbcatq.dll
0x00007ffe99b70000 - 0x00007ffe99c66000 	C:\WINDOWS\SYSTEM32\PROPSYS.dll
0x00007ffe98200000 - 0x00007ffe98217000 	C:\WINDOWS\system32\NetworkExplorer.dll
0x00007ffe9c930000 - 0x00007ffe9c97e000 	C:\WINDOWS\System32\CFGMGR32.dll
0x00007ffe84cb0000 - 0x00007ffe84ccd000 	C:\WINDOWS\SYSTEM32\MPR.dll
0x00007ffe8e840000 - 0x00007ffe8e84b000 	C:\WINDOWS\System32\drprov.dll
0x00007ffe9b930000 - 0x00007ffe9b98a000 	C:\WINDOWS\System32\WINSTA.dll
0x00007ffe70a70000 - 0x00007ffe70a92000 	C:\WINDOWS\System32\ntlanman.dll
0x00007ffe70a50000 - 0x00007ffe70a6e000 	C:\WINDOWS\System32\davclnt.dll
0x00007ffe8e520000 - 0x00007ffe8e52d000 	C:\WINDOWS\System32\DAVHLPR.dll
0x00007ffe9b810000 - 0x00007ffe9b827000 	C:\WINDOWS\System32\wkscli.dll
0x00007ffe8b290000 - 0x00007ffe8b2a2000 	C:\WINDOWS\SYSTEM32\cscapi.dll
0x00007ffe9bbd0000 - 0x00007ffe9bbdc000 	C:\WINDOWS\System32\netutils.dll
0x00007ffe7c7a0000 - 0x00007ffe7c7f8000 	C:\Windows\System32\dlnashext.dll
0x00007ffe7b900000 - 0x00007ffe7b964000 	C:\Windows\System32\PlayToDevice.dll
0x00007ffe8f8d0000 - 0x00007ffe8f8f0000 	C:\Windows\System32\DevDispItemProvider.dll
0x00007ffe94080000 - 0x00007ffe94105000 	C:\WINDOWS\System32\MMDevApi.dll
0x00007ffe9c070000 - 0x00007ffe9c0a4000 	C:\WINDOWS\System32\DEVOBJ.dll
0x00007ffe74220000 - 0x00007ffe742c3000 	C:\WINDOWS\system32\wpdshext.dll
0x00007ffe6fcc0000 - 0x00007ffe6fe69000 	C:\WINDOWS\WinSxS\amd64_microsoft.windows.gdiplus_6595b64144ccf1df_1.1.19041.1151_none_91a40286cc884949\gdiplus.dll
0x00007ffe96f30000 - 0x00007ffe96fd3000 	C:\Windows\System32\PortableDeviceApi.dll
0x00007ffe9d8a0000 - 0x00007ffe9dd12000 	C:\WINDOWS\System32\SETUPAPI.dll
0x00007ffe9c690000 - 0x00007ffe9c6b7000 	C:\WINDOWS\System32\bcrypt.dll
0x00007ffe9c770000 - 0x00007ffe9c7d0000 	C:\WINDOWS\System32\WINTRUST.dll
0x00007ffe9ce60000 - 0x00007ffe9cfb6000 	C:\WINDOWS\System32\CRYPT32.dll
0x00007ffe9c260000 - 0x00007ffe9c272000 	C:\WINDOWS\System32\MSASN1.dll
0x00007ffe95e30000 - 0x00007ffe95e62000 	C:\Windows\System32\PortableDeviceTypes.dll
0x00007ffe7b250000 - 0x00007ffe7b287000 	C:\Windows\System32\EhStorShell.dll
0x00007ffe821d0000 - 0x00007ffe821f6000 	C:\Windows\System32\EhStorAPI.dll
0x00007ffe99cd0000 - 0x00007ffe99ce4000 	C:\Windows\System32\WTSAPI32.dll
0x00007ffe8d0c0000 - 0x00007ffe8d0cd000 	C:\WINDOWS\SYSTEM32\LINKINFO.dll

dbghelp: loaded successfully - version: 4.0.5 - missing functions: none
symbol engine: initialized successfully - sym options: 0x614 - pdb path: .;C:\Program Files\Java\jdk-16.0.2\bin;C:\WINDOWS\SYSTEM32;C:\WINDOWS\WinSxS\amd64_microsoft.windows.common-controls_6595b64144ccf1df_6.0.19041.1110_none_60b5254171f9507e;C:\Program Files\Java\jdk-16.0.2\bin\server;C:\WINDOWS\WinSxS\amd64_microsoft.windows.common-controls_6595b64144ccf1df_5.82.19041.1110_none_792d1c772443f647;C:\WINDOWS\WinSxS\amd64_microsoft.windows.gdiplus_6595b64144ccf1df_1.1.19041.1151_none_91a40286cc884949

VM Arguments:
jvm_args: -Dfile.encoding=Cp1252 -XX:+ShowCodeDetailsInExceptionMessages 
java_command: tdaproject.Init
java_class_path (initial): C:\Users\GINNA1\Documents\Proyecto_Estructuras\tdaproject\bin
Launcher Type: SUN_STANDARD

[Global flags]
     intx CICompilerCount                          = 2                                         {product} {ergonomic}
     uint ConcGCThreads                            = 1                                         {product} {ergonomic}
     uint G1ConcRefinementThreads                  = 2                                         {product} {ergonomic}
   size_t G1HeapRegionSize                         = 1048576                                   {product} {ergonomic}
    uintx GCDrainStackTargetSize                   = 64                                        {product} {ergonomic}
   size_t InitialHeapSize                          = 67108864                                  {product} {ergonomic}
   size_t MarkStackSize                            = 4194304                                   {product} {ergonomic}
   size_t MaxHeapSize                              = 1044381696                                {product} {ergonomic}
   size_t MaxNewSize                               = 625999872                                 {product} {ergonomic}
   size_t MinHeapDeltaBytes                        = 1048576                                   {product} {ergonomic}
   size_t MinHeapSize                              = 8388608                                   {product} {ergonomic}
    uintx NonNMethodCodeHeapSize                   = 5826188                                {pd product} {ergonomic}
    uintx NonProfiledCodeHeapSize                  = 122916026                              {pd product} {ergonomic}
    uintx ProfiledCodeHeapSize                     = 122916026                              {pd product} {ergonomic}
    uintx ReservedCodeCacheSize                    = 251658240                              {pd product} {ergonomic}
     bool SegmentedCodeCache                       = true                                      {product} {ergonomic}
     bool ShowCodeDetailsInExceptionMessages       = true                                   {manageable} {command line}
   size_t SoftMaxHeapSize                          = 1044381696                             {manageable} {ergonomic}
     bool UseCompressedClassPointers               = true                           {product lp64_product} {ergonomic}
     bool UseCompressedOops                        = true                           {product lp64_product} {ergonomic}
     bool UseG1GC                                  = true                                      {product} {ergonomic}
     bool UseLargePagesIndividualAllocation        = false                                  {pd product} {ergonomic}

Logging:
Log output configuration:
 #0: stdout all=warning uptime,level,tags
 #1: stderr all=off uptime,level,tags

Environment Variables:
JAVA_HOME=C:\Program Files\Java\jdk-16.0.2\bin
PATH=C:\Program Files\Common Files\Oracle\Java\javapath;C:\Program Files (x86)\Common Files\Oracle\Java\javapath;C:\ProgramData\Oracle\Java\javapath;C:\WINDOWS\system32;C:\WINDOWS;C:\WINDOWS\System32\Wbem;C:\WINDOWS\System32\WindowsPowerShell\v1.0\;C:\WINDOWS\System32\OpenSSH\;C:\Program Files\dotnet\;C:\Users\GINNA1\AppData\Roaming\Python\Python39;C:\Program Files\nodejs\;C:\Program Files\Java\jdk-16.0.2\bin;C:\Program Files\Git\cmd;C:\Users\GINNA1\AppData\Local\Microsoft\WindowsApps;C:\Users\GINNA1\.dotnet\tools;C:\Program Files\JetBrains\IntelliJ IDEA Community Edition 2021.1.2\bin;;C:\Users\GINNA1\AppData\Roaming\npm;C:\MinGW\bin;C:\Users\GINNA1\AppData\Local\Programs\Microsoft VS Code\bin
USERNAME=GINNA1
OS=Windows_NT
PROCESSOR_IDENTIFIER=Intel64 Family 6 Model 55 Stepping 8, GenuineIntel



---------------  S Y S T E M  ---------------

OS:
 Windows 10 , 64 bit Build 19041 (10.0.19041.1202)
OS uptime: 0 days 8:49 hours

CPU: total 2 (initial active 2) (2 cores per cpu, 1 threads per core) family 6 model 55 stepping 8 microcode 0x838, cx8, cmov, fxsr, mmx, 3dnowpref, sse, sse2, sse3, ssse3, sse4.1, sse4.2, popcnt, tsc, tscinvbit, erms, clmul, clflush

Memory: 4k page, system-wide physical 3979M (354M free)
TotalPageFile size 3979M (AvailPageFile size 5M)
current process WorkingSet (physical memory assigned to process): 115M, peak: 122M
current process commit charge ("private bytes"): 164M, peak: 171M

vm_info: Java HotSpot(TM) 64-Bit Server VM (16.0.2+7-67) for windows-amd64 JRE (16.0.2+7-67), built on Jun  8 2021 23:24:19 by "mach5one" with MS VC++ 16.7 (VS2019)

END.
