#
# There is insufficient memory for the Java Runtime Environment to continue.
# Native memory allocation (malloc) failed to allocate 32744 bytes for ChunkPool::allocate
# Possible reasons:
#   The system is out of physical RAM or swap space
#   The process is running with CompressedOops enabled, and the Java Heap may be blocking the growth of the native heap
# Possible solutions:
#   Reduce memory load on the system
#   Increase physical memory or swap space
#   Check if swap backing store is full
#   Decrease Java heap size (-Xmx/-Xms)
#   Decrease number of Java threads
#   Decrease Java thread stack sizes (-Xss)
#   Set larger code cache with -XX:ReservedCodeCacheSize=
#   JVM is running with Unscaled Compressed Oops mode in which the Java heap is
#     placed in the first 4GB address space. The Java Heap base address is the
#     maximum limit for the native heap growth. Please use -XX:HeapBaseMinAddress
#     to set the Java Heap base and to place the Java Heap above 4GB virtual address.
# This output file may be truncated or incomplete.
#
#  Out of Memory Error (arena.cpp:79), pid=3352, tid=2944
#
# JRE version: Java(TM) SE Runtime Environment (16.0.2+7) (build 16.0.2+7-67)
# Java VM: Java HotSpot(TM) 64-Bit Server VM (16.0.2+7-67, mixed mode, sharing, tiered, compressed oops, compressed class ptrs, g1 gc, windows-amd64)
# No core dump will be written. Minidumps are not enabled by default on client versions of Windows
#

---------------  S U M M A R Y ------------

Command Line: -Dfile.encoding=Cp1252 -XX:+ShowCodeDetailsInExceptionMessages tdaproject.Init

Host: Intel(R) Celeron(R) CPU  J1800  @ 2.41GHz, 2 cores, 3G,  Windows 10 , 64 bit Build 19041 (10.0.19041.1202)
Time: Fri May 27 01:55:48 2022 Hora est. Pacífico, Sudamérica elapsed time: 0.181381 seconds (0d 0h 0m 0s)

---------------  T H R E A D  ---------------

Current thread (0x000001f72e1729d0):  JavaThread "C2 CompilerThread0" daemon [_thread_in_vm, id=2944, stack(0x000000e55f500000,0x000000e55f600000)]

Stack: [0x000000e55f500000,0x000000e55f600000]
Native frames: (J=compiled Java code, j=interpreted, Vv=VM code, C=native code)
V  [jvm.dll+0x6681ca]
V  [jvm.dll+0x7c9e69]
V  [jvm.dll+0x7cb61e]
V  [jvm.dll+0x7cbc73]
V  [jvm.dll+0x242c55]
V  [jvm.dll+0xae10f]
V  [jvm.dll+0xae45c]
V  [jvm.dll+0x1d351b]
V  [jvm.dll+0x1bff2e]
V  [jvm.dll+0x223eda]
V  [jvm.dll+0x22305a]
V  [jvm.dll+0x77fa62]
V  [jvm.dll+0x7795aa]
V  [jvm.dll+0x667066]
C  [ucrtbase.dll+0x21bb2]
C  [KERNEL32.DLL+0x17034]
C  [ntdll.dll+0x52651]


---------------  P R O C E S S  ---------------

Threads class SMR info:
_java_thread_list=0x000001f72e158870, length=10, elements={
0x000001f711617e40, 0x000001f72e1561f0, 0x000001f72e157250, 0x000001f72e16cf90,
0x000001f72e16eab0, 0x000001f72e1713d0, 0x000001f72e171ce0, 0x000001f72e1729d0,
0x000001f72e199cc0, 0x000001f72e1ae220
}

Java Threads: ( => current thread )
  0x000001f711617e40 JavaThread "main" [_thread_in_Java, id=4028, stack(0x000000e55e800000,0x000000e55e900000)]
  0x000001f72e1561f0 JavaThread "Reference Handler" daemon [_thread_blocked, id=344, stack(0x000000e55ef00000,0x000000e55f000000)]
  0x000001f72e157250 JavaThread "Finalizer" daemon [_thread_blocked, id=10048, stack(0x000000e55f000000,0x000000e55f100000)]
  0x000001f72e16cf90 JavaThread "Signal Dispatcher" daemon [_thread_blocked, id=6276, stack(0x000000e55f100000,0x000000e55f200000)]
  0x000001f72e16eab0 JavaThread "Attach Listener" daemon [_thread_blocked, id=6656, stack(0x000000e55f200000,0x000000e55f300000)]
  0x000001f72e1713d0 JavaThread "Service Thread" daemon [_thread_blocked, id=9380, stack(0x000000e55f300000,0x000000e55f400000)]
  0x000001f72e171ce0 JavaThread "Monitor Deflation Thread" daemon [_thread_blocked, id=2760, stack(0x000000e55f400000,0x000000e55f500000)]
=>0x000001f72e1729d0 JavaThread "C2 CompilerThread0" daemon [_thread_in_vm, id=2944, stack(0x000000e55f500000,0x000000e55f600000)]
  0x000001f72e199cc0 JavaThread "C1 CompilerThread0" daemon [_thread_blocked, id=4832, stack(0x000000e55f600000,0x000000e55f700000)]
  0x000001f72e1ae220 JavaThread "Sweeper thread" daemon [_thread_blocked, id=8380, stack(0x000000e55f700000,0x000000e55f800000)]

Other Threads:
  0x000001f7116fe880 VMThread "VM Thread" [stack: 0x000000e55ee00000,0x000000e55ef00000] [id=9100]
  0x000001f711646570 GCTaskThread "GC Thread#0" [stack: 0x000000e55e900000,0x000000e55ea00000] [id=1940]
  0x000001f711651160 ConcurrentGCThread "G1 Main Marker" [stack: 0x000000e55ea00000,0x000000e55eb00000] [id=2412]
  0x000001f7116523c0 ConcurrentGCThread "G1 Conc#0" [stack: 0x000000e55eb00000,0x000000e55ec00000] [id=9344]
  0x000001f711695880 ConcurrentGCThread "G1 Refine#0" [stack: 0x000000e55ec00000,0x000000e55ed00000] [id=3236]
  0x000001f7116969b0 ConcurrentGCThread "G1 Service" [stack: 0x000000e55ed00000,0x000000e55ee00000] [id=8644]

Threads with active compile tasks:

VM state: not at safepoint (normal execution)

VM Mutex/Monitor currently owned by a thread: None

Heap address: 0x00000000c1c00000, size: 996 MB, Compressed Oops mode: 32-bit

CDS archive(s) mapped at: [0x0000000800000000-0x0000000800bb0000-0x0000000800bb0000), size 12255232, SharedBaseAddress: 0x0000000800000000, ArchiveRelocationMode: 0.
Compressed class space mapped at: 0x0000000800c00000-0x0000000840c00000, reserved size: 1073741824
Narrow klass base: 0x0000000800000000, Narrow klass shift: 3, Narrow klass range: 0x100000000

GC Precious Log:
 CPUs: 2 total, 2 available
 Memory: 3979M
 Large Page Support: Disabled
 NUMA Support: Disabled
 Compressed Oops: Enabled (32-bit)
 Heap Region Size: 1M
 Heap Min Capacity: 8M
 Heap Initial Capacity: 64M
 Heap Max Capacity: 996M
 Pre-touch: Disabled
 Parallel Workers: 2
 Concurrent Workers: 1
 Concurrent Refinement Workers: 2
 Periodic GC: Disabled

Heap:
 garbage-first heap   total 65536K, used 0K [0x00000000c1c00000, 0x0000000100000000)
  region size 1024K, 1 young (1024K), 0 survivors (0K)
 Metaspace       used 125K, committed 192K, reserved 1056768K
  class space    used 1K, committed 64K, reserved 1048576K

Heap Regions: E=young(eden), S=young(survivor), O=old, HS=humongous(starts), HC=humongous(continues), CS=collection set, F=free, OA=open archive, CA=closed archive, TAMS=top-at-mark-start (previous, next)
|   0|0x00000000c1c00000, 0x00000000c1c00000, 0x00000000c1d00000|  0%| F|  |TAMS 0x00000000c1c00000, 0x00000000c1c00000| Untracked 
|   1|0x00000000c1d00000, 0x00000000c1d00000, 0x00000000c1e00000|  0%| F|  |TAMS 0x00000000c1d00000, 0x00000000c1d00000| Untracked 
|   2|0x00000000c1e00000, 0x00000000c1e00000, 0x00000000c1f00000|  0%| F|  |TAMS 0x00000000c1e00000, 0x00000000c1e00000| Untracked 
|   3|0x00000000c1f00000, 0x00000000c1f00000, 0x00000000c2000000|  0%| F|  |TAMS 0x00000000c1f00000, 0x00000000c1f00000| Untracked 
|   4|0x00000000c2000000, 0x00000000c2000000, 0x00000000c2100000|  0%| F|  |TAMS 0x00000000c2000000, 0x00000000c2000000| Untracked 
|   5|0x00000000c2100000, 0x00000000c2100000, 0x00000000c2200000|  0%| F|  |TAMS 0x00000000c2100000, 0x00000000c2100000| Untracked 
|   6|0x00000000c2200000, 0x00000000c2200000, 0x00000000c2300000|  0%| F|  |TAMS 0x00000000c2200000, 0x00000000c2200000| Untracked 
|   7|0x00000000c2300000, 0x00000000c2300000, 0x00000000c2400000|  0%| F|  |TAMS 0x00000000c2300000, 0x00000000c2300000| Untracked 
|   8|0x00000000c2400000, 0x00000000c2400000, 0x00000000c2500000|  0%| F|  |TAMS 0x00000000c2400000, 0x00000000c2400000| Untracked 
|   9|0x00000000c2500000, 0x00000000c2500000, 0x00000000c2600000|  0%| F|  |TAMS 0x00000000c2500000, 0x00000000c2500000| Untracked 
|  10|0x00000000c2600000, 0x00000000c2600000, 0x00000000c2700000|  0%| F|  |TAMS 0x00000000c2600000, 0x00000000c2600000| Untracked 
|  11|0x00000000c2700000, 0x00000000c2700000, 0x00000000c2800000|  0%| F|  |TAMS 0x00000000c2700000, 0x00000000c2700000| Untracked 
|  12|0x00000000c2800000, 0x00000000c2800000, 0x00000000c2900000|  0%| F|  |TAMS 0x00000000c2800000, 0x00000000c2800000| Untracked 
|  13|0x00000000c2900000, 0x00000000c2900000, 0x00000000c2a00000|  0%| F|  |TAMS 0x00000000c2900000, 0x00000000c2900000| Untracked 
|  14|0x00000000c2a00000, 0x00000000c2a00000, 0x00000000c2b00000|  0%| F|  |TAMS 0x00000000c2a00000, 0x00000000c2a00000| Untracked 
|  15|0x00000000c2b00000, 0x00000000c2b00000, 0x00000000c2c00000|  0%| F|  |TAMS 0x00000000c2b00000, 0x00000000c2b00000| Untracked 
|  16|0x00000000c2c00000, 0x00000000c2c00000, 0x00000000c2d00000|  0%| F|  |TAMS 0x00000000c2c00000, 0x00000000c2c00000| Untracked 
|  17|0x00000000c2d00000, 0x00000000c2d00000, 0x00000000c2e00000|  0%| F|  |TAMS 0x00000000c2d00000, 0x00000000c2d00000| Untracked 
|  18|0x00000000c2e00000, 0x00000000c2e00000, 0x00000000c2f00000|  0%| F|  |TAMS 0x00000000c2e00000, 0x00000000c2e00000| Untracked 
|  19|0x00000000c2f00000, 0x00000000c2f00000, 0x00000000c3000000|  0%| F|  |TAMS 0x00000000c2f00000, 0x00000000c2f00000| Untracked 
|  20|0x00000000c3000000, 0x00000000c3000000, 0x00000000c3100000|  0%| F|  |TAMS 0x00000000c3000000, 0x00000000c3000000| Untracked 
|  21|0x00000000c3100000, 0x00000000c3100000, 0x00000000c3200000|  0%| F|  |TAMS 0x00000000c3100000, 0x00000000c3100000| Untracked 
|  22|0x00000000c3200000, 0x00000000c3200000, 0x00000000c3300000|  0%| F|  |TAMS 0x00000000c3200000, 0x00000000c3200000| Untracked 
|  23|0x00000000c3300000, 0x00000000c3300000, 0x00000000c3400000|  0%| F|  |TAMS 0x00000000c3300000, 0x00000000c3300000| Untracked 
|  24|0x00000000c3400000, 0x00000000c3400000, 0x00000000c3500000|  0%| F|  |TAMS 0x00000000c3400000, 0x00000000c3400000| Untracked 
|  25|0x00000000c3500000, 0x00000000c3500000, 0x00000000c3600000|  0%| F|  |TAMS 0x00000000c3500000, 0x00000000c3500000| Untracked 
|  26|0x00000000c3600000, 0x00000000c3600000, 0x00000000c3700000|  0%| F|  |TAMS 0x00000000c3600000, 0x00000000c3600000| Untracked 
|  27|0x00000000c3700000, 0x00000000c3700000, 0x00000000c3800000|  0%| F|  |TAMS 0x00000000c3700000, 0x00000000c3700000| Untracked 
|  28|0x00000000c3800000, 0x00000000c3800000, 0x00000000c3900000|  0%| F|  |TAMS 0x00000000c3800000, 0x00000000c3800000| Untracked 
|  29|0x00000000c3900000, 0x00000000c3900000, 0x00000000c3a00000|  0%| F|  |TAMS 0x00000000c3900000, 0x00000000c3900000| Untracked 
|  30|0x00000000c3a00000, 0x00000000c3a00000, 0x00000000c3b00000|  0%| F|  |TAMS 0x00000000c3a00000, 0x00000000c3a00000| Untracked 
|  31|0x00000000c3b00000, 0x00000000c3b00000, 0x00000000c3c00000|  0%| F|  |TAMS 0x00000000c3b00000, 0x00000000c3b00000| Untracked 
|  32|0x00000000c3c00000, 0x00000000c3c00000, 0x00000000c3d00000|  0%| F|  |TAMS 0x00000000c3c00000, 0x00000000c3c00000| Untracked 
|  33|0x00000000c3d00000, 0x00000000c3d00000, 0x00000000c3e00000|  0%| F|  |TAMS 0x00000000c3d00000, 0x00000000c3d00000| Untracked 
|  34|0x00000000c3e00000, 0x00000000c3e00000, 0x00000000c3f00000|  0%| F|  |TAMS 0x00000000c3e00000, 0x00000000c3e00000| Untracked 
|  35|0x00000000c3f00000, 0x00000000c3f00000, 0x00000000c4000000|  0%| F|  |TAMS 0x00000000c3f00000, 0x00000000c3f00000| Untracked 
|  36|0x00000000c4000000, 0x00000000c4000000, 0x00000000c4100000|  0%| F|  |TAMS 0x00000000c4000000, 0x00000000c4000000| Untracked 
|  37|0x00000000c4100000, 0x00000000c4100000, 0x00000000c4200000|  0%| F|  |TAMS 0x00000000c4100000, 0x00000000c4100000| Untracked 
|  38|0x00000000c4200000, 0x00000000c4200000, 0x00000000c4300000|  0%| F|  |TAMS 0x00000000c4200000, 0x00000000c4200000| Untracked 
|  39|0x00000000c4300000, 0x00000000c4300000, 0x00000000c4400000|  0%| F|  |TAMS 0x00000000c4300000, 0x00000000c4300000| Untracked 
|  40|0x00000000c4400000, 0x00000000c4400000, 0x00000000c4500000|  0%| F|  |TAMS 0x00000000c4400000, 0x00000000c4400000| Untracked 
|  41|0x00000000c4500000, 0x00000000c4500000, 0x00000000c4600000|  0%| F|  |TAMS 0x00000000c4500000, 0x00000000c4500000| Untracked 
|  42|0x00000000c4600000, 0x00000000c4600000, 0x00000000c4700000|  0%| F|  |TAMS 0x00000000c4600000, 0x00000000c4600000| Untracked 
|  43|0x00000000c4700000, 0x00000000c4700000, 0x00000000c4800000|  0%| F|  |TAMS 0x00000000c4700000, 0x00000000c4700000| Untracked 
|  44|0x00000000c4800000, 0x00000000c4800000, 0x00000000c4900000|  0%| F|  |TAMS 0x00000000c4800000, 0x00000000c4800000| Untracked 
|  45|0x00000000c4900000, 0x00000000c4900000, 0x00000000c4a00000|  0%| F|  |TAMS 0x00000000c4900000, 0x00000000c4900000| Untracked 
|  46|0x00000000c4a00000, 0x00000000c4a00000, 0x00000000c4b00000|  0%| F|  |TAMS 0x00000000c4a00000, 0x00000000c4a00000| Untracked 
|  47|0x00000000c4b00000, 0x00000000c4b00000, 0x00000000c4c00000|  0%| F|  |TAMS 0x00000000c4b00000, 0x00000000c4b00000| Untracked 
|  48|0x00000000c4c00000, 0x00000000c4c00000, 0x00000000c4d00000|  0%| F|  |TAMS 0x00000000c4c00000, 0x00000000c4c00000| Untracked 
|  49|0x00000000c4d00000, 0x00000000c4d00000, 0x00000000c4e00000|  0%| F|  |TAMS 0x00000000c4d00000, 0x00000000c4d00000| Untracked 
|  50|0x00000000c4e00000, 0x00000000c4e00000, 0x00000000c4f00000|  0%| F|  |TAMS 0x00000000c4e00000, 0x00000000c4e00000| Untracked 
|  51|0x00000000c4f00000, 0x00000000c4f00000, 0x00000000c5000000|  0%| F|  |TAMS 0x00000000c4f00000, 0x00000000c4f00000| Untracked 
|  52|0x00000000c5000000, 0x00000000c5000000, 0x00000000c5100000|  0%| F|  |TAMS 0x00000000c5000000, 0x00000000c5000000| Untracked 
|  53|0x00000000c5100000, 0x00000000c5100000, 0x00000000c5200000|  0%| F|  |TAMS 0x00000000c5100000, 0x00000000c5100000| Untracked 
|  54|0x00000000c5200000, 0x00000000c5200000, 0x00000000c5300000|  0%| F|  |TAMS 0x00000000c5200000, 0x00000000c5200000| Untracked 
|  55|0x00000000c5300000, 0x00000000c5300000, 0x00000000c5400000|  0%| F|  |TAMS 0x00000000c5300000, 0x00000000c5300000| Untracked 
|  56|0x00000000c5400000, 0x00000000c5400000, 0x00000000c5500000|  0%| F|  |TAMS 0x00000000c5400000, 0x00000000c5400000| Untracked 
|  57|0x00000000c5500000, 0x00000000c5500000, 0x00000000c5600000|  0%| F|  |TAMS 0x00000000c5500000, 0x00000000c5500000| Untracked 
|  58|0x00000000c5600000, 0x00000000c5600000, 0x00000000c5700000|  0%| F|  |TAMS 0x00000000c5600000, 0x00000000c5600000| Untracked 
|  59|0x00000000c5700000, 0x00000000c5700000, 0x00000000c5800000|  0%| F|  |TAMS 0x00000000c5700000, 0x00000000c5700000| Untracked 
|  60|0x00000000c5800000, 0x00000000c5800000, 0x00000000c5900000|  0%| F|  |TAMS 0x00000000c5800000, 0x00000000c5800000| Untracked 
|  61|0x00000000c5900000, 0x00000000c5900000, 0x00000000c5a00000|  0%| F|  |TAMS 0x00000000c5900000, 0x00000000c5900000| Untracked 
|  62|0x00000000c5a00000, 0x00000000c5a00000, 0x00000000c5b00000|  0%| F|  |TAMS 0x00000000c5a00000, 0x00000000c5a00000| Untracked 
|  63|0x00000000c5b00000, 0x00000000c5bd7258, 0x00000000c5c00000| 84%| E|  |TAMS 0x00000000c5b00000, 0x00000000c5b00000| Complete 

Card table byte_map: [0x000001f729b80000,0x000001f729d80000] _byte_map_base: 0x000001f729572000

Marking Bits (Prev, Next): (CMBitMap*) 0x000001f711648b10, (CMBitMap*) 0x000001f711648b50
 Prev Bits: [0x000001f729f80000, 0x000001f72af10000)
 Next Bits: [0x000001f72af10000, 0x000001f72bea0000)

Polling page: 0x000001f711700000

Metaspace:

Usage:
  Non-class:    124.45 KB used.
      Class:      1.45 KB used.
       Both:    125.91 KB used.

Virtual space:
  Non-class space:        8.00 MB reserved,     128.00 KB (  2%) committed,  1 nodes.
      Class space:        1.00 GB reserved,      64.00 KB ( <1%) committed,  1 nodes.
              Both:        1.01 GB reserved,     192.00 KB ( <1%) committed. 

Chunk freelists:
   Non-Class:  0 bytes
       Class:  3.75 MB
        Both:  3.75 MB

MaxMetaspaceSize: 17179869184.00 GB
CompressedClassSpaceSize: 1.00 GB
 - commit_granule_bytes: 65536.
 - commit_granule_words: 8192.
 - virtual_space_node_default_size: 1048576.
 - enlarge_chunks_in_place: 1.
 - new_chunks_are_fully_committed: 0.
 - uncommit_free_chunks: 1.
 - use_allocation_guard: 0.
 - handle_deallocations: 1.


Internal statistics:

num_allocs_failed_limit: 0.
num_arena_births: 2.
num_arena_deaths: 0.
num_vsnodes_births: 2.
num_vsnodes_deaths: 0.
num_space_committed: 3.
num_space_uncommitted: 0.
num_chunks_returned_to_freelist: 0.
num_chunks_taken_from_freelist: 3.
num_chunk_merges: 0.
num_chunk_splits: 1.
num_chunks_enlarged: 0.
num_purges: 0.

CodeHeap 'non-profiled nmethods': size=120064Kb used=10Kb max_used=10Kb free=120053Kb
 bounds [0x000001f722030000, 0x000001f7222a0000, 0x000001f729570000]
CodeHeap 'profiled nmethods': size=120000Kb used=82Kb max_used=82Kb free=119917Kb
 bounds [0x000001f71ab00000, 0x000001f71ad70000, 0x000001f722030000]
CodeHeap 'non-nmethods': size=5696Kb used=1038Kb max_used=1038Kb free=4657Kb
 bounds [0x000001f71a570000, 0x000001f71a7e0000, 0x000001f71ab00000]
 total_blobs=349 nmethods=59 adapters=219
 compilation: enabled
              stopped_count=0, restarted_count=0
 full_count=0

Compilation events (0 events):
No events

GC Heap History (0 events):
No events

Deoptimization events (0 events):
No events

Classes unloaded (0 events):
No events

Classes redefined (0 events):
No events

Internal exceptions (0 events):
No events

Events (9 events):
Event: 0.019 Loaded shared library C:\Program Files\Java\jdk-16.0.2\bin\java.dll
Event: 0.060 Thread 0x000001f711617e40 Thread added: 0x000001f711617e40
Event: 0.073 Thread 0x000001f72e1561f0 Thread added: 0x000001f72e1561f0
Event: 0.074 Thread 0x000001f72e157250 Thread added: 0x000001f72e157250
Event: 0.114 Thread 0x000001f72e16cf90 Thread added: 0x000001f72e16cf90
Event: 0.114 Thread 0x000001f72e16eab0 Thread added: 0x000001f72e16eab0
Event: 0.115 Thread 0x000001f72e1713d0 Thread added: 0x000001f72e1713d0
Event: 0.115 Thread 0x000001f72e171ce0 Thread added: 0x000001f72e171ce0
Event: 0.115 Thread 0x000001f72e1729d0 Thread added: 0x000001f72e1729d0


Dynamic libraries:
0x00007ff6802b0000 - 0x00007ff6802c0000 	C:\Program Files\Java\jdk-16.0.2\bin\javaw.exe
0x00007ffe9ef70000 - 0x00007ffe9f165000 	C:\WINDOWS\SYSTEM32\ntdll.dll
0x00007ffe9cfc0000 - 0x00007ffe9d07e000 	C:\WINDOWS\System32\KERNEL32.DLL
0x00007ffe9cb90000 - 0x00007ffe9ce59000 	C:\WINDOWS\System32\KERNELBASE.dll
0x00007ffe9ca90000 - 0x00007ffe9cb90000 	C:\WINDOWS\System32\ucrtbase.dll
0x00007ffe99cb0000 - 0x00007ffe99cc8000 	C:\Program Files\Java\jdk-16.0.2\bin\jli.dll
0x00007ffe9d1b0000 - 0x00007ffe9d25c000 	C:\WINDOWS\System32\ADVAPI32.dll
0x00007ffe9e600000 - 0x00007ffe9e69e000 	C:\WINDOWS\System32\msvcrt.dll
0x00007ffe9ea40000 - 0x00007ffe9eadb000 	C:\WINDOWS\System32\sechost.dll
0x00007ffe9e760000 - 0x00007ffe9e88a000 	C:\WINDOWS\System32\RPCRT4.dll
0x00007ffe9ec20000 - 0x00007ffe9edc1000 	C:\WINDOWS\System32\USER32.dll
0x00007ffe9c870000 - 0x00007ffe9c892000 	C:\WINDOWS\System32\win32u.dll
0x00007ffe9e730000 - 0x00007ffe9e75b000 	C:\WINDOWS\System32\GDI32.dll
0x00007ffe9c980000 - 0x00007ffe9ca8b000 	C:\WINDOWS\System32\gdi32full.dll
0x00007ffe9c7d0000 - 0x00007ffe9c86d000 	C:\WINDOWS\System32\msvcp_win.dll
0x00007ffe98200000 - 0x00007ffe98219000 	C:\Program Files\Java\jdk-16.0.2\bin\VCRUNTIME140.dll
0x00007ffe8ab30000 - 0x00007ffe8adca000 	C:\WINDOWS\WinSxS\amd64_microsoft.windows.common-controls_6595b64144ccf1df_6.0.19041.1110_none_60b5254171f9507e\COMCTL32.dll
0x00007ffe8f790000 - 0x00007ffe8f79a000 	C:\WINDOWS\SYSTEM32\VERSION.dll
0x00007ffe9edd0000 - 0x00007ffe9ee00000 	C:\WINDOWS\System32\IMM32.DLL
0x00007ffe99ee0000 - 0x00007ffe99eec000 	C:\Program Files\Java\jdk-16.0.2\bin\vcruntime140_1.dll
0x00007ffe937c0000 - 0x00007ffe93851000 	C:\Program Files\Java\jdk-16.0.2\bin\msvcp140.dll
0x00007ffe6c480000 - 0x00007ffe6d02b000 	C:\Program Files\Java\jdk-16.0.2\bin\server\jvm.dll
0x00007ffe9d130000 - 0x00007ffe9d138000 	C:\WINDOWS\System32\PSAPI.DLL
0x00007ffe981b0000 - 0x00007ffe981b9000 	C:\WINDOWS\SYSTEM32\WSOCK32.dll
0x00007ffe9e6c0000 - 0x00007ffe9e72b000 	C:\WINDOWS\System32\WS2_32.dll
0x00007ffe8dd90000 - 0x00007ffe8ddb7000 	C:\WINDOWS\SYSTEM32\WINMM.dll
0x00007ffe9a5b0000 - 0x00007ffe9a5c2000 	C:\WINDOWS\SYSTEM32\kernel.appcore.dll
0x00007ffe98130000 - 0x00007ffe9813a000 	C:\Program Files\Java\jdk-16.0.2\bin\jimage.dll
0x00007ffe89020000 - 0x00007ffe89204000 	C:\WINDOWS\SYSTEM32\DBGHELP.DLL
0x00007ffe88ff0000 - 0x00007ffe8901c000 	C:\WINDOWS\SYSTEM32\dbgcore.DLL
0x00007ffe9c8a0000 - 0x00007ffe9c923000 	C:\WINDOWS\System32\bcryptPrimitives.dll
0x00007ffe93790000 - 0x00007ffe937b5000 	C:\Program Files\Java\jdk-16.0.2\bin\java.dll
0x00007ffe9dd20000 - 0x00007ffe9e45f000 	C:\WINDOWS\System32\SHELL32.dll
0x00007ffe9a7b0000 - 0x00007ffe9af40000 	C:\WINDOWS\SYSTEM32\windows.storage.dll
0x00007ffe9d260000 - 0x00007ffe9d5b5000 	C:\WINDOWS\System32\combase.dll
0x00007ffe9c0b0000 - 0x00007ffe9c0dc000 	C:\WINDOWS\SYSTEM32\Wldp.dll
0x00007ffe9e460000 - 0x00007ffe9e50e000 	C:\WINDOWS\System32\SHCORE.dll
0x00007ffe9d770000 - 0x00007ffe9d7c5000 	C:\WINDOWS\System32\shlwapi.dll
0x00007ffe9c5d0000 - 0x00007ffe9c5ef000 	C:\WINDOWS\SYSTEM32\profapi.dll

dbghelp: loaded successfully - version: 4.0.5 - missing functions: none
symbol engine: initialized successfully - sym options: 0x614 - pdb path: .;C:\Program Files\Java\jdk-16.0.2\bin;C:\WINDOWS\SYSTEM32;C:\WINDOWS\WinSxS\amd64_microsoft.windows.common-controls_6595b64144ccf1df_6.0.19041.1110_none_60b5254171f9507e;C:\Program Files\Java\jdk-16.0.2\bin\server

VM Arguments:
jvm_args: -Dfile.encoding=Cp1252 -XX:+ShowCodeDetailsInExceptionMessages 
java_command: tdaproject.Init
java_class_path (initial): C:\Users\GINNA1\Documents\Proyecto_Estructuras\tdaproject\bin
Launcher Type: SUN_STANDARD

[Global flags]
     intx CICompilerCount                          = 2                                         {product} {ergonomic}
     uint ConcGCThreads                            = 1                                         {product} {ergonomic}
     uint G1ConcRefinementThreads                  = 2                                         {product} {ergonomic}
   size_t G1HeapRegionSize                         = 1048576                                   {product} {ergonomic}
    uintx GCDrainStackTargetSize                   = 64                                        {product} {ergonomic}
   size_t InitialHeapSize                          = 67108864                                  {product} {ergonomic}
   size_t MarkStackSize                            = 4194304                                   {product} {ergonomic}
   size_t MaxHeapSize                              = 1044381696                                {product} {ergonomic}
   size_t MaxNewSize                               = 625999872                                 {product} {ergonomic}
   size_t MinHeapDeltaBytes                        = 1048576                                   {product} {ergonomic}
   size_t MinHeapSize                              = 8388608                                   {product} {ergonomic}
    uintx NonNMethodCodeHeapSize                   = 5826188                                {pd product} {ergonomic}
    uintx NonProfiledCodeHeapSize                  = 122916026                              {pd product} {ergonomic}
    uintx ProfiledCodeHeapSize                     = 122916026                              {pd product} {ergonomic}
    uintx ReservedCodeCacheSize                    = 251658240                              {pd product} {ergonomic}
     bool SegmentedCodeCache                       = true                                      {product} {ergonomic}
     bool ShowCodeDetailsInExceptionMessages       = true                                   {manageable} {command line}
   size_t SoftMaxHeapSize                          = 1044381696                             {manageable} {ergonomic}
     bool UseCompressedClassPointers               = true                           {product lp64_product} {ergonomic}
     bool UseCompressedOops                        = true                           {product lp64_product} {ergonomic}
     bool UseG1GC                                  = true                                      {product} {ergonomic}
     bool UseLargePagesIndividualAllocation        = false                                  {pd product} {ergonomic}

Logging:
Log output configuration:
 #0: stdout all=warning uptime,level,tags
 #1: stderr all=off uptime,level,tags

Environment Variables:
JAVA_HOME=C:\Program Files\Java\jdk-16.0.2\bin
PATH=C:\Program Files\Common Files\Oracle\Java\javapath;C:\Program Files (x86)\Common Files\Oracle\Java\javapath;C:\ProgramData\Oracle\Java\javapath;C:\WINDOWS\system32;C:\WINDOWS;C:\WINDOWS\System32\Wbem;C:\WINDOWS\System32\WindowsPowerShell\v1.0\;C:\WINDOWS\System32\OpenSSH\;C:\Program Files\dotnet\;C:\Users\GINNA1\AppData\Roaming\Python\Python39;C:\Program Files\nodejs\;C:\Program Files\Java\jdk-16.0.2\bin;C:\Program Files\Git\cmd;C:\Users\GINNA1\AppData\Local\Microsoft\WindowsApps;C:\Users\GINNA1\.dotnet\tools;C:\Program Files\JetBrains\IntelliJ IDEA Community Edition 2021.1.2\bin;;C:\Users\GINNA1\AppData\Roaming\npm;C:\MinGW\bin;C:\Users\GINNA1\AppData\Local\Programs\Microsoft VS Code\bin
USERNAME=GINNA1
OS=Windows_NT
PROCESSOR_IDENTIFIER=Intel64 Family 6 Model 55 Stepping 8, GenuineIntel



---------------  S Y S T E M  ---------------

OS:
 Windows 10 , 64 bit Build 19041 (10.0.19041.1202)
OS uptime: 1 days 10:59 hours

CPU: total 2 (initial active 2) (2 cores per cpu, 1 threads per core) family 6 model 55 stepping 8 microcode 0x838, cx8, cmov, fxsr, mmx, 3dnowpref, sse, sse2, sse3, ssse3, sse4.1, sse4.2, popcnt, tsc, tscinvbit, erms, clmul, clflush

Memory: 4k page, system-wide physical 3979M (440M free)
TotalPageFile size 3979M (AvailPageFile size 3M)
current process WorkingSet (physical memory assigned to process): 23M, peak: 23M
current process commit charge ("private bytes"): 129M, peak: 129M

vm_info: Java HotSpot(TM) 64-Bit Server VM (16.0.2+7-67) for windows-amd64 JRE (16.0.2+7-67), built on Jun  8 2021 23:24:19 by "mach5one" with MS VC++ 16.7 (VS2019)

END.
