#
# There is insufficient memory for the Java Runtime Environment to continue.
# Native memory allocation (mmap) failed to map 26214400 bytes for G1 virtual space
# Possible reasons:
#   The system is out of physical RAM or swap space
#   The process is running with CompressedOops enabled, and the Java Heap may be blocking the growth of the native heap
# Possible solutions:
#   Reduce memory load on the system
#   Increase physical memory or swap space
#   Check if swap backing store is full
#   Decrease Java heap size (-Xmx/-Xms)
#   Decrease number of Java threads
#   Decrease Java thread stack sizes (-Xss)
#   Set larger code cache with -XX:ReservedCodeCacheSize=
#   JVM is running with Unscaled Compressed Oops mode in which the Java heap is
#     placed in the first 4GB address space. The Java Heap base address is the
#     maximum limit for the native heap growth. Please use -XX:HeapBaseMinAddress
#     to set the Java Heap base and to place the Java Heap above 4GB virtual address.
# This output file may be truncated or incomplete.
#
#  Out of Memory Error (os_windows.cpp:3466), pid=9196, tid=5116
#
# JRE version: Java(TM) SE Runtime Environment (16.0.2+7) (build 16.0.2+7-67)
# Java VM: Java HotSpot(TM) 64-Bit Server VM (16.0.2+7-67, mixed mode, sharing, tiered, compressed oops, compressed class ptrs, g1 gc, windows-amd64)
# No core dump will be written. Minidumps are not enabled by default on client versions of Windows
#

---------------  S U M M A R Y ------------

Command Line: -Dfile.encoding=Cp1252 -XX:+ShowCodeDetailsInExceptionMessages tdaproject.Init

Host: Intel(R) Celeron(R) CPU  J1800  @ 2.41GHz, 2 cores, 3G,  Windows 10 , 64 bit Build 19041 (10.0.19041.1202)
Time: Wed May 25 23:50:10 2022 Hora est. Pacífico, Sudamérica elapsed time: 744.720462 seconds (0d 0h 12m 24s)

---------------  T H R E A D  ---------------

Current thread (0x00000215772553c0):  VMThread "VM Thread" [stack: 0x000000b802900000,0x000000b802a00000] [id=5116]

Stack: [0x000000b802900000,0x000000b802a00000]
Native frames: (J=compiled Java code, j=interpreted, Vv=VM code, C=native code)
V  [jvm.dll+0x6681ca]
V  [jvm.dll+0x7c9e69]
V  [jvm.dll+0x7cb61e]
V  [jvm.dll+0x7cbc73]
V  [jvm.dll+0x242c55]
V  [jvm.dll+0x664f89]
V  [jvm.dll+0x659b75]
V  [jvm.dll+0x2fbfbb]
V  [jvm.dll+0x3031b6]
V  [jvm.dll+0x35299e]
V  [jvm.dll+0x352bcf]
V  [jvm.dll+0x2d3028]
V  [jvm.dll+0x2d6596]
V  [jvm.dll+0x2e0aa7]
V  [jvm.dll+0x315550]
V  [jvm.dll+0x7d00ab]
V  [jvm.dll+0x7d0da4]
V  [jvm.dll+0x7d12a9]
V  [jvm.dll+0x7d1564]
V  [jvm.dll+0x7d1630]
V  [jvm.dll+0x7795aa]
V  [jvm.dll+0x667066]
C  [ucrtbase.dll+0x21bb2]
C  [KERNEL32.DLL+0x17034]
C  [ntdll.dll+0x52651]

VM_Operation (0x000000b8025ff450): G1Concurrent, mode: safepoint, requested by thread 0x000002155a6b0ff0


---------------  P R O C E S S  ---------------

Threads class SMR info:
_java_thread_list=0x000002157d61b1d0, length=17, elements={
0x000002155a676640, 0x000002155a75d0b0, 0x000002155a75e8a0, 0x000002157726b8e0,
0x000002157726f710, 0x0000021577270020, 0x0000021577270930, 0x0000021577271620,
0x00000215772dd680, 0x00000215772e23a0, 0x0000021577d58440, 0x0000021577d63c90,
0x0000021577f42e20, 0x0000021577f75a50, 0x0000021578a39750, 0x0000021579b90ee0,
0x0000021579b91430
}

Java Threads: ( => current thread )
  0x000002155a676640 JavaThread "main" [_thread_blocked, id=2192, stack(0x000000b802300000,0x000000b802400000)]
  0x000002155a75d0b0 JavaThread "Reference Handler" daemon [_thread_blocked, id=1356, stack(0x000000b802a00000,0x000000b802b00000)]
  0x000002155a75e8a0 JavaThread "Finalizer" daemon [_thread_blocked, id=6832, stack(0x000000b802b00000,0x000000b802c00000)]
  0x000002157726b8e0 JavaThread "Signal Dispatcher" daemon [_thread_blocked, id=4848, stack(0x000000b802c00000,0x000000b802d00000)]
  0x000002157726f710 JavaThread "Attach Listener" daemon [_thread_blocked, id=5564, stack(0x000000b802d00000,0x000000b802e00000)]
  0x0000021577270020 JavaThread "Service Thread" daemon [_thread_blocked, id=9136, stack(0x000000b802e00000,0x000000b802f00000)]
  0x0000021577270930 JavaThread "Monitor Deflation Thread" daemon [_thread_blocked, id=9016, stack(0x000000b802f00000,0x000000b803000000)]
  0x0000021577271620 JavaThread "C2 CompilerThread0" daemon [_thread_blocked, id=6572, stack(0x000000b803000000,0x000000b803100000)]
  0x00000215772dd680 JavaThread "C1 CompilerThread0" daemon [_thread_blocked, id=8528, stack(0x000000b803100000,0x000000b803200000)]
  0x00000215772e23a0 JavaThread "Sweeper thread" daemon [_thread_blocked, id=8220, stack(0x000000b803200000,0x000000b803300000)]
  0x0000021577d58440 JavaThread "Notification Thread" daemon [_thread_blocked, id=6412, stack(0x000000b803300000,0x000000b803400000)]
  0x0000021577d63c90 JavaThread "Common-Cleaner" daemon [_thread_blocked, id=1348, stack(0x000000b803500000,0x000000b803600000)]
  0x0000021577f42e20 JavaThread "Java2D Disposer" daemon [_thread_blocked, id=7272, stack(0x000000b803600000,0x000000b803700000)]
  0x0000021577f75a50 JavaThread "AWT-Windows" daemon [_thread_in_native, id=1840, stack(0x000000b803800000,0x000000b803900000)]
  0x0000021578a39750 JavaThread "Swing-Shell" daemon [_thread_blocked, id=2168, stack(0x000000b803c00000,0x000000b803d00000)]
  0x0000021579b90ee0 JavaThread "AWT-Shutdown" [_thread_blocked, id=3156, stack(0x000000b802100000,0x000000b802200000)]
  0x0000021579b91430 JavaThread "AWT-EventQueue-0" [_thread_blocked, id=2428, stack(0x000000b802200000,0x000000b802300000)]

Other Threads:
=>0x00000215772553c0 VMThread "VM Thread" [stack: 0x000000b802900000,0x000000b802a00000] [id=5116]
  0x0000021577d61990 WatcherThread [stack: 0x000000b803400000,0x000000b803500000] [id=8072]
  0x000002155a6a6300 GCTaskThread "GC Thread#0" [stack: 0x000000b802400000,0x000000b802500000] [id=6984]
  0x0000021578b7c940 GCTaskThread "GC Thread#1" [stack: 0x000000b804100000,0x000000b804200000] [id=8720]
  0x000002155a6b0ff0 ConcurrentGCThread "G1 Main Marker" [stack: 0x000000b802500000,0x000000b802600000] [id=5588]
  0x000002155a6b22d0 ConcurrentGCThread "G1 Conc#0" [stack: 0x000000b802600000,0x000000b802700000] [id=2336]
  0x000002155a6f5810 ConcurrentGCThread "G1 Refine#0" [stack: 0x000000b802700000,0x000000b802800000] [id=408]
  0x0000021578b7cc50 ConcurrentGCThread "G1 Refine#1" [stack: 0x000000b804200000,0x000000b804300000] [id=8112]
  0x000002155a6f69c0 ConcurrentGCThread "G1 Service" [stack: 0x000000b802800000,0x000000b802900000] [id=2076]

Threads with active compile tasks:

VM state: at safepoint (normal execution)

VM Mutex/Monitor currently owned by a thread:  ([mutex/lock_event])
[0x000002155a673a20] Threads_lock - owner thread: 0x00000215772553c0
[0x000002155a6731b0] Heap_lock - owner thread: 0x000002155a6b0ff0

Heap address: 0x00000000c1c00000, size: 996 MB, Compressed Oops mode: 32-bit

CDS archive(s) mapped at: [0x0000000800000000-0x0000000800bb0000-0x0000000800bb0000), size 12255232, SharedBaseAddress: 0x0000000800000000, ArchiveRelocationMode: 0.
Compressed class space mapped at: 0x0000000800c00000-0x0000000840c00000, reserved size: 1073741824
Narrow klass base: 0x0000000800000000, Narrow klass shift: 3, Narrow klass range: 0x100000000

GC Precious Log:
 CPUs: 2 total, 2 available
 Memory: 3979M
 Large Page Support: Disabled
 NUMA Support: Disabled
 Compressed Oops: Enabled (32-bit)
 Heap Region Size: 1M
 Heap Min Capacity: 8M
 Heap Initial Capacity: 64M
 Heap Max Capacity: 996M
 Pre-touch: Disabled
 Parallel Workers: 2
 Concurrent Workers: 1
 Concurrent Refinement Workers: 2
 Periodic GC: Disabled

Heap:
 garbage-first heap   total 219136K, used 144896K [0x00000000c1c00000, 0x0000000100000000)
  region size 1024K, 7 young (7168K), 6 survivors (6144K)
 Metaspace       used 10444K, committed 10688K, reserved 1064960K
  class space    used 1091K, committed 1216K, reserved 1048576K

Heap Regions: E=young(eden), S=young(survivor), O=old, HS=humongous(starts), HC=humongous(continues), CS=collection set, F=free, OA=open archive, CA=closed archive, TAMS=top-at-mark-start (previous, next)
|   0|0x00000000c1c00000, 0x00000000c1d00000, 0x00000000c1d00000|100%| O|  |TAMS 0x00000000c1d00000, 0x00000000c1c00000| Updating 
|   1|0x00000000c1d00000, 0x00000000c1e00000, 0x00000000c1e00000|100%| O|  |TAMS 0x00000000c1e00000, 0x00000000c1d00000| Updating 
|   2|0x00000000c1e00000, 0x00000000c1f00000, 0x00000000c1f00000|100%| O|  |TAMS 0x00000000c1f00000, 0x00000000c1e00000| Updating 
|   3|0x00000000c1f00000, 0x00000000c2000000, 0x00000000c2000000|100%| O|  |TAMS 0x00000000c2000000, 0x00000000c1f00000| Updating 
|   4|0x00000000c2000000, 0x00000000c2100000, 0x00000000c2100000|100%| O|  |TAMS 0x00000000c2100000, 0x00000000c2000000| Updating 
|   5|0x00000000c2100000, 0x00000000c2200000, 0x00000000c2200000|100%| O|  |TAMS 0x00000000c2200000, 0x00000000c2100000| Updating 
|   6|0x00000000c2200000, 0x00000000c2300000, 0x00000000c2300000|100%| O|  |TAMS 0x00000000c2300000, 0x00000000c2200000| Updating 
|   7|0x00000000c2300000, 0x00000000c2400000, 0x00000000c2400000|100%| O|  |TAMS 0x00000000c2400000, 0x00000000c2300000| Updating 
|   8|0x00000000c2400000, 0x00000000c2500000, 0x00000000c2500000|100%| O|  |TAMS 0x00000000c2500000, 0x00000000c2400000| Updating 
|   9|0x00000000c2500000, 0x00000000c2600000, 0x00000000c2600000|100%| O|  |TAMS 0x00000000c2600000, 0x00000000c2500000| Updating 
|  10|0x00000000c2600000, 0x00000000c2700000, 0x00000000c2700000|100%| O|  |TAMS 0x00000000c2700000, 0x00000000c2600000| Updating 
|  11|0x00000000c2700000, 0x00000000c2800000, 0x00000000c2800000|100%| O|  |TAMS 0x00000000c2800000, 0x00000000c2700000| Updating 
|  12|0x00000000c2800000, 0x00000000c2900000, 0x00000000c2900000|100%| O|  |TAMS 0x00000000c2900000, 0x00000000c2800000| Updating 
|  13|0x00000000c2900000, 0x00000000c2a00000, 0x00000000c2a00000|100%| O|  |TAMS 0x00000000c2a00000, 0x00000000c2900000| Updating 
|  14|0x00000000c2a00000, 0x00000000c2b00000, 0x00000000c2b00000|100%| O|  |TAMS 0x00000000c2b00000, 0x00000000c2a00000| Updating 
|  15|0x00000000c2b00000, 0x00000000c2c00000, 0x00000000c2c00000|100%| O|  |TAMS 0x00000000c2c00000, 0x00000000c2b00000| Updating 
|  16|0x00000000c2c00000, 0x00000000c2d00000, 0x00000000c2d00000|100%| O|  |TAMS 0x00000000c2d00000, 0x00000000c2c00000| Updating 
|  17|0x00000000c2d00000, 0x00000000c2e00000, 0x00000000c2e00000|100%| O|  |TAMS 0x00000000c2e00000, 0x00000000c2d00000| Updating 
|  18|0x00000000c2e00000, 0x00000000c2f00000, 0x00000000c2f00000|100%| O|  |TAMS 0x00000000c2f00000, 0x00000000c2e00000| Updating 
|  19|0x00000000c2f00000, 0x00000000c3000000, 0x00000000c3000000|100%| O|  |TAMS 0x00000000c3000000, 0x00000000c2f00000| Updating 
|  20|0x00000000c3000000, 0x00000000c3100000, 0x00000000c3100000|100%| O|  |TAMS 0x00000000c3100000, 0x00000000c3000000| Updating 
|  21|0x00000000c3100000, 0x00000000c3200000, 0x00000000c3200000|100%| O|  |TAMS 0x00000000c3200000, 0x00000000c3100000| Updating 
|  22|0x00000000c3200000, 0x00000000c3300000, 0x00000000c3300000|100%| O|  |TAMS 0x00000000c3300000, 0x00000000c3200000| Updating 
|  23|0x00000000c3300000, 0x00000000c3400000, 0x00000000c3400000|100%| O|  |TAMS 0x00000000c3400000, 0x00000000c3300000| Updating 
|  24|0x00000000c3400000, 0x00000000c3500000, 0x00000000c3500000|100%| O|  |TAMS 0x00000000c3500000, 0x00000000c3400000| Updating 
|  25|0x00000000c3500000, 0x00000000c3600000, 0x00000000c3600000|100%| O|  |TAMS 0x00000000c3600000, 0x00000000c3500000| Updating 
|  26|0x00000000c3600000, 0x00000000c3700000, 0x00000000c3700000|100%| O|  |TAMS 0x00000000c3700000, 0x00000000c3600000| Updating 
|  27|0x00000000c3700000, 0x00000000c3800000, 0x00000000c3800000|100%| O|  |TAMS 0x00000000c3800000, 0x00000000c3700000| Updating 
|  28|0x00000000c3800000, 0x00000000c3900000, 0x00000000c3900000|100%| O|  |TAMS 0x00000000c3900000, 0x00000000c3800000| Updating 
|  29|0x00000000c3900000, 0x00000000c3a00000, 0x00000000c3a00000|100%| O|  |TAMS 0x00000000c3a00000, 0x00000000c3900000| Updating 
|  30|0x00000000c3a00000, 0x00000000c3b00000, 0x00000000c3b00000|100%| O|  |TAMS 0x00000000c3b00000, 0x00000000c3a00000| Updating 
|  31|0x00000000c3b00000, 0x00000000c3c00000, 0x00000000c3c00000|100%| O|  |TAMS 0x00000000c3c00000, 0x00000000c3b00000| Updating 
|  32|0x00000000c3c00000, 0x00000000c3d00000, 0x00000000c3d00000|100%| O|  |TAMS 0x00000000c3d00000, 0x00000000c3c00000| Updating 
|  33|0x00000000c3d00000, 0x00000000c3e00000, 0x00000000c3e00000|100%| O|  |TAMS 0x00000000c3e00000, 0x00000000c3d00000| Updating 
|  34|0x00000000c3e00000, 0x00000000c3f00000, 0x00000000c3f00000|100%| O|  |TAMS 0x00000000c3f00000, 0x00000000c3e00000| Updating 
|  35|0x00000000c3f00000, 0x00000000c4000000, 0x00000000c4000000|100%| O|  |TAMS 0x00000000c4000000, 0x00000000c3f00000| Updating 
|  36|0x00000000c4000000, 0x00000000c4100000, 0x00000000c4100000|100%| O|  |TAMS 0x00000000c4100000, 0x00000000c4000000| Updating 
|  37|0x00000000c4100000, 0x00000000c4200000, 0x00000000c4200000|100%| O|  |TAMS 0x00000000c4200000, 0x00000000c4100000| Updating 
|  38|0x00000000c4200000, 0x00000000c4300000, 0x00000000c4300000|100%| O|  |TAMS 0x00000000c4300000, 0x00000000c4200000| Updating 
|  39|0x00000000c4300000, 0x00000000c4400000, 0x00000000c4400000|100%| O|  |TAMS 0x00000000c4400000, 0x00000000c4300000| Updating 
|  40|0x00000000c4400000, 0x00000000c4500000, 0x00000000c4500000|100%| O|  |TAMS 0x00000000c4500000, 0x00000000c4400000| Updating 
|  41|0x00000000c4500000, 0x00000000c4600000, 0x00000000c4600000|100%| O|  |TAMS 0x00000000c4600000, 0x00000000c4500000| Updating 
|  42|0x00000000c4600000, 0x00000000c4700000, 0x00000000c4700000|100%| O|  |TAMS 0x00000000c4700000, 0x00000000c4600000| Updating 
|  43|0x00000000c4700000, 0x00000000c4800000, 0x00000000c4800000|100%| O|  |TAMS 0x00000000c4800000, 0x00000000c4700000| Updating 
|  44|0x00000000c4800000, 0x00000000c4900000, 0x00000000c4900000|100%| O|  |TAMS 0x00000000c4900000, 0x00000000c4800000| Updating 
|  45|0x00000000c4900000, 0x00000000c4a00000, 0x00000000c4a00000|100%| O|  |TAMS 0x00000000c4a00000, 0x00000000c4900000| Updating 
|  46|0x00000000c4a00000, 0x00000000c4b00000, 0x00000000c4b00000|100%| O|  |TAMS 0x00000000c4b00000, 0x00000000c4a00000| Updating 
|  47|0x00000000c4b00000, 0x00000000c4c00000, 0x00000000c4c00000|100%| O|  |TAMS 0x00000000c4c00000, 0x00000000c4b00000| Updating 
|  48|0x00000000c4c00000, 0x00000000c4d00000, 0x00000000c4d00000|100%| O|  |TAMS 0x00000000c4d00000, 0x00000000c4c00000| Updating 
|  49|0x00000000c4d00000, 0x00000000c4e00000, 0x00000000c4e00000|100%| O|  |TAMS 0x00000000c4e00000, 0x00000000c4d00000| Updating 
|  50|0x00000000c4e00000, 0x00000000c4f00000, 0x00000000c4f00000|100%| O|  |TAMS 0x00000000c4f00000, 0x00000000c4e00000| Updating 
|  51|0x00000000c4f00000, 0x00000000c5000000, 0x00000000c5000000|100%| O|  |TAMS 0x00000000c5000000, 0x00000000c4f00000| Updating 
|  52|0x00000000c5000000, 0x00000000c5100000, 0x00000000c5100000|100%| O|  |TAMS 0x00000000c5100000, 0x00000000c5000000| Updating 
|  53|0x00000000c5100000, 0x00000000c5200000, 0x00000000c5200000|100%| O|  |TAMS 0x00000000c5200000, 0x00000000c5100000| Updating 
|  54|0x00000000c5200000, 0x00000000c5300000, 0x00000000c5300000|100%| O|  |TAMS 0x00000000c5300000, 0x00000000c5200000| Updating 
|  55|0x00000000c5300000, 0x00000000c5400000, 0x00000000c5400000|100%| O|  |TAMS 0x00000000c5400000, 0x00000000c5300000| Updating 
|  56|0x00000000c5400000, 0x00000000c5500000, 0x00000000c5500000|100%| O|  |TAMS 0x00000000c5500000, 0x00000000c5400000| Updating 
|  57|0x00000000c5500000, 0x00000000c5600000, 0x00000000c5600000|100%| O|  |TAMS 0x00000000c5600000, 0x00000000c5500000| Updating 
|  58|0x00000000c5600000, 0x00000000c5700000, 0x00000000c5700000|100%| O|  |TAMS 0x00000000c5700000, 0x00000000c5600000| Updating 
|  59|0x00000000c5700000, 0x00000000c5800000, 0x00000000c5800000|100%| O|  |TAMS 0x00000000c5800000, 0x00000000c5700000| Updating 
|  60|0x00000000c5800000, 0x00000000c5900000, 0x00000000c5900000|100%| O|  |TAMS 0x00000000c5900000, 0x00000000c5800000| Updating 
|  61|0x00000000c5900000, 0x00000000c5a00000, 0x00000000c5a00000|100%| O|  |TAMS 0x00000000c5a00000, 0x00000000c5900000| Updating 
|  62|0x00000000c5a00000, 0x00000000c5b00000, 0x00000000c5b00000|100%| O|  |TAMS 0x00000000c5b00000, 0x00000000c5a00000| Updating 
|  63|0x00000000c5b00000, 0x00000000c5c00000, 0x00000000c5c00000|100%| O|  |TAMS 0x00000000c5c00000, 0x00000000c5b00000| Updating 
|  64|0x00000000c5c00000, 0x00000000c5d00000, 0x00000000c5d00000|100%| O|  |TAMS 0x00000000c5d00000, 0x00000000c5c00000| Updating 
|  65|0x00000000c5d00000, 0x00000000c5e00000, 0x00000000c5e00000|100%| O|  |TAMS 0x00000000c5e00000, 0x00000000c5d00000| Updating 
|  66|0x00000000c5e00000, 0x00000000c5f00000, 0x00000000c5f00000|100%| O|  |TAMS 0x00000000c5f00000, 0x00000000c5e00000| Updating 
|  67|0x00000000c5f00000, 0x00000000c6000000, 0x00000000c6000000|100%| O|  |TAMS 0x00000000c6000000, 0x00000000c5f00000| Updating 
|  68|0x00000000c6000000, 0x00000000c6100000, 0x00000000c6100000|100%| O|  |TAMS 0x00000000c6100000, 0x00000000c6000000| Updating 
|  69|0x00000000c6100000, 0x00000000c6200000, 0x00000000c6200000|100%| O|  |TAMS 0x00000000c6200000, 0x00000000c6100000| Updating 
|  70|0x00000000c6200000, 0x00000000c6300000, 0x00000000c6300000|100%| O|  |TAMS 0x00000000c6300000, 0x00000000c6200000| Updating 
|  71|0x00000000c6300000, 0x00000000c6400000, 0x00000000c6400000|100%| O|  |TAMS 0x00000000c6400000, 0x00000000c6300000| Updating 
|  72|0x00000000c6400000, 0x00000000c6500000, 0x00000000c6500000|100%| O|  |TAMS 0x00000000c6500000, 0x00000000c6400000| Updating 
|  73|0x00000000c6500000, 0x00000000c6600000, 0x00000000c6600000|100%| O|  |TAMS 0x00000000c6600000, 0x00000000c6500000| Updating 
|  74|0x00000000c6600000, 0x00000000c6700000, 0x00000000c6700000|100%| O|  |TAMS 0x00000000c6700000, 0x00000000c6600000| Updating 
|  75|0x00000000c6700000, 0x00000000c6800000, 0x00000000c6800000|100%| O|  |TAMS 0x00000000c6800000, 0x00000000c6700000| Updating 
|  76|0x00000000c6800000, 0x00000000c6900000, 0x00000000c6900000|100%| O|  |TAMS 0x00000000c6900000, 0x00000000c6800000| Updating 
|  77|0x00000000c6900000, 0x00000000c6a00000, 0x00000000c6a00000|100%| O|  |TAMS 0x00000000c6a00000, 0x00000000c6900000| Updating 
|  78|0x00000000c6a00000, 0x00000000c6b00000, 0x00000000c6b00000|100%| O|  |TAMS 0x00000000c6b00000, 0x00000000c6a00000| Updating 
|  79|0x00000000c6b00000, 0x00000000c6c00000, 0x00000000c6c00000|100%| O|  |TAMS 0x00000000c6c00000, 0x00000000c6b00000| Updating 
|  80|0x00000000c6c00000, 0x00000000c6d00000, 0x00000000c6d00000|100%| O|  |TAMS 0x00000000c6d00000, 0x00000000c6c00000| Updating 
|  81|0x00000000c6d00000, 0x00000000c6e00000, 0x00000000c6e00000|100%| O|  |TAMS 0x00000000c6e00000, 0x00000000c6d00000| Updating 
|  82|0x00000000c6e00000, 0x00000000c6f00000, 0x00000000c6f00000|100%| O|  |TAMS 0x00000000c6f00000, 0x00000000c6e00000| Updating 
|  83|0x00000000c6f00000, 0x00000000c7000000, 0x00000000c7000000|100%| O|  |TAMS 0x00000000c7000000, 0x00000000c6f00000| Updating 
|  84|0x00000000c7000000, 0x00000000c7100000, 0x00000000c7100000|100%| O|  |TAMS 0x00000000c7100000, 0x00000000c7000000| Updating 
|  85|0x00000000c7100000, 0x00000000c7200000, 0x00000000c7200000|100%| O|  |TAMS 0x00000000c7200000, 0x00000000c7100000| Updating 
|  86|0x00000000c7200000, 0x00000000c7300000, 0x00000000c7300000|100%| O|  |TAMS 0x00000000c7300000, 0x00000000c7200000| Updating 
|  87|0x00000000c7300000, 0x00000000c7400000, 0x00000000c7400000|100%|HS|  |TAMS 0x00000000c7400000, 0x00000000c7300000| Complete 
|  88|0x00000000c7400000, 0x00000000c7500000, 0x00000000c7500000|100%| O|  |TAMS 0x00000000c7500000, 0x00000000c7400000| Updating 
|  89|0x00000000c7500000, 0x00000000c7600000, 0x00000000c7600000|100%| O|  |TAMS 0x00000000c7600000, 0x00000000c7500000| Updating 
|  90|0x00000000c7600000, 0x00000000c7700000, 0x00000000c7700000|100%| O|  |TAMS 0x00000000c7700000, 0x00000000c7600000| Updating 
|  91|0x00000000c7700000, 0x00000000c7800000, 0x00000000c7800000|100%| O|  |TAMS 0x00000000c7800000, 0x00000000c7700000| Updating 
|  92|0x00000000c7800000, 0x00000000c7900000, 0x00000000c7900000|100%| O|  |TAMS 0x00000000c7900000, 0x00000000c7800000| Updating 
|  93|0x00000000c7900000, 0x00000000c7a00000, 0x00000000c7a00000|100%| O|  |TAMS 0x00000000c7a00000, 0x00000000c7900000| Updating 
|  94|0x00000000c7a00000, 0x00000000c7b00000, 0x00000000c7b00000|100%| O|  |TAMS 0x00000000c7b00000, 0x00000000c7a00000| Updating 
|  95|0x00000000c7b00000, 0x00000000c7c00000, 0x00000000c7c00000|100%| O|  |TAMS 0x00000000c7c00000, 0x00000000c7b00000| Updating 
|  96|0x00000000c7c00000, 0x00000000c7d00000, 0x00000000c7d00000|100%| O|  |TAMS 0x00000000c7d00000, 0x00000000c7c00000| Updating 
|  97|0x00000000c7d00000, 0x00000000c7e00000, 0x00000000c7e00000|100%| O|  |TAMS 0x00000000c7e00000, 0x00000000c7d00000| Updating 
|  98|0x00000000c7e00000, 0x00000000c7f00000, 0x00000000c7f00000|100%| O|  |TAMS 0x00000000c7f00000, 0x00000000c7e00000| Updating 
|  99|0x00000000c7f00000, 0x00000000c8000000, 0x00000000c8000000|100%| O|  |TAMS 0x00000000c8000000, 0x00000000c7f00000| Updating 
| 100|0x00000000c8000000, 0x00000000c8100000, 0x00000000c8100000|100%| O|  |TAMS 0x00000000c8100000, 0x00000000c8000000| Updating 
| 101|0x00000000c8100000, 0x00000000c8200000, 0x00000000c8200000|100%| O|  |TAMS 0x00000000c8200000, 0x00000000c8100000| Updating 
| 102|0x00000000c8200000, 0x00000000c8300000, 0x00000000c8300000|100%| O|  |TAMS 0x00000000c8300000, 0x00000000c8200000| Updating 
| 103|0x00000000c8300000, 0x00000000c8400000, 0x00000000c8400000|100%| O|  |TAMS 0x00000000c8400000, 0x00000000c8300000| Updating 
| 104|0x00000000c8400000, 0x00000000c8500000, 0x00000000c8500000|100%| O|  |TAMS 0x00000000c8500000, 0x00000000c8400000| Updating 
| 105|0x00000000c8500000, 0x00000000c8600000, 0x00000000c8600000|100%| O|  |TAMS 0x00000000c8600000, 0x00000000c8500000| Updating 
| 106|0x00000000c8600000, 0x00000000c8700000, 0x00000000c8700000|100%| O|  |TAMS 0x00000000c8700000, 0x00000000c8600000| Updating 
| 107|0x00000000c8700000, 0x00000000c8800000, 0x00000000c8800000|100%| O|  |TAMS 0x00000000c8800000, 0x00000000c8700000| Updating 
| 108|0x00000000c8800000, 0x00000000c8900000, 0x00000000c8900000|100%| O|  |TAMS 0x00000000c8900000, 0x00000000c8800000| Updating 
| 109|0x00000000c8900000, 0x00000000c8a00000, 0x00000000c8a00000|100%| O|  |TAMS 0x00000000c8a00000, 0x00000000c8900000| Updating 
| 110|0x00000000c8a00000, 0x00000000c8b00000, 0x00000000c8b00000|100%| O|  |TAMS 0x00000000c8b00000, 0x00000000c8a00000| Updating 
| 111|0x00000000c8b00000, 0x00000000c8c00000, 0x00000000c8c00000|100%| O|  |TAMS 0x00000000c8c00000, 0x00000000c8b00000| Updating 
| 112|0x00000000c8c00000, 0x00000000c8d00000, 0x00000000c8d00000|100%| O|  |TAMS 0x00000000c8d00000, 0x00000000c8c00000| Updating 
| 113|0x00000000c8d00000, 0x00000000c8e00000, 0x00000000c8e00000|100%| O|  |TAMS 0x00000000c8e00000, 0x00000000c8d00000| Updating 
| 114|0x00000000c8e00000, 0x00000000c8f00000, 0x00000000c8f00000|100%| O|  |TAMS 0x00000000c8f00000, 0x00000000c8e00000| Updating 
| 115|0x00000000c8f00000, 0x00000000c9000000, 0x00000000c9000000|100%| O|  |TAMS 0x00000000c9000000, 0x00000000c8f00000| Updating 
| 116|0x00000000c9000000, 0x00000000c9100000, 0x00000000c9100000|100%| O|  |TAMS 0x00000000c9100000, 0x00000000c9000000| Updating 
| 117|0x00000000c9100000, 0x00000000c9200000, 0x00000000c9200000|100%| O|  |TAMS 0x00000000c9200000, 0x00000000c9100000| Updating 
| 118|0x00000000c9200000, 0x00000000c9300000, 0x00000000c9300000|100%| O|  |TAMS 0x00000000c9300000, 0x00000000c9200000| Updating 
| 119|0x00000000c9300000, 0x00000000c9400000, 0x00000000c9400000|100%| O|  |TAMS 0x00000000c9400000, 0x00000000c9300000| Updating 
| 120|0x00000000c9400000, 0x00000000c9500000, 0x00000000c9500000|100%| O|  |TAMS 0x00000000c9500000, 0x00000000c9400000| Updating 
| 121|0x00000000c9500000, 0x00000000c9600000, 0x00000000c9600000|100%| O|  |TAMS 0x00000000c9600000, 0x00000000c9500000| Updating 
| 122|0x00000000c9600000, 0x00000000c9700000, 0x00000000c9700000|100%| O|  |TAMS 0x00000000c9700000, 0x00000000c9600000| Updating 
| 123|0x00000000c9700000, 0x00000000c9800000, 0x00000000c9800000|100%| O|  |TAMS 0x00000000c9800000, 0x00000000c9700000| Updating 
| 124|0x00000000c9800000, 0x00000000c9900000, 0x00000000c9900000|100%| O|  |TAMS 0x00000000c9900000, 0x00000000c9800000| Updating 
| 125|0x00000000c9900000, 0x00000000c9a00000, 0x00000000c9a00000|100%| O|  |TAMS 0x00000000c9a00000, 0x00000000c9900000| Updating 
| 126|0x00000000c9a00000, 0x00000000c9b00000, 0x00000000c9b00000|100%| O|  |TAMS 0x00000000c9b00000, 0x00000000c9a00000| Updating 
| 127|0x00000000c9b00000, 0x00000000c9c00000, 0x00000000c9c00000|100%| O|  |TAMS 0x00000000c9c00000, 0x00000000c9b00000| Updating 
| 128|0x00000000c9c00000, 0x00000000c9d00000, 0x00000000c9d00000|100%| O|  |TAMS 0x00000000c9d00000, 0x00000000c9c00000| Updating 
| 129|0x00000000c9d00000, 0x00000000c9e00000, 0x00000000c9e00000|100%| O|  |TAMS 0x00000000c9d00000, 0x00000000c9d00000| Untracked 
| 130|0x00000000c9e00000, 0x00000000c9f00000, 0x00000000c9f00000|100%| O|  |TAMS 0x00000000c9e00000, 0x00000000c9e00000| Untracked 
| 131|0x00000000c9f00000, 0x00000000ca000000, 0x00000000ca000000|100%| O|  |TAMS 0x00000000c9f00000, 0x00000000c9f00000| Untracked 
| 132|0x00000000ca000000, 0x00000000ca100000, 0x00000000ca100000|100%| O|  |TAMS 0x00000000ca000000, 0x00000000ca000000| Untracked 
| 133|0x00000000ca100000, 0x00000000ca200000, 0x00000000ca200000|100%| O|  |TAMS 0x00000000ca100000, 0x00000000ca100000| Untracked 
| 134|0x00000000ca200000, 0x00000000ca300000, 0x00000000ca300000|100%| O|  |TAMS 0x00000000ca200000, 0x00000000ca200000| Untracked 
| 135|0x00000000ca300000, 0x00000000ca380000, 0x00000000ca400000| 50%| O|  |TAMS 0x00000000ca300000, 0x00000000ca300000| Updating 
| 136|0x00000000ca400000, 0x00000000ca400000, 0x00000000ca500000|  0%| F|  |TAMS 0x00000000ca400000, 0x00000000ca400000| Untracked 
| 137|0x00000000ca500000, 0x00000000ca500000, 0x00000000ca600000|  0%| F|  |TAMS 0x00000000ca500000, 0x00000000ca500000| Untracked 
| 138|0x00000000ca600000, 0x00000000ca600000, 0x00000000ca700000|  0%| F|  |TAMS 0x00000000ca600000, 0x00000000ca600000| Untracked 
| 139|0x00000000ca700000, 0x00000000ca700000, 0x00000000ca800000|  0%| F|  |TAMS 0x00000000ca700000, 0x00000000ca700000| Untracked 
| 140|0x00000000ca800000, 0x00000000ca800000, 0x00000000ca900000|  0%| F|  |TAMS 0x00000000ca800000, 0x00000000ca800000| Untracked 
| 141|0x00000000ca900000, 0x00000000ca900000, 0x00000000caa00000|  0%| F|  |TAMS 0x00000000ca900000, 0x00000000ca900000| Untracked 
| 142|0x00000000caa00000, 0x00000000caa00000, 0x00000000cab00000|  0%| F|  |TAMS 0x00000000caa00000, 0x00000000caa00000| Untracked 
| 143|0x00000000cab00000, 0x00000000cab00000, 0x00000000cac00000|  0%| F|  |TAMS 0x00000000cab00000, 0x00000000cab00000| Untracked 
| 144|0x00000000cac00000, 0x00000000cac00000, 0x00000000cad00000|  0%| F|  |TAMS 0x00000000cac00000, 0x00000000cac00000| Untracked 
| 145|0x00000000cad00000, 0x00000000cad00000, 0x00000000cae00000|  0%| F|  |TAMS 0x00000000cad00000, 0x00000000cad00000| Untracked 
| 146|0x00000000cae00000, 0x00000000cae00000, 0x00000000caf00000|  0%| F|  |TAMS 0x00000000cae00000, 0x00000000cae00000| Untracked 
| 147|0x00000000caf00000, 0x00000000caf00000, 0x00000000cb000000|  0%| F|  |TAMS 0x00000000caf00000, 0x00000000caf00000| Untracked 
| 148|0x00000000cb000000, 0x00000000cb000000, 0x00000000cb100000|  0%| F|  |TAMS 0x00000000cb000000, 0x00000000cb000000| Untracked 
| 149|0x00000000cb100000, 0x00000000cb100000, 0x00000000cb200000|  0%| F|  |TAMS 0x00000000cb100000, 0x00000000cb100000| Untracked 
| 150|0x00000000cb200000, 0x00000000cb200000, 0x00000000cb300000|  0%| F|  |TAMS 0x00000000cb200000, 0x00000000cb200000| Untracked 
| 151|0x00000000cb300000, 0x00000000cb300000, 0x00000000cb400000|  0%| F|  |TAMS 0x00000000cb300000, 0x00000000cb300000| Untracked 
| 152|0x00000000cb400000, 0x00000000cb400000, 0x00000000cb500000|  0%| F|  |TAMS 0x00000000cb400000, 0x00000000cb400000| Untracked 
| 153|0x00000000cb500000, 0x00000000cb500000, 0x00000000cb600000|  0%| F|  |TAMS 0x00000000cb500000, 0x00000000cb500000| Untracked 
| 154|0x00000000cb600000, 0x00000000cb600000, 0x00000000cb700000|  0%| F|  |TAMS 0x00000000cb600000, 0x00000000cb600000| Untracked 
| 155|0x00000000cb700000, 0x00000000cb700000, 0x00000000cb800000|  0%| F|  |TAMS 0x00000000cb700000, 0x00000000cb700000| Untracked 
| 156|0x00000000cb800000, 0x00000000cb800000, 0x00000000cb900000|  0%| F|  |TAMS 0x00000000cb800000, 0x00000000cb800000| Untracked 
| 157|0x00000000cb900000, 0x00000000cb900000, 0x00000000cba00000|  0%| F|  |TAMS 0x00000000cb900000, 0x00000000cb900000| Untracked 
| 158|0x00000000cba00000, 0x00000000cba00000, 0x00000000cbb00000|  0%| F|  |TAMS 0x00000000cba00000, 0x00000000cba00000| Untracked 
| 159|0x00000000cbb00000, 0x00000000cbb00000, 0x00000000cbc00000|  0%| F|  |TAMS 0x00000000cbb00000, 0x00000000cbb00000| Untracked 
| 160|0x00000000cbc00000, 0x00000000cbc00000, 0x00000000cbd00000|  0%| F|  |TAMS 0x00000000cbc00000, 0x00000000cbc00000| Untracked 
| 161|0x00000000cbd00000, 0x00000000cbd00000, 0x00000000cbe00000|  0%| F|  |TAMS 0x00000000cbd00000, 0x00000000cbd00000| Untracked 
| 162|0x00000000cbe00000, 0x00000000cbe00000, 0x00000000cbf00000|  0%| F|  |TAMS 0x00000000cbe00000, 0x00000000cbe00000| Untracked 
| 163|0x00000000cbf00000, 0x00000000cbf00000, 0x00000000cc000000|  0%| F|  |TAMS 0x00000000cbf00000, 0x00000000cbf00000| Untracked 
| 164|0x00000000cc000000, 0x00000000cc000000, 0x00000000cc100000|  0%| F|  |TAMS 0x00000000cc000000, 0x00000000cc000000| Untracked 
| 165|0x00000000cc100000, 0x00000000cc100000, 0x00000000cc200000|  0%| F|  |TAMS 0x00000000cc100000, 0x00000000cc100000| Untracked 
| 166|0x00000000cc200000, 0x00000000cc200000, 0x00000000cc300000|  0%| F|  |TAMS 0x00000000cc200000, 0x00000000cc200000| Untracked 
| 167|0x00000000cc300000, 0x00000000cc400000, 0x00000000cc400000|100%| S|CS|TAMS 0x00000000cc300000, 0x00000000cc300000| Complete 
| 168|0x00000000cc400000, 0x00000000cc500000, 0x00000000cc500000|100%| S|CS|TAMS 0x00000000cc400000, 0x00000000cc400000| Complete 
| 169|0x00000000cc500000, 0x00000000cc600000, 0x00000000cc600000|100%| S|CS|TAMS 0x00000000cc500000, 0x00000000cc500000| Complete 
| 170|0x00000000cc600000, 0x00000000cc700000, 0x00000000cc700000|100%| S|CS|TAMS 0x00000000cc600000, 0x00000000cc600000| Complete 
| 171|0x00000000cc700000, 0x00000000cc800000, 0x00000000cc800000|100%| S|CS|TAMS 0x00000000cc700000, 0x00000000cc700000| Complete 
| 172|0x00000000cc800000, 0x00000000cc900000, 0x00000000cc900000|100%| S|CS|TAMS 0x00000000cc800000, 0x00000000cc800000| Complete 
| 173|0x00000000cc900000, 0x00000000cc900000, 0x00000000cca00000|  0%| F|  |TAMS 0x00000000cc900000, 0x00000000cc900000| Untracked 
| 174|0x00000000cca00000, 0x00000000cca00000, 0x00000000ccb00000|  0%| F|  |TAMS 0x00000000cca00000, 0x00000000cca00000| Untracked 
| 175|0x00000000ccb00000, 0x00000000ccb00000, 0x00000000ccc00000|  0%| F|  |TAMS 0x00000000ccb00000, 0x00000000ccb00000| Untracked 
| 176|0x00000000ccc00000, 0x00000000ccc00000, 0x00000000ccd00000|  0%| F|  |TAMS 0x00000000ccc00000, 0x00000000ccc00000| Untracked 
| 177|0x00000000ccd00000, 0x00000000ccd00000, 0x00000000cce00000|  0%| F|  |TAMS 0x00000000ccd00000, 0x00000000ccd00000| Untracked 
| 178|0x00000000cce00000, 0x00000000cce00000, 0x00000000ccf00000|  0%| F|  |TAMS 0x00000000cce00000, 0x00000000cce00000| Untracked 
| 179|0x00000000ccf00000, 0x00000000ccf00000, 0x00000000cd000000|  0%| F|  |TAMS 0x00000000ccf00000, 0x00000000ccf00000| Untracked 
| 180|0x00000000cd000000, 0x00000000cd000000, 0x00000000cd100000|  0%| F|  |TAMS 0x00000000cd000000, 0x00000000cd000000| Untracked 
| 181|0x00000000cd100000, 0x00000000cd100000, 0x00000000cd200000|  0%| F|  |TAMS 0x00000000cd100000, 0x00000000cd100000| Untracked 
| 182|0x00000000cd200000, 0x00000000cd200000, 0x00000000cd300000|  0%| F|  |TAMS 0x00000000cd200000, 0x00000000cd200000| Untracked 
| 183|0x00000000cd300000, 0x00000000cd300000, 0x00000000cd400000|  0%| F|  |TAMS 0x00000000cd300000, 0x00000000cd300000| Untracked 
| 184|0x00000000cd400000, 0x00000000cd400000, 0x00000000cd500000|  0%| F|  |TAMS 0x00000000cd400000, 0x00000000cd400000| Untracked 
| 185|0x00000000cd500000, 0x00000000cd500000, 0x00000000cd600000|  0%| F|  |TAMS 0x00000000cd500000, 0x00000000cd500000| Untracked 
| 186|0x00000000cd600000, 0x00000000cd600000, 0x00000000cd700000|  0%| F|  |TAMS 0x00000000cd600000, 0x00000000cd600000| Untracked 
| 187|0x00000000cd700000, 0x00000000cd700000, 0x00000000cd800000|  0%| F|  |TAMS 0x00000000cd700000, 0x00000000cd700000| Untracked 
| 188|0x00000000cd800000, 0x00000000cd800000, 0x00000000cd900000|  0%| F|  |TAMS 0x00000000cd800000, 0x00000000cd800000| Untracked 
| 189|0x00000000cd900000, 0x00000000cd900000, 0x00000000cda00000|  0%| F|  |TAMS 0x00000000cd900000, 0x00000000cd900000| Untracked 
| 190|0x00000000cda00000, 0x00000000cda00000, 0x00000000cdb00000|  0%| F|  |TAMS 0x00000000cda00000, 0x00000000cda00000| Untracked 
| 191|0x00000000cdb00000, 0x00000000cdb00000, 0x00000000cdc00000|  0%| F|  |TAMS 0x00000000cdb00000, 0x00000000cdb00000| Untracked 
| 192|0x00000000cdc00000, 0x00000000cdc00000, 0x00000000cdd00000|  0%| F|  |TAMS 0x00000000cdc00000, 0x00000000cdc00000| Untracked 
| 193|0x00000000cdd00000, 0x00000000cdd00000, 0x00000000cde00000|  0%| F|  |TAMS 0x00000000cdd00000, 0x00000000cdd00000| Untracked 
| 194|0x00000000cde00000, 0x00000000cde00000, 0x00000000cdf00000|  0%| F|  |TAMS 0x00000000cde00000, 0x00000000cde00000| Untracked 
| 195|0x00000000cdf00000, 0x00000000cdf00000, 0x00000000ce000000|  0%| F|  |TAMS 0x00000000cdf00000, 0x00000000cdf00000| Untracked 
| 196|0x00000000ce000000, 0x00000000ce000000, 0x00000000ce100000|  0%| F|  |TAMS 0x00000000ce000000, 0x00000000ce000000| Untracked 
| 197|0x00000000ce100000, 0x00000000ce100000, 0x00000000ce200000|  0%| F|  |TAMS 0x00000000ce100000, 0x00000000ce100000| Untracked 
| 198|0x00000000ce200000, 0x00000000ce200000, 0x00000000ce300000|  0%| F|  |TAMS 0x00000000ce200000, 0x00000000ce200000| Untracked 
| 199|0x00000000ce300000, 0x00000000ce300000, 0x00000000ce400000|  0%| F|  |TAMS 0x00000000ce300000, 0x00000000ce300000| Untracked 
| 200|0x00000000ce400000, 0x00000000ce400000, 0x00000000ce500000|  0%| F|  |TAMS 0x00000000ce400000, 0x00000000ce400000| Untracked 
| 201|0x00000000ce500000, 0x00000000ce500000, 0x00000000ce600000|  0%| F|  |TAMS 0x00000000ce500000, 0x00000000ce500000| Untracked 
| 202|0x00000000ce600000, 0x00000000ce600000, 0x00000000ce700000|  0%| F|  |TAMS 0x00000000ce600000, 0x00000000ce600000| Untracked 
| 203|0x00000000ce700000, 0x00000000ce700000, 0x00000000ce800000|  0%| F|  |TAMS 0x00000000ce700000, 0x00000000ce700000| Untracked 
| 204|0x00000000ce800000, 0x00000000ce800000, 0x00000000ce900000|  0%| F|  |TAMS 0x00000000ce800000, 0x00000000ce800000| Untracked 
| 205|0x00000000ce900000, 0x00000000ce900000, 0x00000000cea00000|  0%| F|  |TAMS 0x00000000ce900000, 0x00000000ce900000| Untracked 
| 206|0x00000000cea00000, 0x00000000cea00000, 0x00000000ceb00000|  0%| F|  |TAMS 0x00000000cea00000, 0x00000000cea00000| Untracked 
| 207|0x00000000ceb00000, 0x00000000ceb00000, 0x00000000cec00000|  0%| F|  |TAMS 0x00000000ceb00000, 0x00000000ceb00000| Untracked 
| 208|0x00000000cec00000, 0x00000000cec00000, 0x00000000ced00000|  0%| F|  |TAMS 0x00000000cec00000, 0x00000000cec00000| Untracked 
| 209|0x00000000ced00000, 0x00000000ced00000, 0x00000000cee00000|  0%| F|  |TAMS 0x00000000ced00000, 0x00000000ced00000| Untracked 
| 210|0x00000000cee00000, 0x00000000cee00000, 0x00000000cef00000|  0%| F|  |TAMS 0x00000000cee00000, 0x00000000cee00000| Untracked 
| 211|0x00000000cef00000, 0x00000000cef00000, 0x00000000cf000000|  0%| F|  |TAMS 0x00000000cef00000, 0x00000000cef00000| Untracked 
| 212|0x00000000cf000000, 0x00000000cf000000, 0x00000000cf100000|  0%| F|  |TAMS 0x00000000cf000000, 0x00000000cf000000| Untracked 
| 213|0x00000000cf100000, 0x00000000cf1f2330, 0x00000000cf200000| 94%| E|  |TAMS 0x00000000cf100000, 0x00000000cf100000| Complete 

Card table byte_map: [0x0000021572c00000,0x0000021572e00000] _byte_map_base: 0x00000215725f2000

Marking Bits (Prev, Next): (CMBitMap*) 0x000002155a6a8920, (CMBitMap*) 0x000002155a6a8960
 Prev Bits: [0x0000021573000000, 0x0000021573f90000)
 Next Bits: [0x0000021573f90000, 0x0000021574f20000)

Polling page: 0x000002155a760000

Metaspace:

Usage:
  Non-class:      9.13 MB used.
      Class:      1.07 MB used.
       Both:     10.20 MB used.

Virtual space:
  Non-class space:       16.00 MB reserved,       9.25 MB ( 58%) committed,  2 nodes.
      Class space:        1.00 GB reserved,       1.19 MB ( <1%) committed,  1 nodes.
              Both:        1.02 GB reserved,      10.44 MB (  1%) committed. 

Chunk freelists:
   Non-Class:  2.49 MB
       Class:  2.74 MB
        Both:  5.23 MB

MaxMetaspaceSize: 17179869184.00 GB
CompressedClassSpaceSize: 1.00 GB
 - commit_granule_bytes: 65536.
 - commit_granule_words: 8192.
 - virtual_space_node_default_size: 1048576.
 - enlarge_chunks_in_place: 1.
 - new_chunks_are_fully_committed: 0.
 - uncommit_free_chunks: 1.
 - use_allocation_guard: 0.
 - handle_deallocations: 1.


Internal statistics:

num_allocs_failed_limit: 0.
num_arena_births: 132.
num_arena_deaths: 0.
num_vsnodes_births: 3.
num_vsnodes_deaths: 0.
num_space_committed: 167.
num_space_uncommitted: 0.
num_chunks_returned_to_freelist: 0.
num_chunks_taken_from_freelist: 171.
num_chunk_merges: 0.
num_chunk_splits: 98.
num_chunks_enlarged: 44.
num_purges: 0.

CodeHeap 'non-profiled nmethods': size=120064Kb used=3286Kb max_used=3286Kb free=116777Kb
 bounds [0x000002156b0c0000, 0x000002156b400000, 0x0000021572600000]
CodeHeap 'profiled nmethods': size=120000Kb used=6921Kb max_used=6921Kb free=113078Kb
 bounds [0x0000021563b90000, 0x0000021564260000, 0x000002156b0c0000]
CodeHeap 'non-nmethods': size=5696Kb used=1235Kb max_used=1280Kb free=4460Kb
 bounds [0x0000021563600000, 0x0000021563870000, 0x0000021563b90000]
 total_blobs=3984 nmethods=3440 adapters=456
 compilation: enabled
              stopped_count=0, restarted_count=0
 full_count=0

Compilation events (20 events):
Event: 707.658 Thread 0x0000021577271620 3444   !   4       java.util.WeakHashMap::expungeStaleEntries (139 bytes)
Event: 707.680 Thread 0x0000021577271620 nmethod 3444 0x000002156b3f0990 code [0x000002156b3f0b40, 0x000002156b3f14b8]
Event: 709.137 Thread 0x0000021577271620 3445       4       java.util.WeakHashMap::getTable (9 bytes)
Event: 709.162 Thread 0x0000021577271620 nmethod 3445 0x000002156b3f1810 code [0x000002156b3f19c0, 0x000002156b3f2338]
Event: 709.162 Thread 0x0000021577271620 3446       4       java.util.WeakHashMap::maskNull (12 bytes)
Event: 709.163 Thread 0x0000021577271620 nmethod 3446 0x000002156b3f2690 code [0x000002156b3f2800, 0x000002156b3f2878]
Event: 709.226 Thread 0x00000215772dd680 3447       3       java.util.WeakHashMap::get (75 bytes)
Event: 709.227 Thread 0x00000215772dd680 nmethod 3447 0x0000021564251910 code [0x0000021564251b40, 0x0000021564252418]
Event: 712.587 Thread 0x0000021577271620 3448       4       javax.swing.text.StyleContext$SmallAttributeSet::hashCode (32 bytes)
Event: 712.591 Thread 0x0000021577271620 nmethod 3448 0x000002156b3f2990 code [0x000002156b3f2b20, 0x000002156b3f2c98]
Event: 718.873 Thread 0x0000021577271620 3449       4       java.lang.String::checkBoundsOffCount (64 bytes)
Event: 718.874 Thread 0x0000021577271620 nmethod 3449 0x000002156b3f2e10 code [0x000002156b3f2fa0, 0x000002156b3f3058]
Event: 723.692 Thread 0x0000021577271620 3450       4       java.lang.String::<init> (74 bytes)
Event: 723.705 Thread 0x0000021577271620 nmethod 3450 0x000002156b3f3110 code [0x000002156b3f32a0, 0x000002156b3f3858]
Event: 724.472 Thread 0x0000021577271620 3451       4       sun.swing.FilePane::addActionsToMap (78 bytes)
Event: 724.523 Thread 0x0000021577271620 nmethod 3451 0x000002156b3f3990 code [0x000002156b3f3ba0, 0x000002156b3f4878]
Event: 736.483 Thread 0x0000021577271620 3452       4       java.util.WeakHashMap::hash (28 bytes)
Event: 736.490 Thread 0x0000021577271620 nmethod 3452 0x000002156b3f4f90 code [0x000002156b3f5140, 0x000002156b3f5368]
Event: 744.477 Thread 0x0000021577271620 3453       4       java.awt.Container::insets (42 bytes)
Event: 744.479 Thread 0x0000021577271620 nmethod 3453 0x000002156b3f5510 code [0x000002156b3f56a0, 0x000002156b3f5798]

GC Heap History (20 events):
Event: 473.309 GC heap before
{Heap before GC invocations=30 (full 0):
 garbage-first heap   total 138240K, used 102400K [0x00000000c1c00000, 0x0000000100000000)
  region size 1024K, 23 young (23552K), 3 survivors (3072K)
 Metaspace       used 10443K, committed 10688K, reserved 1064960K
  class space    used 1091K, committed 1216K, reserved 1048576K
}
Event: 473.352 GC heap after
{Heap after GC invocations=31 (full 0):
 garbage-first heap   total 138240K, used 87522K [0x00000000c1c00000, 0x0000000100000000)
  region size 1024K, 3 young (3072K), 3 survivors (3072K)
 Metaspace       used 10443K, committed 10688K, reserved 1064960K
  class space    used 1091K, committed 1216K, reserved 1048576K
}
Event: 498.049 GC heap before
{Heap before GC invocations=31 (full 0):
 garbage-first heap   total 138240K, used 101858K [0x00000000c1c00000, 0x0000000100000000)
  region size 1024K, 18 young (18432K), 3 survivors (3072K)
 Metaspace       used 10443K, committed 10688K, reserved 1064960K
  class space    used 1091K, committed 1216K, reserved 1048576K
}
Event: 498.078 GC heap after
{Heap after GC invocations=32 (full 0):
 garbage-first heap   total 138240K, used 92088K [0x00000000c1c00000, 0x0000000100000000)
  region size 1024K, 3 young (3072K), 3 survivors (3072K)
 Metaspace       used 10443K, committed 10688K, reserved 1064960K
  class space    used 1091K, committed 1216K, reserved 1048576K
}
Event: 524.889 GC heap before
{Heap before GC invocations=33 (full 0):
 garbage-first heap   total 157696K, used 112568K [0x00000000c1c00000, 0x0000000100000000)
  region size 1024K, 22 young (22528K), 3 survivors (3072K)
 Metaspace       used 10443K, committed 10688K, reserved 1064960K
  class space    used 1091K, committed 1216K, reserved 1048576K
}
Event: 524.918 GC heap after
{Heap after GC invocations=34 (full 0):
 garbage-first heap   total 157696K, used 98079K [0x00000000c1c00000, 0x0000000100000000)
  region size 1024K, 3 young (3072K), 3 survivors (3072K)
 Metaspace       used 10443K, committed 10688K, reserved 1064960K
  class space    used 1091K, committed 1216K, reserved 1048576K
}
Event: 557.249 GC heap before
{Heap before GC invocations=34 (full 0):
 garbage-first heap   total 157696K, used 124703K [0x00000000c1c00000, 0x0000000100000000)
  region size 1024K, 29 young (29696K), 3 survivors (3072K)
 Metaspace       used 10443K, committed 10688K, reserved 1064960K
  class space    used 1091K, committed 1216K, reserved 1048576K
}
Event: 557.283 GC heap after
{Heap after GC invocations=35 (full 0):
 garbage-first heap   total 157696K, used 104448K [0x00000000c1c00000, 0x0000000100000000)
  region size 1024K, 4 young (4096K), 4 survivors (4096K)
 Metaspace       used 10443K, committed 10688K, reserved 1064960K
  class space    used 1091K, committed 1216K, reserved 1048576K
}
Event: 578.627 GC heap before
{Heap before GC invocations=36 (full 0):
 garbage-first heap   total 176128K, used 125952K [0x00000000c1c00000, 0x0000000100000000)
  region size 1024K, 25 young (25600K), 4 survivors (4096K)
 Metaspace       used 10443K, committed 10688K, reserved 1064960K
  class space    used 1091K, committed 1216K, reserved 1048576K
}
Event: 578.663 GC heap after
{Heap after GC invocations=37 (full 0):
 garbage-first heap   total 176128K, used 109512K [0x00000000c1c00000, 0x0000000100000000)
  region size 1024K, 4 young (4096K), 4 survivors (4096K)
 Metaspace       used 10443K, committed 10688K, reserved 1064960K
  class space    used 1091K, committed 1216K, reserved 1048576K
}
Event: 610.454 GC heap before
{Heap before GC invocations=37 (full 0):
 garbage-first heap   total 176128K, used 139208K [0x00000000c1c00000, 0x0000000100000000)
  region size 1024K, 33 young (33792K), 4 survivors (4096K)
 Metaspace       used 10443K, committed 10688K, reserved 1064960K
  class space    used 1091K, committed 1216K, reserved 1048576K
}
Event: 610.491 GC heap after
{Heap after GC invocations=38 (full 0):
 garbage-first heap   total 176128K, used 116202K [0x00000000c1c00000, 0x0000000100000000)
  region size 1024K, 5 young (5120K), 5 survivors (5120K)
 Metaspace       used 10443K, committed 10688K, reserved 1064960K
  class space    used 1091K, committed 1216K, reserved 1048576K
}
Event: 638.788 GC heap before
{Heap before GC invocations=39 (full 0):
 garbage-first heap   total 196608K, used 141802K [0x00000000c1c00000, 0x0000000100000000)
  region size 1024K, 30 young (30720K), 5 survivors (5120K)
 Metaspace       used 10444K, committed 10688K, reserved 1064960K
  class space    used 1091K, committed 1216K, reserved 1048576K
}
Event: 638.849 GC heap after
{Heap after GC invocations=40 (full 0):
 garbage-first heap   total 196608K, used 122368K [0x00000000c1c00000, 0x0000000100000000)
  region size 1024K, 4 young (4096K), 4 survivors (4096K)
 Metaspace       used 10444K, committed 10688K, reserved 1064960K
  class space    used 1091K, committed 1216K, reserved 1048576K
}
Event: 671.007 GC heap before
{Heap before GC invocations=40 (full 0):
 garbage-first heap   total 196608K, used 155136K [0x00000000c1c00000, 0x0000000100000000)
  region size 1024K, 36 young (36864K), 4 survivors (4096K)
 Metaspace       used 10444K, committed 10688K, reserved 1064960K
  class space    used 1091K, committed 1216K, reserved 1048576K
}
Event: 671.046 GC heap after
{Heap after GC invocations=41 (full 0):
 garbage-first heap   total 196608K, used 130048K [0x00000000c1c00000, 0x0000000100000000)
  region size 1024K, 5 young (5120K), 5 survivors (5120K)
 Metaspace       used 10444K, committed 10688K, reserved 1064960K
  class space    used 1091K, committed 1216K, reserved 1048576K
}
Event: 705.372 GC heap before
{Heap before GC invocations=42 (full 0):
 garbage-first heap   total 219136K, used 158720K [0x00000000c1c00000, 0x0000000100000000)
  region size 1024K, 33 young (33792K), 5 survivors (5120K)
 Metaspace       used 10444K, committed 10688K, reserved 1064960K
  class space    used 1091K, committed 1216K, reserved 1048576K
}
Event: 705.438 GC heap after
{Heap after GC invocations=43 (full 0):
 garbage-first heap   total 219136K, used 137216K [0x00000000c1c00000, 0x0000000100000000)
  region size 1024K, 5 young (5120K), 5 survivors (5120K)
 Metaspace       used 10444K, committed 10688K, reserved 1064960K
  class space    used 1091K, committed 1216K, reserved 1048576K
}
Event: 743.781 GC heap before
{Heap before GC invocations=43 (full 0):
 garbage-first heap   total 219136K, used 174080K [0x00000000c1c00000, 0x0000000100000000)
  region size 1024K, 41 young (41984K), 5 survivors (5120K)
 Metaspace       used 10444K, committed 10688K, reserved 1064960K
  class space    used 1091K, committed 1216K, reserved 1048576K
}
Event: 743.828 GC heap after
{Heap after GC invocations=44 (full 0):
 garbage-first heap   total 219136K, used 144896K [0x00000000c1c00000, 0x0000000100000000)
  region size 1024K, 6 young (6144K), 6 survivors (6144K)
 Metaspace       used 10444K, committed 10688K, reserved 1064960K
  class space    used 1091K, committed 1216K, reserved 1048576K
}

Deoptimization events (20 events):
Event: 705.440 Thread 0x000002155a676640 Uncommon trap: trap_request=0xffffff45 fr.pc=0x000002156b2cbfec relative=0x000000000000112c
Event: 705.440 Thread 0x000002155a676640 Uncommon trap: reason=unstable_if action=reinterpret pc=0x000002156b2cbfec method=java.util.WeakHashMap.matchesKey(Ljava/util/WeakHashMap$Entry;Ljava/lang/Object;)Z @ 16 c2
Event: 705.440 Thread 0x000002155a676640 DEOPT PACKING pc=0x000002156b2cbfec sp=0x000000b8023607a0
Event: 705.440 Thread 0x000002155a676640 DEOPT UNPACKING pc=0x000002156364d729 sp=0x000000b802360700 mode 2
Event: 725.413 Thread 0x000002155a676640 Uncommon trap: trap_request=0xffffffbe fr.pc=0x000002156b3f4508 relative=0x0000000000000968
Event: 725.413 Thread 0x000002155a676640 Uncommon trap: reason=profile_predicate action=maybe_recompile pc=0x000002156b3f4508 method=sun.swing.FilePane.addActionsToMap(Ljavax/swing/ActionMap;[Ljavax/swing/Action;)V @ 19 c2
Event: 725.413 Thread 0x000002155a676640 DEOPT PACKING pc=0x000002156b3f4508 sp=0x000000b80235b1b0
Event: 725.413 Thread 0x000002155a676640 DEOPT UNPACKING pc=0x000002156364d729 sp=0x000000b80235b180 mode 2
Event: 726.183 Thread 0x000002155a676640 Uncommon trap: trap_request=0xffffffbe fr.pc=0x000002156b3f4508 relative=0x0000000000000968
Event: 726.183 Thread 0x000002155a676640 Uncommon trap: reason=profile_predicate action=maybe_recompile pc=0x000002156b3f4508 method=sun.swing.FilePane.addActionsToMap(Ljavax/swing/ActionMap;[Ljavax/swing/Action;)V @ 19 c2
Event: 726.183 Thread 0x000002155a676640 DEOPT PACKING pc=0x000002156b3f4508 sp=0x000000b80235af20
Event: 726.183 Thread 0x000002155a676640 DEOPT UNPACKING pc=0x000002156364d729 sp=0x000000b80235aef0 mode 2
Event: 726.758 Thread 0x000002155a676640 Uncommon trap: trap_request=0xffffffbe fr.pc=0x000002156b3f4508 relative=0x0000000000000968
Event: 726.758 Thread 0x000002155a676640 Uncommon trap: reason=profile_predicate action=maybe_recompile pc=0x000002156b3f4508 method=sun.swing.FilePane.addActionsToMap(Ljavax/swing/ActionMap;[Ljavax/swing/Action;)V @ 19 c2
Event: 726.758 Thread 0x000002155a676640 DEOPT PACKING pc=0x000002156b3f4508 sp=0x000000b80235ac90
Event: 726.758 Thread 0x000002155a676640 DEOPT UNPACKING pc=0x000002156364d729 sp=0x000000b80235ac60 mode 2
Event: 727.165 Thread 0x000002155a676640 Uncommon trap: trap_request=0xffffffbe fr.pc=0x000002156b3f4508 relative=0x0000000000000968
Event: 727.165 Thread 0x000002155a676640 Uncommon trap: reason=profile_predicate action=maybe_recompile pc=0x000002156b3f4508 method=sun.swing.FilePane.addActionsToMap(Ljavax/swing/ActionMap;[Ljavax/swing/Action;)V @ 19 c2
Event: 727.165 Thread 0x000002155a676640 DEOPT PACKING pc=0x000002156b3f4508 sp=0x000000b80235aa00
Event: 727.165 Thread 0x000002155a676640 DEOPT UNPACKING pc=0x000002156364d729 sp=0x000000b80235a9d0 mode 2

Classes unloaded (0 events):
No events

Classes redefined (0 events):
No events

Internal exceptions (20 events):
Event: 0.601 Thread 0x000002155a676640 Exception <a 'java/lang/ClassNotFoundException'{0x00000000c5a00dd0}: sun/awt/resources/spi/awtProvider> (0x00000000c5a00dd0) 
thrown [t:\workspace\open\src\hotspot\share\classfile\systemDictionary.cpp, line 256]
Event: 0.769 Thread 0x000002155a676640 Exception <a 'java/io/FileNotFoundException'{0x00000000c5a5aab0}> (0x00000000c5a5aab0) 
thrown [t:\workspace\open\src\hotspot\share\prims\jni.cpp, line 579]
Event: 0.802 Thread 0x000002155a676640 Exception <a 'java/io/FileNotFoundException'{0x00000000c5a898d8}> (0x00000000c5a898d8) 
thrown [t:\workspace\open\src\hotspot\share\prims\jni.cpp, line 579]
Event: 0.804 Thread 0x000002155a676640 Exception <a 'java/lang/NoSuchMethodError'{0x00000000c5a8ab00}: 'java.lang.Object java.lang.invoke.DirectMethodHandle$Holder.invokeStatic(java.lang.Object)'> (0x00000000c5a8ab00) 
thrown [t:\workspace\open\src\hotspot\share\interpreter\linkResolver.cpp, line 790]
Event: 0.966 Thread 0x000002155a676640 Exception <a 'java/lang/NoSuchMethodError'{0x00000000c5ae08f8}: 'java.lang.Object java.lang.invoke.DirectMethodHandle$Holder.invokeStaticInit(java.lang.Object)'> (0x00000000c5ae08f8) 
thrown [t:\workspace\open\src\hotspot\share\interpreter\linkResolver.cpp, line 790]
Event: 1.115 Thread 0x000002155a676640 Exception <a 'java/lang/NoSuchMethodError'{0x00000000c595be98}: 'java.lang.Object java.lang.invoke.DirectMethodHandle$Holder.newInvokeSpecial(java.lang.Object, java.lang.Object, java.lang.Object, java.lang.Object, java.lang.Object)'> (0x00000000c595be98) 
thrown [t:\workspace\open\src\hotspot\share\interpreter\linkResolver.cpp, line 790]
Event: 1.122 Thread 0x000002155a676640 Exception <a 'java/lang/NoSuchMethodError'{0x00000000c5967bc0}: 'java.lang.Object java.lang.invoke.DirectMethodHandle$Holder.invokeStatic(java.lang.Object, int, java.lang.Object, java.lang.Object, java.lang.Object, java.lang.Object)'> (0x00000000c5967bc0) 
thrown [t:\workspace\open\src\hotspot\share\interpreter\linkResolver.cpp, line 790]
Event: 1.144 Thread 0x000002155a676640 Exception <a 'java/lang/NoSuchMethodError'{0x00000000c598dee0}: 'java.lang.Object java.lang.invoke.DirectMethodHandle$Holder.invokeStatic(java.lang.Object, int, java.lang.Object)'> (0x00000000c598dee0) 
thrown [t:\workspace\open\src\hotspot\share\interpreter\linkResolver.cpp, line 790]
Event: 1.275 Thread 0x000002155a676640 Exception <a 'java/lang/ClassNotFoundException'{0x00000000c58477e0}: com/sun/swing/internal/plaf/metal/resources/spi/metalProvider> (0x00000000c58477e0) 
thrown [t:\workspace\open\src\hotspot\share\classfile\systemDictionary.cpp, line 256]
Event: 1.282 Thread 0x000002155a676640 Exception <a 'java/lang/ClassNotFoundException'{0x00000000c584b878}: com/sun/swing/internal/plaf/basic/resources/spi/basicProvider> (0x00000000c584b878) 
thrown [t:\workspace\open\src\hotspot\share\classfile\systemDictionary.cpp, line 256]
Event: 1.329 Thread 0x000002155a676640 Exception <a 'java/lang/NoSuchMethodError'{0x00000000c586b3e8}: 'void java.lang.invoke.DirectMethodHandle$Holder.invokeStatic(java.lang.Object, java.lang.Object, java.lang.Object)'> (0x00000000c586b3e8) 
thrown [t:\workspace\open\src\hotspot\share\interpreter\linkResolver.cpp, line 790]
Event: 1.331 Thread 0x000002155a676640 Exception <a 'java/lang/NoSuchMethodError'{0x00000000c5871a98}: 'void java.lang.invoke.DirectMethodHandle$Holder.invokeStatic(java.lang.Object, java.lang.Object)'> (0x00000000c5871a98) 
thrown [t:\workspace\open\src\hotspot\share\interpreter\linkResolver.cpp, line 790]
Event: 1.367 Thread 0x0000021578006480 Exception <a 'java/lang/NoSuchMethodError'{0x00000000c58aa290}: 'java.lang.Object java.lang.invoke.DirectMethodHandle$Holder.newInvokeSpecial(java.lang.Object, java.lang.Object, java.lang.Object, int, int, int, int, int)'> (0x00000000c58aa290) 
thrown [t:\workspace\open\src\hotspot\share\interpreter\linkResolver.cpp, line 790]
Event: 2.748 Thread 0x000002155a676640 Exception <a 'java/lang/NoSuchMethodError'{0x00000000c5603dc0}: 'int java.lang.invoke.DirectMethodHandle$Holder.invokeSpecial(java.lang.Object, java.lang.Object, java.lang.Object)'> (0x00000000c5603dc0) 
thrown [t:\workspace\open\src\hotspot\share\interpreter\linkResolver.cpp, line 790]
Event: 190.955 Thread 0x000002155a676640 Implicit null exception at 0x000002156b212fd8 to 0x000002156b215888
Event: 225.648 Thread 0x000002157809ff50 Implicit null exception at 0x000002156b2cf027 to 0x000002156b2cf290
Event: 225.763 Thread 0x0000021579b91430 Implicit null exception at 0x000002156b1749d8 to 0x000002156b174c0e
Event: 227.064 Thread 0x0000021579b91ed0 Implicit null exception at 0x000002156b292708 to 0x000002156b292940
Event: 229.490 Thread 0x0000021579b91430 Implicit null exception at 0x000002156b292e78 to 0x000002156b293110
Event: 705.440 Thread 0x000002155a676640 Implicit null exception at 0x000002156b2cb055 to 0x000002156b2cbfc8

Events (20 events):
Event: 740.814 Thread 0x0000021579b91980 Thread exited: 0x0000021579b91980
Event: 741.160 Thread 0x0000021579b91980 Thread added: 0x0000021579b91980
Event: 741.193 Thread 0x0000021579b91980 Thread exited: 0x0000021579b91980
Event: 741.534 Thread 0x0000021579b91980 Thread added: 0x0000021579b91980
Event: 741.567 Thread 0x0000021579b91980 Thread exited: 0x0000021579b91980
Event: 741.918 Thread 0x0000021579b91980 Thread added: 0x0000021579b91980
Event: 741.944 Thread 0x0000021579b91980 Thread exited: 0x0000021579b91980
Event: 742.308 Thread 0x0000021579b91980 Thread added: 0x0000021579b91980
Event: 742.331 Thread 0x0000021579b91980 Thread exited: 0x0000021579b91980
Event: 742.795 Thread 0x0000021579b91980 Thread added: 0x0000021579b91980
Event: 742.825 Thread 0x0000021579b91980 Thread exited: 0x0000021579b91980
Event: 743.298 Thread 0x0000021579b91ed0 Thread added: 0x0000021579b91ed0
Event: 743.327 Thread 0x0000021579b91ed0 Thread exited: 0x0000021579b91ed0
Event: 743.682 Thread 0x0000021579b91ed0 Thread added: 0x0000021579b91ed0
Event: 743.699 Thread 0x0000021579b91ed0 Thread exited: 0x0000021579b91ed0
Event: 743.781 Executing  VM operation: G1CollectForAllocation
Event: 743.828 Executing  VM operation: G1CollectForAllocation done
Event: 744.484 Thread 0x0000021579b91980 Thread added: 0x0000021579b91980
Event: 744.530 Thread 0x0000021579b91980 Thread exited: 0x0000021579b91980
Event: 744.687 Executing  VM operation: G1Concurrent


Dynamic libraries:
0x00007ff61aae0000 - 0x00007ff61aaf0000 	C:\Program Files\Java\jdk-16.0.2\bin\javaw.exe
0x00007ffe9ef70000 - 0x00007ffe9f165000 	C:\WINDOWS\SYSTEM32\ntdll.dll
0x00007ffe9cfc0000 - 0x00007ffe9d07e000 	C:\WINDOWS\System32\KERNEL32.DLL
0x00007ffe9cb90000 - 0x00007ffe9ce59000 	C:\WINDOWS\System32\KERNELBASE.dll
0x00007ffe9ca90000 - 0x00007ffe9cb90000 	C:\WINDOWS\System32\ucrtbase.dll
0x00007ffe8bce0000 - 0x00007ffe8bcf8000 	C:\Program Files\Java\jdk-16.0.2\bin\jli.dll
0x00007ffe9d1b0000 - 0x00007ffe9d25c000 	C:\WINDOWS\System32\ADVAPI32.dll
0x00007ffe9e600000 - 0x00007ffe9e69e000 	C:\WINDOWS\System32\msvcrt.dll
0x00007ffe9ea40000 - 0x00007ffe9eadb000 	C:\WINDOWS\System32\sechost.dll
0x00007ffe9e760000 - 0x00007ffe9e88a000 	C:\WINDOWS\System32\RPCRT4.dll
0x00007ffe9ec20000 - 0x00007ffe9edc1000 	C:\WINDOWS\System32\USER32.dll
0x00007ffe9c870000 - 0x00007ffe9c892000 	C:\WINDOWS\System32\win32u.dll
0x00007ffe9e730000 - 0x00007ffe9e75b000 	C:\WINDOWS\System32\GDI32.dll
0x00007ffe9c980000 - 0x00007ffe9ca8b000 	C:\WINDOWS\System32\gdi32full.dll
0x00007ffe9c7d0000 - 0x00007ffe9c86d000 	C:\WINDOWS\System32\msvcp_win.dll
0x00007ffe981a0000 - 0x00007ffe981b9000 	C:\Program Files\Java\jdk-16.0.2\bin\VCRUNTIME140.dll
0x00007ffe8ab30000 - 0x00007ffe8adca000 	C:\WINDOWS\WinSxS\amd64_microsoft.windows.common-controls_6595b64144ccf1df_6.0.19041.1110_none_60b5254171f9507e\COMCTL32.dll
0x00007ffe8f790000 - 0x00007ffe8f79a000 	C:\WINDOWS\SYSTEM32\VERSION.dll
0x00007ffe9edd0000 - 0x00007ffe9ee00000 	C:\WINDOWS\System32\IMM32.DLL
0x00007ffe8ba90000 - 0x00007ffe8ba9c000 	C:\Program Files\Java\jdk-16.0.2\bin\vcruntime140_1.dll
0x00007ffe86a40000 - 0x00007ffe86ad1000 	C:\Program Files\Java\jdk-16.0.2\bin\msvcp140.dll
0x00007ffe61ff0000 - 0x00007ffe62b9b000 	C:\Program Files\Java\jdk-16.0.2\bin\server\jvm.dll
0x00007ffe9d130000 - 0x00007ffe9d138000 	C:\WINDOWS\System32\PSAPI.DLL
0x00007ffe8ba80000 - 0x00007ffe8ba89000 	C:\WINDOWS\SYSTEM32\WSOCK32.dll
0x00007ffe9e6c0000 - 0x00007ffe9e72b000 	C:\WINDOWS\System32\WS2_32.dll
0x00007ffe8dd90000 - 0x00007ffe8ddb7000 	C:\WINDOWS\SYSTEM32\WINMM.dll
0x00007ffe9a5b0000 - 0x00007ffe9a5c2000 	C:\WINDOWS\SYSTEM32\kernel.appcore.dll
0x00007ffe8b7b0000 - 0x00007ffe8b7ba000 	C:\Program Files\Java\jdk-16.0.2\bin\jimage.dll
0x00007ffe89020000 - 0x00007ffe89204000 	C:\WINDOWS\SYSTEM32\DBGHELP.DLL
0x00007ffe88ff0000 - 0x00007ffe8901c000 	C:\WINDOWS\SYSTEM32\dbgcore.DLL
0x00007ffe9c8a0000 - 0x00007ffe9c923000 	C:\WINDOWS\System32\bcryptPrimitives.dll
0x00007ffe86a10000 - 0x00007ffe86a35000 	C:\Program Files\Java\jdk-16.0.2\bin\java.dll
0x00007ffe9dd20000 - 0x00007ffe9e45f000 	C:\WINDOWS\System32\SHELL32.dll
0x00007ffe9a7b0000 - 0x00007ffe9af40000 	C:\WINDOWS\SYSTEM32\windows.storage.dll
0x00007ffe9d260000 - 0x00007ffe9d5b5000 	C:\WINDOWS\System32\combase.dll
0x00007ffe9c0b0000 - 0x00007ffe9c0dc000 	C:\WINDOWS\SYSTEM32\Wldp.dll
0x00007ffe9e460000 - 0x00007ffe9e50e000 	C:\WINDOWS\System32\SHCORE.dll
0x00007ffe9d770000 - 0x00007ffe9d7c5000 	C:\WINDOWS\System32\shlwapi.dll
0x00007ffe9c5d0000 - 0x00007ffe9c5ef000 	C:\WINDOWS\SYSTEM32\profapi.dll
0x00007ffe61e70000 - 0x00007ffe61ff0000 	C:\Program Files\Java\jdk-16.0.2\bin\awt.dll
0x00007ffe9d7d0000 - 0x00007ffe9d89d000 	C:\WINDOWS\System32\OLEAUT32.dll
0x00007ffe99f10000 - 0x00007ffe99fa0000 	C:\WINDOWS\SYSTEM32\apphelp.dll
0x00007ffe9a2c0000 - 0x00007ffe9a2ef000 	C:\WINDOWS\system32\DWMAPI.DLL
0x00007ffe9a0d0000 - 0x00007ffe9a16e000 	C:\WINDOWS\system32\uxtheme.dll
0x00007ffe7b020000 - 0x00007ffe7b145000 	C:\WINDOWS\system32\opengl32.dll
0x00007ffe7b360000 - 0x00007ffe7b38c000 	C:\WINDOWS\SYSTEM32\GLU32.dll
0x00007ffe9d5c0000 - 0x00007ffe9d6d5000 	C:\WINDOWS\System32\MSCTF.dll
0x00007ffe9ee00000 - 0x00007ffe9ef2a000 	C:\WINDOWS\System32\ole32.dll
0x00007ffe85ef0000 - 0x00007ffe85fa0000 	C:\WINDOWS\WinSxS\amd64_microsoft.windows.common-controls_6595b64144ccf1df_5.82.19041.1110_none_792d1c772443f647\comctl32.dll
0x00007ffe85fa0000 - 0x00007ffe86029000 	C:\Program Files\Java\jdk-16.0.2\bin\freetype.dll
0x00007ffe70350000 - 0x00007ffe70446000 	C:\Program Files\Java\jdk-16.0.2\bin\harfbuzz.dll
0x00007ffe87720000 - 0x00007ffe87732000 	C:\Program Files\Java\jdk-16.0.2\bin\fontmanager.dll
0x00007ffe869a0000 - 0x00007ffe869b9000 	C:\Program Files\Java\jdk-16.0.2\bin\net.dll
0x00007ffe90f90000 - 0x00007ffe91098000 	C:\WINDOWS\SYSTEM32\WINHTTP.dll
0x00007ffe9bdd0000 - 0x00007ffe9be3a000 	C:\WINDOWS\system32\mswsock.dll
0x00007ffe86980000 - 0x00007ffe86993000 	C:\Program Files\Java\jdk-16.0.2\bin\nio.dll
0x00007ffe9d080000 - 0x00007ffe9d129000 	C:\WINDOWS\System32\clbcatq.dll
0x00007ffe99b70000 - 0x00007ffe99c66000 	C:\WINDOWS\SYSTEM32\PROPSYS.dll
0x00007ffe98200000 - 0x00007ffe98217000 	C:\WINDOWS\system32\NetworkExplorer.dll
0x00007ffe9c930000 - 0x00007ffe9c97e000 	C:\WINDOWS\System32\CFGMGR32.dll
0x00007ffe84cb0000 - 0x00007ffe84ccd000 	C:\WINDOWS\SYSTEM32\MPR.dll
0x00007ffe8e840000 - 0x00007ffe8e84b000 	C:\WINDOWS\System32\drprov.dll
0x00007ffe9b930000 - 0x00007ffe9b98a000 	C:\WINDOWS\System32\WINSTA.dll
0x00007ffe70a70000 - 0x00007ffe70a92000 	C:\WINDOWS\System32\ntlanman.dll
0x00007ffe70a50000 - 0x00007ffe70a6e000 	C:\WINDOWS\System32\davclnt.dll
0x00007ffe8e520000 - 0x00007ffe8e52d000 	C:\WINDOWS\System32\DAVHLPR.dll
0x00007ffe9b810000 - 0x00007ffe9b827000 	C:\WINDOWS\System32\wkscli.dll
0x00007ffe8b290000 - 0x00007ffe8b2a2000 	C:\WINDOWS\SYSTEM32\cscapi.dll
0x00007ffe9bbd0000 - 0x00007ffe9bbdc000 	C:\WINDOWS\System32\netutils.dll
0x00007ffe7c7a0000 - 0x00007ffe7c7f8000 	C:\Windows\System32\dlnashext.dll
0x00007ffe7b900000 - 0x00007ffe7b964000 	C:\Windows\System32\PlayToDevice.dll
0x00007ffe8f8d0000 - 0x00007ffe8f8f0000 	C:\Windows\System32\DevDispItemProvider.dll
0x00007ffe94080000 - 0x00007ffe94105000 	C:\WINDOWS\System32\MMDevApi.dll
0x00007ffe9c070000 - 0x00007ffe9c0a4000 	C:\WINDOWS\System32\DEVOBJ.dll
0x00007ffe74220000 - 0x00007ffe742c3000 	C:\WINDOWS\system32\wpdshext.dll
0x00007ffe6fcc0000 - 0x00007ffe6fe69000 	C:\WINDOWS\WinSxS\amd64_microsoft.windows.gdiplus_6595b64144ccf1df_1.1.19041.1151_none_91a40286cc884949\gdiplus.dll
0x00007ffe96f30000 - 0x00007ffe96fd3000 	C:\Windows\System32\PortableDeviceApi.dll
0x00007ffe9d8a0000 - 0x00007ffe9dd12000 	C:\WINDOWS\System32\SETUPAPI.dll
0x00007ffe9c690000 - 0x00007ffe9c6b7000 	C:\WINDOWS\System32\bcrypt.dll
0x00007ffe9c770000 - 0x00007ffe9c7d0000 	C:\WINDOWS\System32\WINTRUST.dll
0x00007ffe9ce60000 - 0x00007ffe9cfb6000 	C:\WINDOWS\System32\CRYPT32.dll
0x00007ffe9c260000 - 0x00007ffe9c272000 	C:\WINDOWS\System32\MSASN1.dll
0x00007ffe95e30000 - 0x00007ffe95e62000 	C:\Windows\System32\PortableDeviceTypes.dll
0x00007ffe7b250000 - 0x00007ffe7b287000 	C:\Windows\System32\EhStorShell.dll
0x00007ffe821d0000 - 0x00007ffe821f6000 	C:\Windows\System32\EhStorAPI.dll
0x00007ffe99cd0000 - 0x00007ffe99ce4000 	C:\Windows\System32\WTSAPI32.dll
0x00007ffe8d0c0000 - 0x00007ffe8d0cd000 	C:\WINDOWS\SYSTEM32\LINKINFO.dll

dbghelp: loaded successfully - version: 4.0.5 - missing functions: none
symbol engine: initialized successfully - sym options: 0x614 - pdb path: .;C:\Program Files\Java\jdk-16.0.2\bin;C:\WINDOWS\SYSTEM32;C:\WINDOWS\WinSxS\amd64_microsoft.windows.common-controls_6595b64144ccf1df_6.0.19041.1110_none_60b5254171f9507e;C:\Program Files\Java\jdk-16.0.2\bin\server;C:\WINDOWS\WinSxS\amd64_microsoft.windows.common-controls_6595b64144ccf1df_5.82.19041.1110_none_792d1c772443f647;C:\WINDOWS\WinSxS\amd64_microsoft.windows.gdiplus_6595b64144ccf1df_1.1.19041.1151_none_91a40286cc884949

VM Arguments:
jvm_args: -Dfile.encoding=Cp1252 -XX:+ShowCodeDetailsInExceptionMessages 
java_command: tdaproject.Init
java_class_path (initial): C:\Users\GINNA1\Documents\Proyecto_Estructuras\tdaproject\bin
Launcher Type: SUN_STANDARD

[Global flags]
     intx CICompilerCount                          = 2                                         {product} {ergonomic}
     uint ConcGCThreads                            = 1                                         {product} {ergonomic}
     uint G1ConcRefinementThreads                  = 2                                         {product} {ergonomic}
   size_t G1HeapRegionSize                         = 1048576                                   {product} {ergonomic}
    uintx GCDrainStackTargetSize                   = 64                                        {product} {ergonomic}
   size_t InitialHeapSize                          = 67108864                                  {product} {ergonomic}
   size_t MarkStackSize                            = 4194304                                   {product} {ergonomic}
   size_t MaxHeapSize                              = 1044381696                                {product} {ergonomic}
   size_t MaxNewSize                               = 625999872                                 {product} {ergonomic}
   size_t MinHeapDeltaBytes                        = 1048576                                   {product} {ergonomic}
   size_t MinHeapSize                              = 8388608                                   {product} {ergonomic}
    uintx NonNMethodCodeHeapSize                   = 5826188                                {pd product} {ergonomic}
    uintx NonProfiledCodeHeapSize                  = 122916026                              {pd product} {ergonomic}
    uintx ProfiledCodeHeapSize                     = 122916026                              {pd product} {ergonomic}
    uintx ReservedCodeCacheSize                    = 251658240                              {pd product} {ergonomic}
     bool SegmentedCodeCache                       = true                                      {product} {ergonomic}
     bool ShowCodeDetailsInExceptionMessages       = true                                   {manageable} {command line}
   size_t SoftMaxHeapSize                          = 1044381696                             {manageable} {ergonomic}
     bool UseCompressedClassPointers               = true                           {product lp64_product} {ergonomic}
     bool UseCompressedOops                        = true                           {product lp64_product} {ergonomic}
     bool UseG1GC                                  = true                                      {product} {ergonomic}
     bool UseLargePagesIndividualAllocation        = false                                  {pd product} {ergonomic}

Logging:
Log output configuration:
 #0: stdout all=warning uptime,level,tags
 #1: stderr all=off uptime,level,tags

Environment Variables:
JAVA_HOME=C:\Program Files\Java\jdk-16.0.2\bin
PATH=C:\Program Files\Common Files\Oracle\Java\javapath;C:\Program Files (x86)\Common Files\Oracle\Java\javapath;C:\ProgramData\Oracle\Java\javapath;C:\WINDOWS\system32;C:\WINDOWS;C:\WINDOWS\System32\Wbem;C:\WINDOWS\System32\WindowsPowerShell\v1.0\;C:\WINDOWS\System32\OpenSSH\;C:\Program Files\dotnet\;C:\Users\GINNA1\AppData\Roaming\Python\Python39;C:\Program Files\nodejs\;C:\Program Files\Java\jdk-16.0.2\bin;C:\Program Files\Git\cmd;C:\Users\GINNA1\AppData\Local\Microsoft\WindowsApps;C:\Users\GINNA1\.dotnet\tools;C:\Program Files\JetBrains\IntelliJ IDEA Community Edition 2021.1.2\bin;;C:\Users\GINNA1\AppData\Roaming\npm;C:\MinGW\bin;C:\Users\GINNA1\AppData\Local\Programs\Microsoft VS Code\bin
USERNAME=GINNA1
OS=Windows_NT
PROCESSOR_IDENTIFIER=Intel64 Family 6 Model 55 Stepping 8, GenuineIntel



---------------  S Y S T E M  ---------------

OS:
 Windows 10 , 64 bit Build 19041 (10.0.19041.1202)
OS uptime: 0 days 8:53 hours

CPU: total 2 (initial active 2) (2 cores per cpu, 1 threads per core) family 6 model 55 stepping 8 microcode 0x838, cx8, cmov, fxsr, mmx, 3dnowpref, sse, sse2, sse3, ssse3, sse4.1, sse4.2, popcnt, tsc, tscinvbit, erms, clmul, clflush

Memory: 4k page, system-wide physical 3979M (223M free)
TotalPageFile size 3979M (AvailPageFile size 12M)
current process WorkingSet (physical memory assigned to process): 348M, peak: 348M
current process commit charge ("private bytes"): 374M, peak: 399M

vm_info: Java HotSpot(TM) 64-Bit Server VM (16.0.2+7-67) for windows-amd64 JRE (16.0.2+7-67), built on Jun  8 2021 23:24:19 by "mach5one" with MS VC++ 16.7 (VS2019)

END.
