#
# There is insufficient memory for the Java Runtime Environment to continue.
# Native memory allocation (mmap) failed to map 67108864 bytes for G1 virtual space
# Possible reasons:
#   The system is out of physical RAM or swap space
#   The process is running with CompressedOops enabled, and the Java Heap may be blocking the growth of the native heap
# Possible solutions:
#   Reduce memory load on the system
#   Increase physical memory or swap space
#   Check if swap backing store is full
#   Decrease Java heap size (-Xmx/-Xms)
#   Decrease number of Java threads
#   Decrease Java thread stack sizes (-Xss)
#   Set larger code cache with -XX:ReservedCodeCacheSize=
#   JVM is running with Unscaled Compressed Oops mode in which the Java heap is
#     placed in the first 4GB address space. The Java Heap base address is the
#     maximum limit for the native heap growth. Please use -XX:HeapBaseMinAddress
#     to set the Java Heap base and to place the Java Heap above 4GB virtual address.
# This output file may be truncated or incomplete.
#
#  Out of Memory Error (os_windows.cpp:3466), pid=1340, tid=4508
#
# JRE version:  (16.0.2+7) (build )
# Java VM: Java HotSpot(TM) 64-Bit Server VM (16.0.2+7-67, mixed mode, sharing, tiered, compressed oops, compressed class ptrs, g1 gc, windows-amd64)
# No core dump will be written. Minidumps are not enabled by default on client versions of Windows
#

---------------  S U M M A R Y ------------

Command Line: -Dfile.encoding=Cp1252 -XX:+ShowCodeDetailsInExceptionMessages tdaproject.Init

Host: Intel(R) Celeron(R) CPU  J1800  @ 2.41GHz, 2 cores, 3G,  Windows 10 , 64 bit Build 19041 (10.0.19041.1202)
Time: Mon May 30 17:07:14 2022 Hora est. Pacífico, Sudamérica elapsed time: 0.155379 seconds (0d 0h 0m 0s)

---------------  T H R E A D  ---------------

Current thread (0x00000251d3706640):  JavaThread "Unknown thread" [_thread_in_vm, id=4508, stack(0x000000c6c5b00000,0x000000c6c5c00000)]

Stack: [0x000000c6c5b00000,0x000000c6c5c00000]
Native frames: (J=compiled Java code, j=interpreted, Vv=VM code, C=native code)
V  [jvm.dll+0x6681ca]
V  [jvm.dll+0x7c9e69]
V  [jvm.dll+0x7cb61e]
V  [jvm.dll+0x7cbc73]
V  [jvm.dll+0x242c55]
V  [jvm.dll+0x664f89]
V  [jvm.dll+0x659b75]
V  [jvm.dll+0x2fbfbb]
V  [jvm.dll+0x3031b6]
V  [jvm.dll+0x35299e]
V  [jvm.dll+0x352bcf]
V  [jvm.dll+0x2d3028]
V  [jvm.dll+0x2d4264]
V  [jvm.dll+0x79c741]
V  [jvm.dll+0x360791]
V  [jvm.dll+0x77a3f0]
V  [jvm.dll+0x3e4e8f]
V  [jvm.dll+0x3e6961]
C  [jli.dll+0x52fb]
C  [ucrtbase.dll+0x21bb2]
C  [KERNEL32.DLL+0x17034]
C  [ntdll.dll+0x52651]


---------------  P R O C E S S  ---------------

Threads class SMR info:
_java_thread_list=0x00007ffcabaacbb8, length=0, elements={
}

Java Threads: ( => current thread )

Other Threads:
  0x00000251d3736300 GCTaskThread "GC Thread#0" [stack: 0x000000c6c5c00000,0x000000c6c5d00000] [id=5228]
  0x00000251d3740ff0 ConcurrentGCThread "G1 Main Marker" [stack: 0x000000c6c5d00000,0x000000c6c5e00000] [id=6332]
  0x00000251d37422d0 ConcurrentGCThread "G1 Conc#0" [stack: 0x000000c6c5e00000,0x000000c6c5f00000] [id=7036]

[error occurred during error reporting (printing all threads), id 0xc0000005, EXCEPTION_ACCESS_VIOLATION (0xc0000005) at pc=0x00007ffcab283ee7]

VM state: not at safepoint (not fully initialized)

VM Mutex/Monitor currently owned by a thread:  ([mutex/lock_event])
[0x00000251d3703d80] Heap_lock - owner thread: 0x00000251d3706640

Heap address: 0x00000000c1c00000, size: 996 MB, Compressed Oops mode: 32-bit

CDS archive(s) mapped at: [0x0000000000000000-0x0000000000000000-0x0000000000000000), size 0, SharedBaseAddress: 0x0000000800000000, ArchiveRelocationMode: 0.
Narrow klass base: 0x0000000000000000, Narrow klass shift: 0, Narrow klass range: 0x0

GC Precious Log:
<Empty>

Heap:
 garbage-first heap   total 0K, used 0K [0x00000000c1c00000, 0x0000000100000000)
  region size 1024K, 0 young (0K), 0 survivors (0K)

[error occurred during error reporting (printing heap information), id 0xc0000005, EXCEPTION_ACCESS_VIOLATION (0xc0000005) at pc=0x00007ffcab661eed]

GC Heap History (0 events):
No events

Deoptimization events (0 events):
No events

Classes unloaded (0 events):
No events

Classes redefined (0 events):
No events

Internal exceptions (0 events):
No events

Events (1 events):
Event: 0.019 Loaded shared library C:\Program Files\Java\jdk-16.0.2\bin\java.dll


Dynamic libraries:
0x00007ff6be0a0000 - 0x00007ff6be0b0000 	C:\Program Files\Java\jdk-16.0.2\bin\javaw.exe
0x00007ffce8bf0000 - 0x00007ffce8de5000 	C:\WINDOWS\SYSTEM32\ntdll.dll
0x00007ffce7d30000 - 0x00007ffce7dee000 	C:\WINDOWS\System32\KERNEL32.DLL
0x00007ffce6970000 - 0x00007ffce6c39000 	C:\WINDOWS\System32\KERNELBASE.dll
0x00007ffce6650000 - 0x00007ffce6750000 	C:\WINDOWS\System32\ucrtbase.dll
0x00007ffce1e80000 - 0x00007ffce1e98000 	C:\Program Files\Java\jdk-16.0.2\bin\jli.dll
0x00007ffce7810000 - 0x00007ffce78bc000 	C:\WINDOWS\System32\ADVAPI32.dll
0x00007ffce7ad0000 - 0x00007ffce7b6e000 	C:\WINDOWS\System32\msvcrt.dll
0x00007ffce6e80000 - 0x00007ffce6f1b000 	C:\WINDOWS\System32\sechost.dll
0x00007ffce7c00000 - 0x00007ffce7d2a000 	C:\WINDOWS\System32\RPCRT4.dll
0x00007ffce6ca0000 - 0x00007ffce6e41000 	C:\WINDOWS\System32\USER32.dll
0x00007ffce6910000 - 0x00007ffce6932000 	C:\WINDOWS\System32\win32u.dll
0x00007ffce7aa0000 - 0x00007ffce7acb000 	C:\WINDOWS\System32\GDI32.dll
0x00007ffce6800000 - 0x00007ffce690b000 	C:\WINDOWS\System32\gdi32full.dll
0x00007ffce6550000 - 0x00007ffce65ed000 	C:\WINDOWS\System32\msvcp_win.dll
0x00007ffce1e10000 - 0x00007ffce1e29000 	C:\Program Files\Java\jdk-16.0.2\bin\VCRUNTIME140.dll
0x00007ffcd45e0000 - 0x00007ffcd487a000 	C:\WINDOWS\WinSxS\amd64_microsoft.windows.common-controls_6595b64144ccf1df_6.0.19041.1110_none_60b5254171f9507e\COMCTL32.dll
0x00007ffcd98f0000 - 0x00007ffcd98fa000 	C:\WINDOWS\SYSTEM32\VERSION.dll
0x00007ffce6e50000 - 0x00007ffce6e80000 	C:\WINDOWS\System32\IMM32.DLL
0x00007ffce3b90000 - 0x00007ffce3b9c000 	C:\Program Files\Java\jdk-16.0.2\bin\vcruntime140_1.dll
0x00007ffcda410000 - 0x00007ffcda4a1000 	C:\Program Files\Java\jdk-16.0.2\bin\msvcp140.dll
0x00007ffcaafa0000 - 0x00007ffcabb4b000 	C:\Program Files\Java\jdk-16.0.2\bin\server\jvm.dll
0x00007ffce8a70000 - 0x00007ffce8a78000 	C:\WINDOWS\System32\PSAPI.DLL
0x00007ffce3b20000 - 0x00007ffce3b29000 	C:\WINDOWS\SYSTEM32\WSOCK32.dll
0x00007ffce79a0000 - 0x00007ffce7a0b000 	C:\WINDOWS\System32\WS2_32.dll
0x00007ffcdc0a0000 - 0x00007ffcdc0c7000 	C:\WINDOWS\SYSTEM32\WINMM.dll
0x00007ffce4230000 - 0x00007ffce4242000 	C:\WINDOWS\SYSTEM32\kernel.appcore.dll
0x00007ffcdd760000 - 0x00007ffcdd76a000 	C:\Program Files\Java\jdk-16.0.2\bin\jimage.dll
0x00007ffcd2d80000 - 0x00007ffcd2f64000 	C:\WINDOWS\SYSTEM32\DBGHELP.DLL
0x00007ffcd2d50000 - 0x00007ffcd2d7c000 	C:\WINDOWS\SYSTEM32\dbgcore.DLL
0x00007ffce6310000 - 0x00007ffce6393000 	C:\WINDOWS\System32\bcryptPrimitives.dll
0x00007ffcdb740000 - 0x00007ffcdb765000 	C:\Program Files\Java\jdk-16.0.2\bin\java.dll

dbghelp: loaded successfully - version: 4.0.5 - missing functions: none
symbol engine: initialized successfully - sym options: 0x614 - pdb path: .;C:\Program Files\Java\jdk-16.0.2\bin;C:\WINDOWS\SYSTEM32;C:\WINDOWS\WinSxS\amd64_microsoft.windows.common-controls_6595b64144ccf1df_6.0.19041.1110_none_60b5254171f9507e;C:\Program Files\Java\jdk-16.0.2\bin\server

VM Arguments:
jvm_args: -Dfile.encoding=Cp1252 -XX:+ShowCodeDetailsInExceptionMessages 
java_command: tdaproject.Init
java_class_path (initial): C:\Users\GINNA1\Documents\Proyecto_Estructuras\tdaproject\bin
Launcher Type: SUN_STANDARD

[Global flags]
     intx CICompilerCount                          = 2                                         {product} {ergonomic}
     uint ConcGCThreads                            = 1                                         {product} {ergonomic}
     uint G1ConcRefinementThreads                  = 2                                         {product} {ergonomic}
   size_t G1HeapRegionSize                         = 1048576                                   {product} {ergonomic}
    uintx GCDrainStackTargetSize                   = 64                                        {product} {ergonomic}
   size_t InitialHeapSize                          = 67108864                                  {product} {ergonomic}
   size_t MarkStackSize                            = 4194304                                   {product} {ergonomic}
   size_t MaxHeapSize                              = 1044381696                                {product} {ergonomic}
   size_t MinHeapDeltaBytes                        = 1048576                                   {product} {ergonomic}
   size_t MinHeapSize                              = 8388608                                   {product} {ergonomic}
    uintx NonNMethodCodeHeapSize                   = 5826188                                {pd product} {ergonomic}
    uintx NonProfiledCodeHeapSize                  = 122916026                              {pd product} {ergonomic}
    uintx ProfiledCodeHeapSize                     = 122916026                              {pd product} {ergonomic}
    uintx ReservedCodeCacheSize                    = 251658240                              {pd product} {ergonomic}
     bool SegmentedCodeCache                       = true                                      {product} {ergonomic}
     bool ShowCodeDetailsInExceptionMessages       = true                                   {manageable} {command line}
   size_t SoftMaxHeapSize                          = 1044381696                             {manageable} {ergonomic}
     bool UseCompressedClassPointers               = true                           {product lp64_product} {ergonomic}
     bool UseCompressedOops                        = true                           {product lp64_product} {ergonomic}
     bool UseG1GC                                  = true                                      {product} {ergonomic}
     bool UseLargePagesIndividualAllocation        = false                                  {pd product} {ergonomic}

Logging:
Log output configuration:
 #0: stdout all=warning uptime,level,tags
 #1: stderr all=off uptime,level,tags

Environment Variables:
JAVA_HOME=C:\Program Files\Java\jdk-16.0.2\bin
PATH=C:\Program Files\Common Files\Oracle\Java\javapath;C:\Program Files (x86)\Common Files\Oracle\Java\javapath;C:\ProgramData\Oracle\Java\javapath;C:\WINDOWS\system32;C:\WINDOWS;C:\WINDOWS\System32\Wbem;C:\WINDOWS\System32\WindowsPowerShell\v1.0\;C:\WINDOWS\System32\OpenSSH\;C:\Program Files\dotnet\;C:\Users\GINNA1\AppData\Roaming\Python\Python39;C:\Program Files\nodejs\;C:\Program Files\Java\jdk-16.0.2\bin;C:\Program Files\Git\cmd;C:\Users\GINNA1\AppData\Local\Microsoft\WindowsApps;C:\Users\GINNA1\.dotnet\tools;C:\Program Files\JetBrains\IntelliJ IDEA Community Edition 2021.1.2\bin;;C:\Users\GINNA1\AppData\Roaming\npm;C:\MinGW\bin;C:\Users\GINNA1\AppData\Local\Programs\Microsoft VS Code\bin
USERNAME=GINNA1
OS=Windows_NT
PROCESSOR_IDENTIFIER=Intel64 Family 6 Model 55 Stepping 8, GenuineIntel



---------------  S Y S T E M  ---------------

OS:
 Windows 10 , 64 bit Build 19041 (10.0.19041.1202)
OS uptime: 0 days 15:07 hours

CPU: total 2 (initial active 2) (2 cores per cpu, 1 threads per core) family 6 model 55 stepping 8 microcode 0x838, cx8, cmov, fxsr, mmx, 3dnowpref, sse, sse2, sse3, ssse3, sse4.1, sse4.2, popcnt, tsc, tscinvbit, erms, clmul, clflush

Memory: 4k page, system-wide physical 3979M (1225M free)
TotalPageFile size 3979M (AvailPageFile size 54M)
current process WorkingSet (physical memory assigned to process): 9M, peak: 9M
current process commit charge ("private bytes"): 47M, peak: 111M

vm_info: Java HotSpot(TM) 64-Bit Server VM (16.0.2+7-67) for windows-amd64 JRE (16.0.2+7-67), built on Jun  8 2021 23:24:19 by "mach5one" with MS VC++ 16.7 (VS2019)

END.
